[0.319s] Invoking command in '/home/cstar/Documents/brs_ws/ros_ws/build/turtlebot3_fake_node': CMAKE_PREFIX_PATH=/home/cstar/Documents/brs_ws/ros_ws/install/turtlebot3_msgs:/home/cstar/Documents/brs_ws/ros_ws/install/turtlebot3:/home/cstar/Documents/brs_ws/ros_ws/install/turtlebot3_simulations:/home/cstar/Documents/brs_ws/ros_ws/install/turtlebot3_bringup:/home/cstar/Documents/brs_ws/ros_ws/install/turtlebot3_node:/home/cstar/Documents/brs_ws/ros_ws/install/turtlebot3_navigation2:/home/cstar/Documents/brs_ws/ros_ws/install/turtlebot3_fake_node:/home/cstar/Documents/brs_ws/ros_ws/install/turtlebot3_gazebo:/home/cstar/Documents/brs_ws/ros_ws/install/turtlebot3_description:/home/cstar/Documents/brs_ws/ros_ws/install/turtlebot3_cartographer:/home/cstar/Documents/brs_ws/ros_ws/install/dynamixel_sdk_examples:/home/cstar/Documents/brs_ws/ros_ws/install/dynamixel_sdk_custom_interfaces:/home/cstar/Documents/brs_ws/ros_ws/install/dynamixel_sdk:/home/cstar/Documents/brs_ws/ros_ws/install/turtlebot3_teleop:/home/cstar/Documents/brs_ws/ros_ws/install/turtlebot3_example:/opt/ros/humble /usr/bin/cmake --build /home/cstar/Documents/brs_ws/ros_ws/build/turtlebot3_fake_node -- -j16 -l16
[0.355s] [35m[1mConsolidate compiler generated dependencies of target turtlebot3_fake_node[0m
[0.389s] [100%] Built target turtlebot3_fake_node
[0.396s] Invoked command in '/home/cstar/Documents/brs_ws/ros_ws/build/turtlebot3_fake_node' returned '0': CMAKE_PREFIX_PATH=/home/cstar/Documents/brs_ws/ros_ws/install/turtlebot3_msgs:/home/cstar/Documents/brs_ws/ros_ws/install/turtlebot3:/home/cstar/Documents/brs_ws/ros_ws/install/turtlebot3_simulations:/home/cstar/Documents/brs_ws/ros_ws/install/turtlebot3_bringup:/home/cstar/Documents/brs_ws/ros_ws/install/turtlebot3_node:/home/cstar/Documents/brs_ws/ros_ws/install/turtlebot3_navigation2:/home/cstar/Documents/brs_ws/ros_ws/install/turtlebot3_fake_node:/home/cstar/Documents/brs_ws/ros_ws/install/turtlebot3_gazebo:/home/cstar/Documents/brs_ws/ros_ws/install/turtlebot3_description:/home/cstar/Documents/brs_ws/ros_ws/install/turtlebot3_cartographer:/home/cstar/Documents/brs_ws/ros_ws/install/dynamixel_sdk_examples:/home/cstar/Documents/brs_ws/ros_ws/install/dynamixel_sdk_custom_interfaces:/home/cstar/Documents/brs_ws/ros_ws/install/dynamixel_sdk:/home/cstar/Documents/brs_ws/ros_ws/install/turtlebot3_teleop:/home/cstar/Documents/brs_ws/ros_ws/install/turtlebot3_example:/opt/ros/humble /usr/bin/cmake --build /home/cstar/Documents/brs_ws/ros_ws/build/turtlebot3_fake_node -- -j16 -l16
[0.414s] Invoking command in '/home/cstar/Documents/brs_ws/ros_ws/build/turtlebot3_fake_node': CMAKE_PREFIX_PATH=/home/cstar/Documents/brs_ws/ros_ws/install/turtlebot3_msgs:/home/cstar/Documents/brs_ws/ros_ws/install/turtlebot3:/home/cstar/Documents/brs_ws/ros_ws/install/turtlebot3_simulations:/home/cstar/Documents/brs_ws/ros_ws/install/turtlebot3_bringup:/home/cstar/Documents/brs_ws/ros_ws/install/turtlebot3_node:/home/cstar/Documents/brs_ws/ros_ws/install/turtlebot3_navigation2:/home/cstar/Documents/brs_ws/ros_ws/install/turtlebot3_fake_node:/home/cstar/Documents/brs_ws/ros_ws/install/turtlebot3_gazebo:/home/cstar/Documents/brs_ws/ros_ws/install/turtlebot3_description:/home/cstar/Documents/brs_ws/ros_ws/install/turtlebot3_cartographer:/home/cstar/Documents/brs_ws/ros_ws/install/dynamixel_sdk_examples:/home/cstar/Documents/brs_ws/ros_ws/install/dynamixel_sdk_custom_interfaces:/home/cstar/Documents/brs_ws/ros_ws/install/dynamixel_sdk:/home/cstar/Documents/brs_ws/ros_ws/install/turtlebot3_teleop:/home/cstar/Documents/brs_ws/ros_ws/install/turtlebot3_example:/opt/ros/humble /usr/bin/cmake --install /home/cstar/Documents/brs_ws/ros_ws/build/turtlebot3_fake_node
[0.420s] -- Install configuration: ""
[0.464s] -- Up-to-date: /home/cstar/Documents/brs_ws/ros_ws/install/turtlebot3_fake_node/lib/turtlebot3_fake_node/turtlebot3_fake_node
[0.464s] -- Up-to-date: /home/cstar/Documents/brs_ws/ros_ws/install/turtlebot3_fake_node/share/turtlebot3_fake_node/launch
[0.464s] -- Up-to-date: /home/cstar/Documents/brs_ws/ros_ws/install/turtlebot3_fake_node/share/turtlebot3_fake_node/launch/turtlebot3_fake_node.launch.py
[0.464s] -- Up-to-date: /home/cstar/Documents/brs_ws/ros_ws/install/turtlebot3_fake_node/share/turtlebot3_fake_node/launch/rviz2.launch.py
[0.464s] -- Up-to-date: /home/cstar/Documents/brs_ws/ros_ws/install/turtlebot3_fake_node/share/turtlebot3_fake_node/param
[0.464s] -- Up-to-date: /home/cstar/Documents/brs_ws/ros_ws/install/turtlebot3_fake_node/share/turtlebot3_fake_node/param/burger.yaml
[0.464s] -- Up-to-date: /home/cstar/Documents/brs_ws/ros_ws/install/turtlebot3_fake_node/share/turtlebot3_fake_node/param/waffle_pi.yaml
[0.464s] -- Up-to-date: /home/cstar/Documents/brs_ws/ros_ws/install/turtlebot3_fake_node/share/turtlebot3_fake_node/param/waffle.yaml
[0.464s] -- Up-to-date: /home/cstar/Documents/brs_ws/ros_ws/install/turtlebot3_fake_node/include/
[0.464s] -- Up-to-date: /home/cstar/Documents/brs_ws/ros_ws/install/turtlebot3_fake_node/include//turtlebot3_fake_node
[0.464s] -- Up-to-date: /home/cstar/Documents/brs_ws/ros_ws/install/turtlebot3_fake_node/include//turtlebot3_fake_node/turtlebot3_fake_node.hpp
[0.464s] -- Up-to-date: /home/cstar/Documents/brs_ws/ros_ws/install/turtlebot3_fake_node/share/ament_index/resource_index/package_run_dependencies/turtlebot3_fake_node
[0.464s] -- Up-to-date: /home/cstar/Documents/brs_ws/ros_ws/install/turtlebot3_fake_node/share/ament_index/resource_index/parent_prefix_path/turtlebot3_fake_node
[0.464s] -- Up-to-date: /home/cstar/Documents/brs_ws/ros_ws/install/turtlebot3_fake_node/share/turtlebot3_fake_node/environment/ament_prefix_path.sh
[0.464s] -- Up-to-date: /home/cstar/Documents/brs_ws/ros_ws/install/turtlebot3_fake_node/share/turtlebot3_fake_node/environment/ament_prefix_path.dsv
[0.464s] -- Up-to-date: /home/cstar/Documents/brs_ws/ros_ws/install/turtlebot3_fake_node/share/turtlebot3_fake_node/environment/path.sh
[0.465s] -- Up-to-date: /home/cstar/Documents/brs_ws/ros_ws/install/turtlebot3_fake_node/share/turtlebot3_fake_node/environment/path.dsv
[0.465s] -- Up-to-date: /home/cstar/Documents/brs_ws/ros_ws/install/turtlebot3_fake_node/share/turtlebot3_fake_node/local_setup.bash
[0.465s] -- Up-to-date: /home/cstar/Documents/brs_ws/ros_ws/install/turtlebot3_fake_node/share/turtlebot3_fake_node/local_setup.sh
[0.465s] -- Up-to-date: /home/cstar/Documents/brs_ws/ros_ws/install/turtlebot3_fake_node/share/turtlebot3_fake_node/local_setup.zsh
[0.465s] -- Up-to-date: /home/cstar/Documents/brs_ws/ros_ws/install/turtlebot3_fake_node/share/turtlebot3_fake_node/local_setup.dsv
[0.465s] -- Installing: /home/cstar/Documents/brs_ws/ros_ws/install/turtlebot3_fake_node/share/turtlebot3_fake_node/package.dsv
[0.465s] -- Up-to-date: /home/cstar/Documents/brs_ws/ros_ws/install/turtlebot3_fake_node/share/ament_index/resource_index/packages/turtlebot3_fake_node
[0.465s] -- Up-to-date: /home/cstar/Documents/brs_ws/ros_ws/install/turtlebot3_fake_node/share/turtlebot3_fake_node/cmake/ament_cmake_export_include_directories-extras.cmake
[0.465s] -- Up-to-date: /home/cstar/Documents/brs_ws/ros_ws/install/turtlebot3_fake_node/share/turtlebot3_fake_node/cmake/ament_cmake_export_dependencies-extras.cmake
[0.465s] -- Up-to-date: /home/cstar/Documents/brs_ws/ros_ws/install/turtlebot3_fake_node/share/turtlebot3_fake_node/cmake/turtlebot3_fake_nodeConfig.cmake
[0.465s] -- Up-to-date: /home/cstar/Documents/brs_ws/ros_ws/install/turtlebot3_fake_node/share/turtlebot3_fake_node/cmake/turtlebot3_fake_nodeConfig-version.cmake
[0.465s] -- Up-to-date: /home/cstar/Documents/brs_ws/ros_ws/install/turtlebot3_fake_node/share/turtlebot3_fake_node/package.xml
[0.466s] Invoked command in '/home/cstar/Documents/brs_ws/ros_ws/build/turtlebot3_fake_node' returned '0': CMAKE_PREFIX_PATH=/home/cstar/Documents/brs_ws/ros_ws/install/turtlebot3_msgs:/home/cstar/Documents/brs_ws/ros_ws/install/turtlebot3:/home/cstar/Documents/brs_ws/ros_ws/install/turtlebot3_simulations:/home/cstar/Documents/brs_ws/ros_ws/install/turtlebot3_bringup:/home/cstar/Documents/brs_ws/ros_ws/install/turtlebot3_node:/home/cstar/Documents/brs_ws/ros_ws/install/turtlebot3_navigation2:/home/cstar/Documents/brs_ws/ros_ws/install/turtlebot3_fake_node:/home/cstar/Documents/brs_ws/ros_ws/install/turtlebot3_gazebo:/home/cstar/Documents/brs_ws/ros_ws/install/turtlebot3_description:/home/cstar/Documents/brs_ws/ros_ws/install/turtlebot3_cartographer:/home/cstar/Documents/brs_ws/ros_ws/install/dynamixel_sdk_examples:/home/cstar/Documents/brs_ws/ros_ws/install/dynamixel_sdk_custom_interfaces:/home/cstar/Documents/brs_ws/ros_ws/install/dynamixel_sdk:/home/cstar/Documents/brs_ws/ros_ws/install/turtlebot3_teleop:/home/cstar/Documents/brs_ws/ros_ws/install/turtlebot3_example:/opt/ros/humble /usr/bin/cmake --install /home/cstar/Documents/brs_ws/ros_ws/build/turtlebot3_fake_node
