[0.409s] Invoking command in '/home/cstar/Documents/brs_ws/ros_ws/src/turtlebot3/turtlebot3_example': AMENT_PREFIX_PATH=/home/cstar/Documents/brs_ws/ros_ws/install/turtlebot3_msgs:${AMENT_PREFIX_PATH} CMAKE_PREFIX_PATH=/home/cstar/Documents/brs_ws/ros_ws/install/turtlebot3_msgs LD_LIBRARY_PATH=/home/cstar/Documents/brs_ws/ros_ws/install/turtlebot3_msgs/lib:${LD_LIBRARY_PATH} PYTHONPATH=/home/cstar/Documents/brs_ws/ros_ws/build/turtlebot3_example/prefix_override:/usr/lib/python3/dist-packages/colcon_core/task/python/colcon_distutils_commands:/home/cstar/Documents/brs_ws/ros_ws/install/turtlebot3_example/lib/python3.10/site-packages:/home/cstar/Documents/brs_ws/ros_ws/install/turtlebot3_msgs/local/lib/python3.10/dist-packages:${PYTHONPATH} /usr/bin/python3 -W ignore:setup.py install is deprecated setup.py egg_info --egg-base ../../../build/turtlebot3_example build --build-base /home/cstar/Documents/brs_ws/ros_ws/build/turtlebot3_example/build install --record /home/cstar/Documents/brs_ws/ros_ws/build/turtlebot3_example/install.log --single-version-externally-managed install_data
[0.562s] running egg_info
[0.562s] creating ../../../build/turtlebot3_example/turtlebot3_example.egg-info
[0.562s] writing ../../../build/turtlebot3_example/turtlebot3_example.egg-info/PKG-INFO
[0.562s] writing dependency_links to ../../../build/turtlebot3_example/turtlebot3_example.egg-info/dependency_links.txt
[0.563s] writing entry points to ../../../build/turtlebot3_example/turtlebot3_example.egg-info/entry_points.txt
[0.563s] writing requirements to ../../../build/turtlebot3_example/turtlebot3_example.egg-info/requires.txt
[0.563s] writing top-level names to ../../../build/turtlebot3_example/turtlebot3_example.egg-info/top_level.txt
[0.563s] writing manifest file '../../../build/turtlebot3_example/turtlebot3_example.egg-info/SOURCES.txt'
[0.564s] reading manifest file '../../../build/turtlebot3_example/turtlebot3_example.egg-info/SOURCES.txt'
[0.564s] writing manifest file '../../../build/turtlebot3_example/turtlebot3_example.egg-info/SOURCES.txt'
[0.564s] running build
[0.564s] running build_py
[0.564s] creating /home/cstar/Documents/brs_ws/ros_ws/build/turtlebot3_example/build
[0.565s] creating /home/cstar/Documents/brs_ws/ros_ws/build/turtlebot3_example/build/lib
[0.565s] creating /home/cstar/Documents/brs_ws/ros_ws/build/turtlebot3_example/build/lib/turtlebot3_example
[0.565s] copying turtlebot3_example/__init__.py -> /home/cstar/Documents/brs_ws/ros_ws/build/turtlebot3_example/build/lib/turtlebot3_example
[0.565s] creating /home/cstar/Documents/brs_ws/ros_ws/build/turtlebot3_example/build/lib/turtlebot3_example/turtlebot3_obstacle_detection
[0.565s] copying turtlebot3_example/turtlebot3_obstacle_detection/turtlebot3_obstacle_detection.py -> /home/cstar/Documents/brs_ws/ros_ws/build/turtlebot3_example/build/lib/turtlebot3_example/turtlebot3_obstacle_detection
[0.565s] copying turtlebot3_example/turtlebot3_obstacle_detection/__init__.py -> /home/cstar/Documents/brs_ws/ros_ws/build/turtlebot3_example/build/lib/turtlebot3_example/turtlebot3_obstacle_detection
[0.565s] copying turtlebot3_example/turtlebot3_obstacle_detection/main.py -> /home/cstar/Documents/brs_ws/ros_ws/build/turtlebot3_example/build/lib/turtlebot3_example/turtlebot3_obstacle_detection
[0.565s] creating /home/cstar/Documents/brs_ws/ros_ws/build/turtlebot3_example/build/lib/turtlebot3_example/turtlebot3_position_control
[0.565s] copying turtlebot3_example/turtlebot3_position_control/turtlebot3_path.py -> /home/cstar/Documents/brs_ws/ros_ws/build/turtlebot3_example/build/lib/turtlebot3_example/turtlebot3_position_control
[0.565s] copying turtlebot3_example/turtlebot3_position_control/__init__.py -> /home/cstar/Documents/brs_ws/ros_ws/build/turtlebot3_example/build/lib/turtlebot3_example/turtlebot3_position_control
[0.565s] copying turtlebot3_example/turtlebot3_position_control/turtlebot3_position_control.py -> /home/cstar/Documents/brs_ws/ros_ws/build/turtlebot3_example/build/lib/turtlebot3_example/turtlebot3_position_control
[0.565s] copying turtlebot3_example/turtlebot3_position_control/main.py -> /home/cstar/Documents/brs_ws/ros_ws/build/turtlebot3_example/build/lib/turtlebot3_example/turtlebot3_position_control
[0.565s] creating /home/cstar/Documents/brs_ws/ros_ws/build/turtlebot3_example/build/lib/turtlebot3_example/turtlebot3_patrol_server
[0.565s] copying turtlebot3_example/turtlebot3_patrol_server/turtlebot3_path.py -> /home/cstar/Documents/brs_ws/ros_ws/build/turtlebot3_example/build/lib/turtlebot3_example/turtlebot3_patrol_server
[0.565s] copying turtlebot3_example/turtlebot3_patrol_server/turtlebot3_patrol_server.py -> /home/cstar/Documents/brs_ws/ros_ws/build/turtlebot3_example/build/lib/turtlebot3_example/turtlebot3_patrol_server
[0.565s] copying turtlebot3_example/turtlebot3_patrol_server/__init__.py -> /home/cstar/Documents/brs_ws/ros_ws/build/turtlebot3_example/build/lib/turtlebot3_example/turtlebot3_patrol_server
[0.565s] copying turtlebot3_example/turtlebot3_patrol_server/main.py -> /home/cstar/Documents/brs_ws/ros_ws/build/turtlebot3_example/build/lib/turtlebot3_example/turtlebot3_patrol_server
[0.566s] creating /home/cstar/Documents/brs_ws/ros_ws/build/turtlebot3_example/build/lib/turtlebot3_example/turtlebot3_patrol_client
[0.566s] copying turtlebot3_example/turtlebot3_patrol_client/__init__.py -> /home/cstar/Documents/brs_ws/ros_ws/build/turtlebot3_example/build/lib/turtlebot3_example/turtlebot3_patrol_client
[0.566s] copying turtlebot3_example/turtlebot3_patrol_client/main.py -> /home/cstar/Documents/brs_ws/ros_ws/build/turtlebot3_example/build/lib/turtlebot3_example/turtlebot3_patrol_client
[0.566s] copying turtlebot3_example/turtlebot3_patrol_client/turtlebot3_patrol_client.py -> /home/cstar/Documents/brs_ws/ros_ws/build/turtlebot3_example/build/lib/turtlebot3_example/turtlebot3_patrol_client
[0.566s] running install
[0.566s] running install_lib
[0.567s] creating /home/cstar/Documents/brs_ws/ros_ws/install/turtlebot3_example/lib/python3.10/site-packages/turtlebot3_example
[0.567s] creating /home/cstar/Documents/brs_ws/ros_ws/install/turtlebot3_example/lib/python3.10/site-packages/turtlebot3_example/turtlebot3_obstacle_detection
[0.567s] copying /home/cstar/Documents/brs_ws/ros_ws/build/turtlebot3_example/build/lib/turtlebot3_example/turtlebot3_obstacle_detection/turtlebot3_obstacle_detection.py -> /home/cstar/Documents/brs_ws/ros_ws/install/turtlebot3_example/lib/python3.10/site-packages/turtlebot3_example/turtlebot3_obstacle_detection
[0.567s] copying /home/cstar/Documents/brs_ws/ros_ws/build/turtlebot3_example/build/lib/turtlebot3_example/turtlebot3_obstacle_detection/__init__.py -> /home/cstar/Documents/brs_ws/ros_ws/install/turtlebot3_example/lib/python3.10/site-packages/turtlebot3_example/turtlebot3_obstacle_detection
[0.567s] copying /home/cstar/Documents/brs_ws/ros_ws/build/turtlebot3_example/build/lib/turtlebot3_example/turtlebot3_obstacle_detection/main.py -> /home/cstar/Documents/brs_ws/ros_ws/install/turtlebot3_example/lib/python3.10/site-packages/turtlebot3_example/turtlebot3_obstacle_detection
[0.567s] copying /home/cstar/Documents/brs_ws/ros_ws/build/turtlebot3_example/build/lib/turtlebot3_example/__init__.py -> /home/cstar/Documents/brs_ws/ros_ws/install/turtlebot3_example/lib/python3.10/site-packages/turtlebot3_example
[0.567s] creating /home/cstar/Documents/brs_ws/ros_ws/install/turtlebot3_example/lib/python3.10/site-packages/turtlebot3_example/turtlebot3_position_control
[0.567s] copying /home/cstar/Documents/brs_ws/ros_ws/build/turtlebot3_example/build/lib/turtlebot3_example/turtlebot3_position_control/turtlebot3_path.py -> /home/cstar/Documents/brs_ws/ros_ws/install/turtlebot3_example/lib/python3.10/site-packages/turtlebot3_example/turtlebot3_position_control
[0.567s] copying /home/cstar/Documents/brs_ws/ros_ws/build/turtlebot3_example/build/lib/turtlebot3_example/turtlebot3_position_control/__init__.py -> /home/cstar/Documents/brs_ws/ros_ws/install/turtlebot3_example/lib/python3.10/site-packages/turtlebot3_example/turtlebot3_position_control
[0.567s] copying /home/cstar/Documents/brs_ws/ros_ws/build/turtlebot3_example/build/lib/turtlebot3_example/turtlebot3_position_control/turtlebot3_position_control.py -> /home/cstar/Documents/brs_ws/ros_ws/install/turtlebot3_example/lib/python3.10/site-packages/turtlebot3_example/turtlebot3_position_control
[0.567s] copying /home/cstar/Documents/brs_ws/ros_ws/build/turtlebot3_example/build/lib/turtlebot3_example/turtlebot3_position_control/main.py -> /home/cstar/Documents/brs_ws/ros_ws/install/turtlebot3_example/lib/python3.10/site-packages/turtlebot3_example/turtlebot3_position_control
[0.567s] creating /home/cstar/Documents/brs_ws/ros_ws/install/turtlebot3_example/lib/python3.10/site-packages/turtlebot3_example/turtlebot3_patrol_server
[0.567s] copying /home/cstar/Documents/brs_ws/ros_ws/build/turtlebot3_example/build/lib/turtlebot3_example/turtlebot3_patrol_server/turtlebot3_path.py -> /home/cstar/Documents/brs_ws/ros_ws/install/turtlebot3_example/lib/python3.10/site-packages/turtlebot3_example/turtlebot3_patrol_server
[0.567s] copying /home/cstar/Documents/brs_ws/ros_ws/build/turtlebot3_example/build/lib/turtlebot3_example/turtlebot3_patrol_server/turtlebot3_patrol_server.py -> /home/cstar/Documents/brs_ws/ros_ws/install/turtlebot3_example/lib/python3.10/site-packages/turtlebot3_example/turtlebot3_patrol_server
[0.567s] copying /home/cstar/Documents/brs_ws/ros_ws/build/turtlebot3_example/build/lib/turtlebot3_example/turtlebot3_patrol_server/__init__.py -> /home/cstar/Documents/brs_ws/ros_ws/install/turtlebot3_example/lib/python3.10/site-packages/turtlebot3_example/turtlebot3_patrol_server
[0.567s] copying /home/cstar/Documents/brs_ws/ros_ws/build/turtlebot3_example/build/lib/turtlebot3_example/turtlebot3_patrol_server/main.py -> /home/cstar/Documents/brs_ws/ros_ws/install/turtlebot3_example/lib/python3.10/site-packages/turtlebot3_example/turtlebot3_patrol_server
[0.568s] creating /home/cstar/Documents/brs_ws/ros_ws/install/turtlebot3_example/lib/python3.10/site-packages/turtlebot3_example/turtlebot3_patrol_client
[0.568s] copying /home/cstar/Documents/brs_ws/ros_ws/build/turtlebot3_example/build/lib/turtlebot3_example/turtlebot3_patrol_client/__init__.py -> /home/cstar/Documents/brs_ws/ros_ws/install/turtlebot3_example/lib/python3.10/site-packages/turtlebot3_example/turtlebot3_patrol_client
[0.568s] copying /home/cstar/Documents/brs_ws/ros_ws/build/turtlebot3_example/build/lib/turtlebot3_example/turtlebot3_patrol_client/main.py -> /home/cstar/Documents/brs_ws/ros_ws/install/turtlebot3_example/lib/python3.10/site-packages/turtlebot3_example/turtlebot3_patrol_client
[0.568s] copying /home/cstar/Documents/brs_ws/ros_ws/build/turtlebot3_example/build/lib/turtlebot3_example/turtlebot3_patrol_client/turtlebot3_patrol_client.py -> /home/cstar/Documents/brs_ws/ros_ws/install/turtlebot3_example/lib/python3.10/site-packages/turtlebot3_example/turtlebot3_patrol_client
[0.568s] byte-compiling /home/cstar/Documents/brs_ws/ros_ws/install/turtlebot3_example/lib/python3.10/site-packages/turtlebot3_example/turtlebot3_obstacle_detection/turtlebot3_obstacle_detection.py to turtlebot3_obstacle_detection.cpython-310.pyc
[0.568s] byte-compiling /home/cstar/Documents/brs_ws/ros_ws/install/turtlebot3_example/lib/python3.10/site-packages/turtlebot3_example/turtlebot3_obstacle_detection/__init__.py to __init__.cpython-310.pyc
[0.568s] byte-compiling /home/cstar/Documents/brs_ws/ros_ws/install/turtlebot3_example/lib/python3.10/site-packages/turtlebot3_example/turtlebot3_obstacle_detection/main.py to main.cpython-310.pyc
[0.569s] byte-compiling /home/cstar/Documents/brs_ws/ros_ws/install/turtlebot3_example/lib/python3.10/site-packages/turtlebot3_example/__init__.py to __init__.cpython-310.pyc
[0.569s] byte-compiling /home/cstar/Documents/brs_ws/ros_ws/install/turtlebot3_example/lib/python3.10/site-packages/turtlebot3_example/turtlebot3_position_control/turtlebot3_path.py to turtlebot3_path.cpython-310.pyc
[0.569s] byte-compiling /home/cstar/Documents/brs_ws/ros_ws/install/turtlebot3_example/lib/python3.10/site-packages/turtlebot3_example/turtlebot3_position_control/__init__.py to __init__.cpython-310.pyc
[0.569s] byte-compiling /home/cstar/Documents/brs_ws/ros_ws/install/turtlebot3_example/lib/python3.10/site-packages/turtlebot3_example/turtlebot3_position_control/turtlebot3_position_control.py to turtlebot3_position_control.cpython-310.pyc
[0.570s] byte-compiling /home/cstar/Documents/brs_ws/ros_ws/install/turtlebot3_example/lib/python3.10/site-packages/turtlebot3_example/turtlebot3_position_control/main.py to main.cpython-310.pyc
[0.570s] byte-compiling /home/cstar/Documents/brs_ws/ros_ws/install/turtlebot3_example/lib/python3.10/site-packages/turtlebot3_example/turtlebot3_patrol_server/turtlebot3_path.py to turtlebot3_path.cpython-310.pyc
[0.570s] byte-compiling /home/cstar/Documents/brs_ws/ros_ws/install/turtlebot3_example/lib/python3.10/site-packages/turtlebot3_example/turtlebot3_patrol_server/turtlebot3_patrol_server.py to turtlebot3_patrol_server.cpython-310.pyc
[0.570s] byte-compiling /home/cstar/Documents/brs_ws/ros_ws/install/turtlebot3_example/lib/python3.10/site-packages/turtlebot3_example/turtlebot3_patrol_server/__init__.py to __init__.cpython-310.pyc
[0.570s] byte-compiling /home/cstar/Documents/brs_ws/ros_ws/install/turtlebot3_example/lib/python3.10/site-packages/turtlebot3_example/turtlebot3_patrol_server/main.py to main.cpython-310.pyc
[0.570s] byte-compiling /home/cstar/Documents/brs_ws/ros_ws/install/turtlebot3_example/lib/python3.10/site-packages/turtlebot3_example/turtlebot3_patrol_client/__init__.py to __init__.cpython-310.pyc
[0.571s] byte-compiling /home/cstar/Documents/brs_ws/ros_ws/install/turtlebot3_example/lib/python3.10/site-packages/turtlebot3_example/turtlebot3_patrol_client/main.py to main.cpython-310.pyc
[0.571s] byte-compiling /home/cstar/Documents/brs_ws/ros_ws/install/turtlebot3_example/lib/python3.10/site-packages/turtlebot3_example/turtlebot3_patrol_client/turtlebot3_patrol_client.py to turtlebot3_patrol_client.cpython-310.pyc
[0.571s] running install_data
[0.571s] creating /home/cstar/Documents/brs_ws/ros_ws/install/turtlebot3_example/share/ament_index
[0.571s] creating /home/cstar/Documents/brs_ws/ros_ws/install/turtlebot3_example/share/ament_index/resource_index
[0.571s] creating /home/cstar/Documents/brs_ws/ros_ws/install/turtlebot3_example/share/ament_index/resource_index/packages
[0.571s] copying resource/turtlebot3_example -> /home/cstar/Documents/brs_ws/ros_ws/install/turtlebot3_example/share/ament_index/resource_index/packages
[0.571s] copying package.xml -> /home/cstar/Documents/brs_ws/ros_ws/install/turtlebot3_example/share/turtlebot3_example
[0.571s] running install_egg_info
[0.572s] Copying ../../../build/turtlebot3_example/turtlebot3_example.egg-info to /home/cstar/Documents/brs_ws/ros_ws/install/turtlebot3_example/lib/python3.10/site-packages/turtlebot3_example-2.1.5-py3.10.egg-info
[0.573s] running install_scripts
[0.586s] Installing turtlebot3_obstacle_detection script to /home/cstar/Documents/brs_ws/ros_ws/install/turtlebot3_example/lib/turtlebot3_example
[0.586s] Installing turtlebot3_patrol_client script to /home/cstar/Documents/brs_ws/ros_ws/install/turtlebot3_example/lib/turtlebot3_example
[0.586s] Installing turtlebot3_patrol_server script to /home/cstar/Documents/brs_ws/ros_ws/install/turtlebot3_example/lib/turtlebot3_example
[0.586s] Installing turtlebot3_position_control script to /home/cstar/Documents/brs_ws/ros_ws/install/turtlebot3_example/lib/turtlebot3_example
[0.587s] writing list of installed files to '/home/cstar/Documents/brs_ws/ros_ws/build/turtlebot3_example/install.log'
[0.603s] Invoked command in '/home/cstar/Documents/brs_ws/ros_ws/src/turtlebot3/turtlebot3_example' returned '0': AMENT_PREFIX_PATH=/home/cstar/Documents/brs_ws/ros_ws/install/turtlebot3_msgs:${AMENT_PREFIX_PATH} CMAKE_PREFIX_PATH=/home/cstar/Documents/brs_ws/ros_ws/install/turtlebot3_msgs LD_LIBRARY_PATH=/home/cstar/Documents/brs_ws/ros_ws/install/turtlebot3_msgs/lib:${LD_LIBRARY_PATH} PYTHONPATH=/home/cstar/Documents/brs_ws/ros_ws/build/turtlebot3_example/prefix_override:/usr/lib/python3/dist-packages/colcon_core/task/python/colcon_distutils_commands:/home/cstar/Documents/brs_ws/ros_ws/install/turtlebot3_example/lib/python3.10/site-packages:/home/cstar/Documents/brs_ws/ros_ws/install/turtlebot3_msgs/local/lib/python3.10/dist-packages:${PYTHONPATH} /usr/bin/python3 -W ignore:setup.py install is deprecated setup.py egg_info --egg-base ../../../build/turtlebot3_example build --build-base /home/cstar/Documents/brs_ws/ros_ws/build/turtlebot3_example/build install --record /home/cstar/Documents/brs_ws/ros_ws/build/turtlebot3_example/install.log --single-version-externally-managed install_data
