[0.097s] Invoking command in '/home/cstar/Documents/brs_ws/ros_ws/build/turtlebot3_cartographer': CMAKE_PREFIX_PATH=${CMAKE_PREFIX_PATH}:/home/cstar/Documents/brs_ws/ros_ws/install/turtlebot3_teleop:/home/cstar/Documents/brs_ws/ros_ws/install/turtlebot3_example:/opt/ros/humble /usr/bin/cmake --build /home/cstar/Documents/brs_ws/ros_ws/build/turtlebot3_cartographer -- -j16 -l16
[0.388s] Invoked command in '/home/cstar/Documents/brs_ws/ros_ws/build/turtlebot3_cartographer' returned '0': CMAKE_PREFIX_PATH=${CMAKE_PREFIX_PATH}:/home/cstar/Documents/brs_ws/ros_ws/install/turtlebot3_teleop:/home/cstar/Documents/brs_ws/ros_ws/install/turtlebot3_example:/opt/ros/humble /usr/bin/cmake --build /home/cstar/Documents/brs_ws/ros_ws/build/turtlebot3_cartographer -- -j16 -l16
[0.408s] Invoking command in '/home/cstar/Documents/brs_ws/ros_ws/build/turtlebot3_cartographer': CMAKE_PREFIX_PATH=${CMAKE_PREFIX_PATH}:/home/cstar/Documents/brs_ws/ros_ws/install/turtlebot3_teleop:/home/cstar/Documents/brs_ws/ros_ws/install/turtlebot3_example:/opt/ros/humble /usr/bin/cmake --install /home/cstar/Documents/brs_ws/ros_ws/build/turtlebot3_cartographer
[0.458s] -- Install configuration: ""
[0.471s] -- Up-to-date: /home/cstar/Documents/brs_ws/ros_ws/install/turtlebot3_cartographer/share/turtlebot3_cartographer/config
[0.514s] -- Up-to-date: /home/cstar/Documents/brs_ws/ros_ws/install/turtlebot3_cartographer/share/turtlebot3_cartographer/config/turtlebot3_lds_2d.lua
[0.514s] -- Up-to-date: /home/cstar/Documents/brs_ws/ros_ws/install/turtlebot3_cartographer/share/turtlebot3_cartographer/launch
[0.523s] -- Up-to-date: /home/cstar/Documents/brs_ws/ros_ws/install/turtlebot3_cartographer/share/turtlebot3_cartographer/launch/cartographer.launch.py
[0.523s] -- Up-to-date: /home/cstar/Documents/brs_ws/ros_ws/install/turtlebot3_cartographer/share/turtlebot3_cartographer/launch/occupancy_grid.launch.py
[0.523s] -- Up-to-date: /home/cstar/Documents/brs_ws/ros_ws/install/turtlebot3_cartographer/share/turtlebot3_cartographer/rviz
[0.523s] -- Up-to-date: /home/cstar/Documents/brs_ws/ros_ws/install/turtlebot3_cartographer/share/turtlebot3_cartographer/rviz/tb3_cartographer.rviz
[0.523s] -- Up-to-date: /home/cstar/Documents/brs_ws/ros_ws/install/turtlebot3_cartographer/share/ament_index/resource_index/package_run_dependencies/turtlebot3_cartographer
[0.523s] -- Up-to-date: /home/cstar/Documents/brs_ws/ros_ws/install/turtlebot3_cartographer/share/ament_index/resource_index/parent_prefix_path/turtlebot3_cartographer
[0.523s] -- Up-to-date: /home/cstar/Documents/brs_ws/ros_ws/install/turtlebot3_cartographer/share/turtlebot3_cartographer/environment/ament_prefix_path.sh
[0.523s] -- Up-to-date: /home/cstar/Documents/brs_ws/ros_ws/install/turtlebot3_cartographer/share/turtlebot3_cartographer/environment/ament_prefix_path.dsv
[0.523s] -- Up-to-date: /home/cstar/Documents/brs_ws/ros_ws/install/turtlebot3_cartographer/share/turtlebot3_cartographer/environment/path.sh
[0.523s] -- Up-to-date: /home/cstar/Documents/brs_ws/ros_ws/install/turtlebot3_cartographer/share/turtlebot3_cartographer/environment/path.dsv
[0.523s] -- Up-to-date: /home/cstar/Documents/brs_ws/ros_ws/install/turtlebot3_cartographer/share/turtlebot3_cartographer/local_setup.bash
[0.523s] -- Up-to-date: /home/cstar/Documents/brs_ws/ros_ws/install/turtlebot3_cartographer/share/turtlebot3_cartographer/local_setup.sh
[0.523s] -- Up-to-date: /home/cstar/Documents/brs_ws/ros_ws/install/turtlebot3_cartographer/share/turtlebot3_cartographer/local_setup.zsh
[0.523s] -- Up-to-date: /home/cstar/Documents/brs_ws/ros_ws/install/turtlebot3_cartographer/share/turtlebot3_cartographer/local_setup.dsv
[0.523s] -- Up-to-date: /home/cstar/Documents/brs_ws/ros_ws/install/turtlebot3_cartographer/share/turtlebot3_cartographer/package.dsv
[0.523s] -- Up-to-date: /home/cstar/Documents/brs_ws/ros_ws/install/turtlebot3_cartographer/share/ament_index/resource_index/packages/turtlebot3_cartographer
[0.523s] -- Up-to-date: /home/cstar/Documents/brs_ws/ros_ws/install/turtlebot3_cartographer/share/turtlebot3_cartographer/cmake/turtlebot3_cartographerConfig.cmake
[0.524s] -- Up-to-date: /home/cstar/Documents/brs_ws/ros_ws/install/turtlebot3_cartographer/share/turtlebot3_cartographer/cmake/turtlebot3_cartographerConfig-version.cmake
[0.524s] -- Up-to-date: /home/cstar/Documents/brs_ws/ros_ws/install/turtlebot3_cartographer/share/turtlebot3_cartographer/package.xml
[0.880s] Invoked command in '/home/cstar/Documents/brs_ws/ros_ws/build/turtlebot3_cartographer' returned '0': CMAKE_PREFIX_PATH=${CMAKE_PREFIX_PATH}:/home/cstar/Documents/brs_ws/ros_ws/install/turtlebot3_teleop:/home/cstar/Documents/brs_ws/ros_ws/install/turtlebot3_example:/opt/ros/humble /usr/bin/cmake --install /home/cstar/Documents/brs_ws/ros_ws/build/turtlebot3_cartographer
