[0.006s] Invoking command in '/home/cstar/Documents/brs_ws/ros_ws/build/turtlebot3_simulations': AMENT_PREFIX_PATH=/home/cstar/Documents/brs_ws/ros_ws/install/turtlebot3_fake_node:/home/cstar/Documents/brs_ws/ros_ws/install/turtlebot3_msgs:/home/cstar/Documents/brs_ws/ros_ws/install/turtlebot3_gazebo:${AMENT_PREFIX_PATH} CMAKE_PREFIX_PATH=/home/cstar/Documents/brs_ws/ros_ws/install/turtlebot3_fake_node:/home/cstar/Documents/brs_ws/ros_ws/install/turtlebot3_msgs:/home/cstar/Documents/brs_ws/ros_ws/install/turtlebot3_gazebo:/opt/ros/humble LD_LIBRARY_PATH=/home/cstar/Documents/brs_ws/ros_ws/install/turtlebot3_msgs/lib:${LD_LIBRARY_PATH} PYTHONPATH=/home/cstar/Documents/brs_ws/ros_ws/install/turtlebot3_msgs/local/lib/python3.10/dist-packages:${PYTHONPATH} /usr/bin/cmake /home/cstar/Documents/brs_ws/ros_ws/src/turtlebot3_simulations/turtlebot3_simulations -DCMAKE_INSTALL_PREFIX=/home/cstar/Documents/brs_ws/ros_ws/install/turtlebot3_simulations
[0.043s] -- The C compiler identification is GNU 11.4.0
[0.109s] -- The CXX compiler identification is GNU 11.4.0
[0.114s] -- Detecting C compiler ABI info
[0.218s] -- Detecting C compiler ABI info - done
[0.222s] -- Check for working C compiler: /usr/bin/cc - skipped
[0.222s] -- Detecting C compile features
[0.223s] -- Detecting C compile features - done
[0.225s] -- Detecting CXX compiler ABI info
[0.371s] -- Detecting CXX compiler ABI info - done
[0.376s] -- Check for working CXX compiler: /usr/bin/c++ - skipped
[0.376s] -- Detecting CXX compile features
[0.377s] -- Detecting CXX compile features - done
[0.378s] -- Found ament_cmake: 1.3.9 (/opt/ros/humble/share/ament_cmake/cmake)
[0.475s] -- Found Python3: /usr/bin/python3 (found version "3.10.12") found components: Interpreter 
[0.567s] -- Configuring done
[0.569s] -- Generating done
[0.607s] -- Build files have been written to: /home/cstar/Documents/brs_ws/ros_ws/build/turtlebot3_simulations
[0.612s] Invoked command in '/home/cstar/Documents/brs_ws/ros_ws/build/turtlebot3_simulations' returned '0': AMENT_PREFIX_PATH=/home/cstar/Documents/brs_ws/ros_ws/install/turtlebot3_fake_node:/home/cstar/Documents/brs_ws/ros_ws/install/turtlebot3_msgs:/home/cstar/Documents/brs_ws/ros_ws/install/turtlebot3_gazebo:${AMENT_PREFIX_PATH} CMAKE_PREFIX_PATH=/home/cstar/Documents/brs_ws/ros_ws/install/turtlebot3_fake_node:/home/cstar/Documents/brs_ws/ros_ws/install/turtlebot3_msgs:/home/cstar/Documents/brs_ws/ros_ws/install/turtlebot3_gazebo:/opt/ros/humble LD_LIBRARY_PATH=/home/cstar/Documents/brs_ws/ros_ws/install/turtlebot3_msgs/lib:${LD_LIBRARY_PATH} PYTHONPATH=/home/cstar/Documents/brs_ws/ros_ws/install/turtlebot3_msgs/local/lib/python3.10/dist-packages:${PYTHONPATH} /usr/bin/cmake /home/cstar/Documents/brs_ws/ros_ws/src/turtlebot3_simulations/turtlebot3_simulations -DCMAKE_INSTALL_PREFIX=/home/cstar/Documents/brs_ws/ros_ws/install/turtlebot3_simulations
[0.613s] Invoking command in '/home/cstar/Documents/brs_ws/ros_ws/build/turtlebot3_simulations': AMENT_PREFIX_PATH=/home/cstar/Documents/brs_ws/ros_ws/install/turtlebot3_fake_node:/home/cstar/Documents/brs_ws/ros_ws/install/turtlebot3_msgs:/home/cstar/Documents/brs_ws/ros_ws/install/turtlebot3_gazebo:${AMENT_PREFIX_PATH} CMAKE_PREFIX_PATH=/home/cstar/Documents/brs_ws/ros_ws/install/turtlebot3_fake_node:/home/cstar/Documents/brs_ws/ros_ws/install/turtlebot3_msgs:/home/cstar/Documents/brs_ws/ros_ws/install/turtlebot3_gazebo:/opt/ros/humble LD_LIBRARY_PATH=/home/cstar/Documents/brs_ws/ros_ws/install/turtlebot3_msgs/lib:${LD_LIBRARY_PATH} PYTHONPATH=/home/cstar/Documents/brs_ws/ros_ws/install/turtlebot3_msgs/local/lib/python3.10/dist-packages:${PYTHONPATH} /usr/bin/cmake --build /home/cstar/Documents/brs_ws/ros_ws/build/turtlebot3_simulations -- -j16 -l16
[0.641s] Invoked command in '/home/cstar/Documents/brs_ws/ros_ws/build/turtlebot3_simulations' returned '0': AMENT_PREFIX_PATH=/home/cstar/Documents/brs_ws/ros_ws/install/turtlebot3_fake_node:/home/cstar/Documents/brs_ws/ros_ws/install/turtlebot3_msgs:/home/cstar/Documents/brs_ws/ros_ws/install/turtlebot3_gazebo:${AMENT_PREFIX_PATH} CMAKE_PREFIX_PATH=/home/cstar/Documents/brs_ws/ros_ws/install/turtlebot3_fake_node:/home/cstar/Documents/brs_ws/ros_ws/install/turtlebot3_msgs:/home/cstar/Documents/brs_ws/ros_ws/install/turtlebot3_gazebo:/opt/ros/humble LD_LIBRARY_PATH=/home/cstar/Documents/brs_ws/ros_ws/install/turtlebot3_msgs/lib:${LD_LIBRARY_PATH} PYTHONPATH=/home/cstar/Documents/brs_ws/ros_ws/install/turtlebot3_msgs/local/lib/python3.10/dist-packages:${PYTHONPATH} /usr/bin/cmake --build /home/cstar/Documents/brs_ws/ros_ws/build/turtlebot3_simulations -- -j16 -l16
[0.656s] Invoking command in '/home/cstar/Documents/brs_ws/ros_ws/build/turtlebot3_simulations': AMENT_PREFIX_PATH=/home/cstar/Documents/brs_ws/ros_ws/install/turtlebot3_fake_node:/home/cstar/Documents/brs_ws/ros_ws/install/turtlebot3_msgs:/home/cstar/Documents/brs_ws/ros_ws/install/turtlebot3_gazebo:${AMENT_PREFIX_PATH} CMAKE_PREFIX_PATH=/home/cstar/Documents/brs_ws/ros_ws/install/turtlebot3_fake_node:/home/cstar/Documents/brs_ws/ros_ws/install/turtlebot3_msgs:/home/cstar/Documents/brs_ws/ros_ws/install/turtlebot3_gazebo:/opt/ros/humble LD_LIBRARY_PATH=/home/cstar/Documents/brs_ws/ros_ws/install/turtlebot3_msgs/lib:${LD_LIBRARY_PATH} PYTHONPATH=/home/cstar/Documents/brs_ws/ros_ws/install/turtlebot3_msgs/local/lib/python3.10/dist-packages:${PYTHONPATH} /usr/bin/cmake --install /home/cstar/Documents/brs_ws/ros_ws/build/turtlebot3_simulations
[0.662s] -- Install configuration: ""
[0.662s] -- Installing: /home/cstar/Documents/brs_ws/ros_ws/install/turtlebot3_simulations/share/ament_index/resource_index/package_run_dependencies/turtlebot3_simulations
[0.662s] -- Installing: /home/cstar/Documents/brs_ws/ros_ws/install/turtlebot3_simulations/share/ament_index/resource_index/parent_prefix_path/turtlebot3_simulations
[0.662s] -- Installing: /home/cstar/Documents/brs_ws/ros_ws/install/turtlebot3_simulations/share/turtlebot3_simulations/environment/ament_prefix_path.sh
[0.662s] -- Installing: /home/cstar/Documents/brs_ws/ros_ws/install/turtlebot3_simulations/share/turtlebot3_simulations/environment/ament_prefix_path.dsv
[0.662s] -- Installing: /home/cstar/Documents/brs_ws/ros_ws/install/turtlebot3_simulations/share/turtlebot3_simulations/environment/path.sh
[0.662s] -- Installing: /home/cstar/Documents/brs_ws/ros_ws/install/turtlebot3_simulations/share/turtlebot3_simulations/environment/path.dsv
[0.662s] -- Installing: /home/cstar/Documents/brs_ws/ros_ws/install/turtlebot3_simulations/share/turtlebot3_simulations/local_setup.bash
[0.662s] -- Installing: /home/cstar/Documents/brs_ws/ros_ws/install/turtlebot3_simulations/share/turtlebot3_simulations/local_setup.sh
[0.662s] -- Installing: /home/cstar/Documents/brs_ws/ros_ws/install/turtlebot3_simulations/share/turtlebot3_simulations/local_setup.zsh
[0.663s] -- Installing: /home/cstar/Documents/brs_ws/ros_ws/install/turtlebot3_simulations/share/turtlebot3_simulations/local_setup.dsv
[0.663s] -- Installing: /home/cstar/Documents/brs_ws/ros_ws/install/turtlebot3_simulations/share/turtlebot3_simulations/package.dsv
[0.663s] -- Installing: /home/cstar/Documents/brs_ws/ros_ws/install/turtlebot3_simulations/share/ament_index/resource_index/packages/turtlebot3_simulations
[0.663s] -- Installing: /home/cstar/Documents/brs_ws/ros_ws/install/turtlebot3_simulations/share/turtlebot3_simulations/cmake/turtlebot3_simulationsConfig.cmake
[0.663s] -- Installing: /home/cstar/Documents/brs_ws/ros_ws/install/turtlebot3_simulations/share/turtlebot3_simulations/cmake/turtlebot3_simulationsConfig-version.cmake
[0.663s] -- Installing: /home/cstar/Documents/brs_ws/ros_ws/install/turtlebot3_simulations/share/turtlebot3_simulations/package.xml
[0.664s] Invoked command in '/home/cstar/Documents/brs_ws/ros_ws/build/turtlebot3_simulations' returned '0': AMENT_PREFIX_PATH=/home/cstar/Documents/brs_ws/ros_ws/install/turtlebot3_fake_node:/home/cstar/Documents/brs_ws/ros_ws/install/turtlebot3_msgs:/home/cstar/Documents/brs_ws/ros_ws/install/turtlebot3_gazebo:${AMENT_PREFIX_PATH} CMAKE_PREFIX_PATH=/home/cstar/Documents/brs_ws/ros_ws/install/turtlebot3_fake_node:/home/cstar/Documents/brs_ws/ros_ws/install/turtlebot3_msgs:/home/cstar/Documents/brs_ws/ros_ws/install/turtlebot3_gazebo:/opt/ros/humble LD_LIBRARY_PATH=/home/cstar/Documents/brs_ws/ros_ws/install/turtlebot3_msgs/lib:${LD_LIBRARY_PATH} PYTHONPATH=/home/cstar/Documents/brs_ws/ros_ws/install/turtlebot3_msgs/local/lib/python3.10/dist-packages:${PYTHONPATH} /usr/bin/cmake --install /home/cstar/Documents/brs_ws/ros_ws/build/turtlebot3_simulations
