[0.552s] Invoking command in '/home/cstar/Documents/brs_ws/ros_ws/src/turtlebot3/turtlebot3_example': CMAKE_PREFIX_PATH=/home/cstar/Documents/brs_ws/ros_ws/install/turtlebot3_msgs:/home/cstar/Documents/brs_ws/ros_ws/install/turtlebot3:/home/cstar/Documents/brs_ws/ros_ws/install/turtlebot3_simulations:/home/cstar/Documents/brs_ws/ros_ws/install/turtlebot3_bringup:/home/cstar/Documents/brs_ws/ros_ws/install/turtlebot3_node:/home/cstar/Documents/brs_ws/ros_ws/install/turtlebot3_navigation2:/home/cstar/Documents/brs_ws/ros_ws/install/turtlebot3_fake_node:/home/cstar/Documents/brs_ws/ros_ws/install/turtlebot3_gazebo:/home/cstar/Documents/brs_ws/ros_ws/install/turtlebot3_description:/home/cstar/Documents/brs_ws/ros_ws/install/turtlebot3_cartographer:/home/cstar/Documents/brs_ws/ros_ws/install/dynamixel_sdk_examples:/home/cstar/Documents/brs_ws/ros_ws/install/dynamixel_sdk_custom_interfaces:/home/cstar/Documents/brs_ws/ros_ws/install/dynamixel_sdk PYTHONPATH=/home/cstar/Documents/brs_ws/ros_ws/build/turtlebot3_example/prefix_override:/usr/lib/python3/dist-packages/colcon_core/task/python/colcon_distutils_commands:/home/cstar/Documents/brs_ws/ros_ws/install/turtlebot3_example/lib/python3.10/site-packages:${PYTHONPATH} /usr/bin/python3 -W ignore:setup.py install is deprecated setup.py egg_info --egg-base ../../../build/turtlebot3_example build --build-base /home/cstar/Documents/brs_ws/ros_ws/build/turtlebot3_example/build install --record /home/cstar/Documents/brs_ws/ros_ws/build/turtlebot3_example/install.log --single-version-externally-managed install_data
[0.708s] running egg_info
[0.708s] writing ../../../build/turtlebot3_example/turtlebot3_example.egg-info/PKG-INFO
[0.708s] writing dependency_links to ../../../build/turtlebot3_example/turtlebot3_example.egg-info/dependency_links.txt
[0.708s] writing entry points to ../../../build/turtlebot3_example/turtlebot3_example.egg-info/entry_points.txt
[0.709s] writing requirements to ../../../build/turtlebot3_example/turtlebot3_example.egg-info/requires.txt
[0.709s] writing top-level names to ../../../build/turtlebot3_example/turtlebot3_example.egg-info/top_level.txt
[0.710s] reading manifest file '../../../build/turtlebot3_example/turtlebot3_example.egg-info/SOURCES.txt'
[0.720s] writing manifest file '../../../build/turtlebot3_example/turtlebot3_example.egg-info/SOURCES.txt'
[0.720s] running build
[0.720s] running build_py
[0.720s] running install
[0.720s] running install_lib
[0.721s] running install_data
[0.721s] running install_egg_info
[0.722s] removing '/home/cstar/Documents/brs_ws/ros_ws/install/turtlebot3_example/lib/python3.10/site-packages/turtlebot3_example-2.1.5-py3.10.egg-info' (and everything under it)
[0.722s] Copying ../../../build/turtlebot3_example/turtlebot3_example.egg-info to /home/cstar/Documents/brs_ws/ros_ws/install/turtlebot3_example/lib/python3.10/site-packages/turtlebot3_example-2.1.5-py3.10.egg-info
[0.723s] running install_scripts
[0.735s] Installing turtlebot3_obstacle_detection script to /home/cstar/Documents/brs_ws/ros_ws/install/turtlebot3_example/lib/turtlebot3_example
[0.735s] Installing turtlebot3_patrol_client script to /home/cstar/Documents/brs_ws/ros_ws/install/turtlebot3_example/lib/turtlebot3_example
[0.736s] Installing turtlebot3_patrol_server script to /home/cstar/Documents/brs_ws/ros_ws/install/turtlebot3_example/lib/turtlebot3_example
[0.736s] Installing turtlebot3_position_control script to /home/cstar/Documents/brs_ws/ros_ws/install/turtlebot3_example/lib/turtlebot3_example
[0.736s] writing list of installed files to '/home/cstar/Documents/brs_ws/ros_ws/build/turtlebot3_example/install.log'
[0.750s] Invoked command in '/home/cstar/Documents/brs_ws/ros_ws/src/turtlebot3/turtlebot3_example' returned '0': CMAKE_PREFIX_PATH=/home/cstar/Documents/brs_ws/ros_ws/install/turtlebot3_msgs:/home/cstar/Documents/brs_ws/ros_ws/install/turtlebot3:/home/cstar/Documents/brs_ws/ros_ws/install/turtlebot3_simulations:/home/cstar/Documents/brs_ws/ros_ws/install/turtlebot3_bringup:/home/cstar/Documents/brs_ws/ros_ws/install/turtlebot3_node:/home/cstar/Documents/brs_ws/ros_ws/install/turtlebot3_navigation2:/home/cstar/Documents/brs_ws/ros_ws/install/turtlebot3_fake_node:/home/cstar/Documents/brs_ws/ros_ws/install/turtlebot3_gazebo:/home/cstar/Documents/brs_ws/ros_ws/install/turtlebot3_description:/home/cstar/Documents/brs_ws/ros_ws/install/turtlebot3_cartographer:/home/cstar/Documents/brs_ws/ros_ws/install/dynamixel_sdk_examples:/home/cstar/Documents/brs_ws/ros_ws/install/dynamixel_sdk_custom_interfaces:/home/cstar/Documents/brs_ws/ros_ws/install/dynamixel_sdk PYTHONPATH=/home/cstar/Documents/brs_ws/ros_ws/build/turtlebot3_example/prefix_override:/usr/lib/python3/dist-packages/colcon_core/task/python/colcon_distutils_commands:/home/cstar/Documents/brs_ws/ros_ws/install/turtlebot3_example/lib/python3.10/site-packages:${PYTHONPATH} /usr/bin/python3 -W ignore:setup.py install is deprecated setup.py egg_info --egg-base ../../../build/turtlebot3_example build --build-base /home/cstar/Documents/brs_ws/ros_ws/build/turtlebot3_example/build install --record /home/cstar/Documents/brs_ws/ros_ws/build/turtlebot3_example/install.log --single-version-externally-managed install_data
