[0.332s] Invoking command in '/home/cstar/Documents/brs_ws/ros_ws/build/cpp': CMAKE_PREFIX_PATH=${CMAKE_PREFIX_PATH}:/home/cstar/Documents/brs_ws/ros_ws/install/turtlebot3_teleop:/home/cstar/Documents/brs_ws/ros_ws/install/turtlebot3_example:/opt/ros/humble /usr/bin/cmake /home/cstar/Documents/brs_ws/ros_ws/src/cpp -DCMAKE_INSTALL_PREFIX=/home/cstar/Documents/brs_ws/ros_ws/install/cpp
[2.938s] -- The C compiler identification is GNU 11.4.0
[3.572s] -- The CXX compiler identification is GNU 11.4.0
[3.587s] -- Detecting C compiler ABI info
[3.737s] -- Detecting C compiler ABI info - done
[3.745s] -- Check for working C compiler: /usr/bin/cc - skipped
[3.759s] -- Detecting C compile features
[3.773s] -- Detecting C compile features - done
[3.777s] -- Detecting CXX compiler ABI info
[3.916s] -- Detecting CXX compiler ABI info - done
[3.921s] -- Check for working CXX compiler: /usr/bin/c++ - skipped
[3.921s] -- Detecting CXX compile features
[3.921s] -- Detecting CXX compile features - done
[3.955s] -- Found ament_cmake: 1.3.9 (/opt/ros/humble/share/ament_cmake/cmake)
[4.163s] -- Found Python3: /usr/bin/python3 (found version "3.10.12") found components: Interpreter 
[4.522s] -- Found rclcpp: 16.0.9 (/opt/ros/humble/share/rclcpp/cmake)
[4.695s] -- Found rosidl_generator_c: 3.1.5 (/opt/ros/humble/share/rosidl_generator_c/cmake)
[4.763s] -- Found rosidl_adapter: 3.1.5 (/opt/ros/humble/share/rosidl_adapter/cmake)
[4.795s] -- Found rosidl_generator_cpp: 3.1.5 (/opt/ros/humble/share/rosidl_generator_cpp/cmake)
[4.852s] -- Using all available rosidl_typesupport_c: rosidl_typesupport_fastrtps_c;rosidl_typesupport_introspection_c
[4.905s] -- Using all available rosidl_typesupport_cpp: rosidl_typesupport_fastrtps_cpp;rosidl_typesupport_introspection_cpp
[5.154s] -- Found rmw_implementation_cmake: 6.1.2 (/opt/ros/humble/share/rmw_implementation_cmake/cmake)
[5.164s] -- Found rmw_fastrtps_cpp: 6.2.6 (/opt/ros/humble/share/rmw_fastrtps_cpp/cmake)
[5.469s] -- Found OpenSSL: /usr/lib/x86_64-linux-gnu/libcrypto.so (found version "3.0.2")  
[5.493s] -- Found FastRTPS: /opt/ros/humble/include  
[5.531s] -- Using RMW implementation 'rmw_fastrtps_cpp' as default
[5.614s] -- Looking for pthread.h
[5.788s] -- Looking for pthread.h - found
[5.788s] -- Performing Test CMAKE_HAVE_LIBC_PTHREAD
[5.867s] -- Performing Test CMAKE_HAVE_LIBC_PTHREAD - Success
[5.868s] -- Found Threads: TRUE  
[6.067s] -- Found ament_lint_auto: 0.12.11 (/opt/ros/humble/share/ament_lint_auto/cmake)
[6.453s] -- Added test 'lint_cmake' to check CMake code style
[6.454s] -- Added test 'xmllint' to check XML markup files
[6.455s] -- Configuring done
[6.457s] -- Generating done
[6.458s] -- Build files have been written to: /home/cstar/Documents/brs_ws/ros_ws/build/cpp
[6.464s] Invoked command in '/home/cstar/Documents/brs_ws/ros_ws/build/cpp' returned '0': CMAKE_PREFIX_PATH=${CMAKE_PREFIX_PATH}:/home/cstar/Documents/brs_ws/ros_ws/install/turtlebot3_teleop:/home/cstar/Documents/brs_ws/ros_ws/install/turtlebot3_example:/opt/ros/humble /usr/bin/cmake /home/cstar/Documents/brs_ws/ros_ws/src/cpp -DCMAKE_INSTALL_PREFIX=/home/cstar/Documents/brs_ws/ros_ws/install/cpp
[6.465s] Invoking command in '/home/cstar/Documents/brs_ws/ros_ws/build/cpp': CMAKE_PREFIX_PATH=${CMAKE_PREFIX_PATH}:/home/cstar/Documents/brs_ws/ros_ws/install/turtlebot3_teleop:/home/cstar/Documents/brs_ws/ros_ws/install/turtlebot3_example:/opt/ros/humble /usr/bin/cmake --build /home/cstar/Documents/brs_ws/ros_ws/build/cpp -- -j16 -l16
[6.489s] Invoked command in '/home/cstar/Documents/brs_ws/ros_ws/build/cpp' returned '0': CMAKE_PREFIX_PATH=${CMAKE_PREFIX_PATH}:/home/cstar/Documents/brs_ws/ros_ws/install/turtlebot3_teleop:/home/cstar/Documents/brs_ws/ros_ws/install/turtlebot3_example:/opt/ros/humble /usr/bin/cmake --build /home/cstar/Documents/brs_ws/ros_ws/build/cpp -- -j16 -l16
[6.505s] Invoking command in '/home/cstar/Documents/brs_ws/ros_ws/build/cpp': CMAKE_PREFIX_PATH=${CMAKE_PREFIX_PATH}:/home/cstar/Documents/brs_ws/ros_ws/install/turtlebot3_teleop:/home/cstar/Documents/brs_ws/ros_ws/install/turtlebot3_example:/opt/ros/humble /usr/bin/cmake --install /home/cstar/Documents/brs_ws/ros_ws/build/cpp
[6.510s] -- Install configuration: ""
[6.510s] -- Installing: /home/cstar/Documents/brs_ws/ros_ws/install/cpp/share/ament_index/resource_index/package_run_dependencies/cpp
[6.510s] -- Installing: /home/cstar/Documents/brs_ws/ros_ws/install/cpp/share/ament_index/resource_index/parent_prefix_path/cpp
[6.510s] -- Installing: /home/cstar/Documents/brs_ws/ros_ws/install/cpp/share/cpp/environment/ament_prefix_path.sh
[6.510s] -- Installing: /home/cstar/Documents/brs_ws/ros_ws/install/cpp/share/cpp/environment/ament_prefix_path.dsv
[6.510s] -- Installing: /home/cstar/Documents/brs_ws/ros_ws/install/cpp/share/cpp/environment/path.sh
[6.510s] -- Installing: /home/cstar/Documents/brs_ws/ros_ws/install/cpp/share/cpp/environment/path.dsv
[6.510s] -- Installing: /home/cstar/Documents/brs_ws/ros_ws/install/cpp/share/cpp/local_setup.bash
[6.510s] -- Installing: /home/cstar/Documents/brs_ws/ros_ws/install/cpp/share/cpp/local_setup.sh
[6.511s] -- Installing: /home/cstar/Documents/brs_ws/ros_ws/install/cpp/share/cpp/local_setup.zsh
[6.511s] -- Installing: /home/cstar/Documents/brs_ws/ros_ws/install/cpp/share/cpp/local_setup.dsv
[6.511s] -- Installing: /home/cstar/Documents/brs_ws/ros_ws/install/cpp/share/cpp/package.dsv
[6.511s] -- Installing: /home/cstar/Documents/brs_ws/ros_ws/install/cpp/share/ament_index/resource_index/packages/cpp
[6.511s] -- Installing: /home/cstar/Documents/brs_ws/ros_ws/install/cpp/share/cpp/cmake/cppConfig.cmake
[6.511s] -- Installing: /home/cstar/Documents/brs_ws/ros_ws/install/cpp/share/cpp/cmake/cppConfig-version.cmake
[6.511s] -- Installing: /home/cstar/Documents/brs_ws/ros_ws/install/cpp/share/cpp/package.xml
[6.512s] Invoked command in '/home/cstar/Documents/brs_ws/ros_ws/build/cpp' returned '0': CMAKE_PREFIX_PATH=${CMAKE_PREFIX_PATH}:/home/cstar/Documents/brs_ws/ros_ws/install/turtlebot3_teleop:/home/cstar/Documents/brs_ws/ros_ws/install/turtlebot3_example:/opt/ros/humble /usr/bin/cmake --install /home/cstar/Documents/brs_ws/ros_ws/build/cpp
