[0.190s] Invoking command in '/home/cstar/Documents/brs_ws/ros_ws/build/turtlebot3_fake_node': AMENT_PREFIX_PATH=/home/cstar/Documents/brs_ws/ros_ws/install/turtlebot3_msgs:${AMENT_PREFIX_PATH} CMAKE_PREFIX_PATH=/home/cstar/Documents/brs_ws/ros_ws/install/turtlebot3_msgs:/opt/ros/humble LD_LIBRARY_PATH=/home/cstar/Documents/brs_ws/ros_ws/install/turtlebot3_msgs/lib:${LD_LIBRARY_PATH} PYTHONPATH=/home/cstar/Documents/brs_ws/ros_ws/install/turtlebot3_msgs/local/lib/python3.10/dist-packages:${PYTHONPATH} /usr/bin/cmake /home/cstar/Documents/brs_ws/ros_ws/src/turtlebot3_simulations/turtlebot3_fake_node -DCMAKE_INSTALL_PREFIX=/home/cstar/Documents/brs_ws/ros_ws/install/turtlebot3_fake_node
[0.222s] -- The C compiler identification is GNU 11.4.0
[0.258s] -- The CXX compiler identification is GNU 11.4.0
[0.262s] -- Detecting C compiler ABI info
[0.314s] -- Detecting C compiler ABI info - done
[0.318s] -- Check for working C compiler: /usr/bin/cc - skipped
[0.318s] -- Detecting C compile features
[0.319s] -- Detecting C compile features - done
[0.321s] -- Detecting CXX compiler ABI info
[0.378s] -- Detecting CXX compiler ABI info - done
[0.383s] -- Check for working CXX compiler: /usr/bin/c++ - skipped
[0.384s] -- Detecting CXX compile features
[0.384s] -- Detecting CXX compile features - done
[0.385s] -- Found ament_cmake: 1.3.9 (/opt/ros/humble/share/ament_cmake/cmake)
[0.486s] -- Found Python3: /usr/bin/python3 (found version "3.10.12") found components: Interpreter 
[0.540s] -- Found geometry_msgs: 4.2.4 (/opt/ros/humble/share/geometry_msgs/cmake)
[0.563s] -- Found rosidl_generator_c: 3.1.5 (/opt/ros/humble/share/rosidl_generator_c/cmake)
[0.566s] -- Found rosidl_adapter: 3.1.5 (/opt/ros/humble/share/rosidl_adapter/cmake)
[0.572s] -- Found rosidl_generator_cpp: 3.1.5 (/opt/ros/humble/share/rosidl_generator_cpp/cmake)
[0.580s] -- Using all available rosidl_typesupport_c: rosidl_typesupport_fastrtps_c;rosidl_typesupport_introspection_c
[0.592s] -- Using all available rosidl_typesupport_cpp: rosidl_typesupport_fastrtps_cpp;rosidl_typesupport_introspection_cpp
[0.667s] -- Found nav_msgs: 4.2.4 (/opt/ros/humble/share/nav_msgs/cmake)
[0.721s] -- Found rclcpp: 16.0.9 (/opt/ros/humble/share/rclcpp/cmake)
[0.758s] -- Found rmw_implementation_cmake: 6.1.2 (/opt/ros/humble/share/rmw_implementation_cmake/cmake)
[0.759s] -- Found rmw_fastrtps_cpp: 6.2.6 (/opt/ros/humble/share/rmw_fastrtps_cpp/cmake)
[0.820s] -- Found OpenSSL: /usr/lib/x86_64-linux-gnu/libcrypto.so (found version "3.0.2")  
[0.838s] -- Found FastRTPS: /opt/ros/humble/include  
[0.870s] -- Using RMW implementation 'rmw_fastrtps_cpp' as default
[0.876s] -- Looking for pthread.h
[0.920s] -- Looking for pthread.h - found
[0.920s] -- Performing Test CMAKE_HAVE_LIBC_PTHREAD
[0.967s] -- Performing Test CMAKE_HAVE_LIBC_PTHREAD - Success
[0.968s] -- Found Threads: TRUE  
[1.048s] -- Found sensor_msgs: 4.2.4 (/opt/ros/humble/share/sensor_msgs/cmake)
[1.104s] -- Found tf2: 0.25.7 (/opt/ros/humble/share/tf2/cmake)
[1.162s] -- Found tf2_msgs: 0.25.7 (/opt/ros/humble/share/tf2_msgs/cmake)
[1.280s] -- Found turtlebot3_msgs: 2.2.3 (/home/cstar/Documents/brs_ws/ros_ws/install/turtlebot3_msgs/share/turtlebot3_msgs/cmake)
[1.374s] -- Configuring done
[1.382s] -- Generating done
[1.383s] -- Build files have been written to: /home/cstar/Documents/brs_ws/ros_ws/build/turtlebot3_fake_node
[1.391s] Invoked command in '/home/cstar/Documents/brs_ws/ros_ws/build/turtlebot3_fake_node' returned '0': AMENT_PREFIX_PATH=/home/cstar/Documents/brs_ws/ros_ws/install/turtlebot3_msgs:${AMENT_PREFIX_PATH} CMAKE_PREFIX_PATH=/home/cstar/Documents/brs_ws/ros_ws/install/turtlebot3_msgs:/opt/ros/humble LD_LIBRARY_PATH=/home/cstar/Documents/brs_ws/ros_ws/install/turtlebot3_msgs/lib:${LD_LIBRARY_PATH} PYTHONPATH=/home/cstar/Documents/brs_ws/ros_ws/install/turtlebot3_msgs/local/lib/python3.10/dist-packages:${PYTHONPATH} /usr/bin/cmake /home/cstar/Documents/brs_ws/ros_ws/src/turtlebot3_simulations/turtlebot3_fake_node -DCMAKE_INSTALL_PREFIX=/home/cstar/Documents/brs_ws/ros_ws/install/turtlebot3_fake_node
[1.392s] Invoking command in '/home/cstar/Documents/brs_ws/ros_ws/build/turtlebot3_fake_node': AMENT_PREFIX_PATH=/home/cstar/Documents/brs_ws/ros_ws/install/turtlebot3_msgs:${AMENT_PREFIX_PATH} CMAKE_PREFIX_PATH=/home/cstar/Documents/brs_ws/ros_ws/install/turtlebot3_msgs:/opt/ros/humble LD_LIBRARY_PATH=/home/cstar/Documents/brs_ws/ros_ws/install/turtlebot3_msgs/lib:${LD_LIBRARY_PATH} PYTHONPATH=/home/cstar/Documents/brs_ws/ros_ws/install/turtlebot3_msgs/local/lib/python3.10/dist-packages:${PYTHONPATH} /usr/bin/cmake --build /home/cstar/Documents/brs_ws/ros_ws/build/turtlebot3_fake_node -- -j16 -l16
[1.426s] [ 50%] [32mBuilding CXX object CMakeFiles/turtlebot3_fake_node.dir/src/turtlebot3_fake_node.cpp.o[0m
[11.679s] [100%] [32m[1mLinking CXX executable turtlebot3_fake_node[0m
[13.889s] [100%] Built target turtlebot3_fake_node
[13.911s] Invoked command in '/home/cstar/Documents/brs_ws/ros_ws/build/turtlebot3_fake_node' returned '0': AMENT_PREFIX_PATH=/home/cstar/Documents/brs_ws/ros_ws/install/turtlebot3_msgs:${AMENT_PREFIX_PATH} CMAKE_PREFIX_PATH=/home/cstar/Documents/brs_ws/ros_ws/install/turtlebot3_msgs:/opt/ros/humble LD_LIBRARY_PATH=/home/cstar/Documents/brs_ws/ros_ws/install/turtlebot3_msgs/lib:${LD_LIBRARY_PATH} PYTHONPATH=/home/cstar/Documents/brs_ws/ros_ws/install/turtlebot3_msgs/local/lib/python3.10/dist-packages:${PYTHONPATH} /usr/bin/cmake --build /home/cstar/Documents/brs_ws/ros_ws/build/turtlebot3_fake_node -- -j16 -l16
[13.932s] Invoking command in '/home/cstar/Documents/brs_ws/ros_ws/build/turtlebot3_fake_node': AMENT_PREFIX_PATH=/home/cstar/Documents/brs_ws/ros_ws/install/turtlebot3_msgs:${AMENT_PREFIX_PATH} CMAKE_PREFIX_PATH=/home/cstar/Documents/brs_ws/ros_ws/install/turtlebot3_msgs:/opt/ros/humble LD_LIBRARY_PATH=/home/cstar/Documents/brs_ws/ros_ws/install/turtlebot3_msgs/lib:${LD_LIBRARY_PATH} PYTHONPATH=/home/cstar/Documents/brs_ws/ros_ws/install/turtlebot3_msgs/local/lib/python3.10/dist-packages:${PYTHONPATH} /usr/bin/cmake --install /home/cstar/Documents/brs_ws/ros_ws/build/turtlebot3_fake_node
[13.939s] -- Install configuration: ""
[13.939s] -- Installing: /home/cstar/Documents/brs_ws/ros_ws/install/turtlebot3_fake_node/lib/turtlebot3_fake_node/turtlebot3_fake_node
[13.943s] -- Set runtime path of "/home/cstar/Documents/brs_ws/ros_ws/install/turtlebot3_fake_node/lib/turtlebot3_fake_node/turtlebot3_fake_node" to ""
[13.943s] -- Installing: /home/cstar/Documents/brs_ws/ros_ws/install/turtlebot3_fake_node/share/turtlebot3_fake_node/launch
[13.943s] -- Installing: /home/cstar/Documents/brs_ws/ros_ws/install/turtlebot3_fake_node/share/turtlebot3_fake_node/launch/turtlebot3_fake_node.launch.py
[13.943s] -- Installing: /home/cstar/Documents/brs_ws/ros_ws/install/turtlebot3_fake_node/share/turtlebot3_fake_node/launch/rviz2.launch.py
[13.944s] -- Installing: /home/cstar/Documents/brs_ws/ros_ws/install/turtlebot3_fake_node/share/turtlebot3_fake_node/param
[13.944s] -- Installing: /home/cstar/Documents/brs_ws/ros_ws/install/turtlebot3_fake_node/share/turtlebot3_fake_node/param/burger.yaml
[13.944s] -- Installing: /home/cstar/Documents/brs_ws/ros_ws/install/turtlebot3_fake_node/share/turtlebot3_fake_node/param/waffle_pi.yaml
[13.944s] -- Installing: /home/cstar/Documents/brs_ws/ros_ws/install/turtlebot3_fake_node/share/turtlebot3_fake_node/param/waffle.yaml
[13.944s] -- Installing: /home/cstar/Documents/brs_ws/ros_ws/install/turtlebot3_fake_node/include/
[13.944s] -- Installing: /home/cstar/Documents/brs_ws/ros_ws/install/turtlebot3_fake_node/include//turtlebot3_fake_node
[13.944s] -- Installing: /home/cstar/Documents/brs_ws/ros_ws/install/turtlebot3_fake_node/include//turtlebot3_fake_node/turtlebot3_fake_node.hpp
[13.945s] -- Installing: /home/cstar/Documents/brs_ws/ros_ws/install/turtlebot3_fake_node/share/ament_index/resource_index/package_run_dependencies/turtlebot3_fake_node
[13.945s] -- Installing: /home/cstar/Documents/brs_ws/ros_ws/install/turtlebot3_fake_node/share/ament_index/resource_index/parent_prefix_path/turtlebot3_fake_node
[13.945s] -- Installing: /home/cstar/Documents/brs_ws/ros_ws/install/turtlebot3_fake_node/share/turtlebot3_fake_node/environment/ament_prefix_path.sh
[13.945s] -- Installing: /home/cstar/Documents/brs_ws/ros_ws/install/turtlebot3_fake_node/share/turtlebot3_fake_node/environment/ament_prefix_path.dsv
[13.945s] -- Installing: /home/cstar/Documents/brs_ws/ros_ws/install/turtlebot3_fake_node/share/turtlebot3_fake_node/environment/path.sh
[13.945s] -- Installing: /home/cstar/Documents/brs_ws/ros_ws/install/turtlebot3_fake_node/share/turtlebot3_fake_node/environment/path.dsv
[13.945s] -- Installing: /home/cstar/Documents/brs_ws/ros_ws/install/turtlebot3_fake_node/share/turtlebot3_fake_node/local_setup.bash
[13.945s] -- Installing: /home/cstar/Documents/brs_ws/ros_ws/install/turtlebot3_fake_node/share/turtlebot3_fake_node/local_setup.sh
[13.945s] -- Installing: /home/cstar/Documents/brs_ws/ros_ws/install/turtlebot3_fake_node/share/turtlebot3_fake_node/local_setup.zsh
[13.946s] -- Installing: /home/cstar/Documents/brs_ws/ros_ws/install/turtlebot3_fake_node/share/turtlebot3_fake_node/local_setup.dsv
[13.946s] -- Installing: /home/cstar/Documents/brs_ws/ros_ws/install/turtlebot3_fake_node/share/turtlebot3_fake_node/package.dsv
[13.946s] -- Installing: /home/cstar/Documents/brs_ws/ros_ws/install/turtlebot3_fake_node/share/ament_index/resource_index/packages/turtlebot3_fake_node
[13.946s] -- Installing: /home/cstar/Documents/brs_ws/ros_ws/install/turtlebot3_fake_node/share/turtlebot3_fake_node/cmake/ament_cmake_export_include_directories-extras.cmake
[13.946s] -- Installing: /home/cstar/Documents/brs_ws/ros_ws/install/turtlebot3_fake_node/share/turtlebot3_fake_node/cmake/ament_cmake_export_dependencies-extras.cmake
[13.946s] -- Installing: /home/cstar/Documents/brs_ws/ros_ws/install/turtlebot3_fake_node/share/turtlebot3_fake_node/cmake/turtlebot3_fake_nodeConfig.cmake
[13.946s] -- Installing: /home/cstar/Documents/brs_ws/ros_ws/install/turtlebot3_fake_node/share/turtlebot3_fake_node/cmake/turtlebot3_fake_nodeConfig-version.cmake
[13.946s] -- Installing: /home/cstar/Documents/brs_ws/ros_ws/install/turtlebot3_fake_node/share/turtlebot3_fake_node/package.xml
[13.948s] Invoked command in '/home/cstar/Documents/brs_ws/ros_ws/build/turtlebot3_fake_node' returned '0': AMENT_PREFIX_PATH=/home/cstar/Documents/brs_ws/ros_ws/install/turtlebot3_msgs:${AMENT_PREFIX_PATH} CMAKE_PREFIX_PATH=/home/cstar/Documents/brs_ws/ros_ws/install/turtlebot3_msgs:/opt/ros/humble LD_LIBRARY_PATH=/home/cstar/Documents/brs_ws/ros_ws/install/turtlebot3_msgs/lib:${LD_LIBRARY_PATH} PYTHONPATH=/home/cstar/Documents/brs_ws/ros_ws/install/turtlebot3_msgs/local/lib/python3.10/dist-packages:${PYTHONPATH} /usr/bin/cmake --install /home/cstar/Documents/brs_ws/ros_ws/build/turtlebot3_fake_node
