[0.054s] Invoking command in '/home/cstar/Documents/brs_ws/ros_ws/build/turtlebot3_msgs': CMAKE_PREFIX_PATH=/opt/ros/humble /usr/bin/cmake /home/cstar/Documents/brs_ws/ros_ws/src/turtlebot3_msgs -DCMAKE_INSTALL_PREFIX=/home/cstar/Documents/brs_ws/ros_ws/install/turtlebot3_msgs
[0.688s] -- The C compiler identification is GNU 11.4.0
[1.169s] -- The CXX compiler identification is GNU 11.4.0
[1.243s] -- Detecting C compiler ABI info
[1.371s] -- Detecting C compiler ABI info - done
[1.375s] -- Check for working C compiler: /usr/bin/cc - skipped
[1.376s] -- Detecting C compile features
[1.397s] -- Detecting C compile features - done
[1.400s] -- Detecting CXX compiler ABI info
[1.538s] -- Detecting CXX compiler ABI info - done
[1.543s] -- Check for working CXX compiler: /usr/bin/c++ - skipped
[1.543s] -- Detecting CXX compile features
[1.544s] -- Detecting CXX compile features - done
[1.604s] -- Found action_msgs: 1.2.1 (/opt/ros/humble/share/action_msgs/cmake)
[1.901s] -- Found Python3: /usr/bin/python3 (found version "3.10.12") found components: Interpreter 
[2.829s] -- Found rosidl_generator_c: 3.1.5 (/opt/ros/humble/share/rosidl_generator_c/cmake)
[3.044s] -- Found rosidl_adapter: 3.1.5 (/opt/ros/humble/share/rosidl_adapter/cmake)
[3.185s] -- Found rosidl_generator_cpp: 3.1.5 (/opt/ros/humble/share/rosidl_generator_cpp/cmake)
[3.440s] -- Using all available rosidl_typesupport_c: rosidl_typesupport_fastrtps_c;rosidl_typesupport_introspection_c
[3.589s] -- Using all available rosidl_typesupport_cpp: rosidl_typesupport_fastrtps_cpp;rosidl_typesupport_introspection_cpp
[3.987s] -- Found rosidl_default_generators: 1.2.0 (/opt/ros/humble/share/rosidl_default_generators/cmake)
[4.058s] -- Found std_msgs: 4.2.4 (/opt/ros/humble/share/std_msgs/cmake)
[4.425s] -- Found ament_cmake_cppcheck: 0.12.11 (/opt/ros/humble/share/ament_cmake_cppcheck/cmake)
[4.458s] -- Found ament_cmake_cpplint: 0.12.11 (/opt/ros/humble/share/ament_cmake_cpplint/cmake)
[4.502s] -- Found ament_cmake_uncrustify: 0.12.11 (/opt/ros/humble/share/ament_cmake_uncrustify/cmake)
[4.546s] -- Found ament_cmake_ros: 0.10.0 (/opt/ros/humble/share/ament_cmake_ros/cmake)
[4.783s] -- Using all available rosidl_typesupport_c: rosidl_typesupport_fastrtps_c;rosidl_typesupport_introspection_c
[4.873s] -- Using all available rosidl_typesupport_cpp: rosidl_typesupport_fastrtps_cpp;rosidl_typesupport_introspection_cpp
[5.055s] -- Found PythonInterp: /usr/bin/python3 (found suitable version "3.10.12", minimum required is "3.6") 
[5.098s] -- Found python_cmake_module: 0.10.0 (/opt/ros/humble/share/python_cmake_module/cmake)
[5.188s] -- Found PythonLibs: /usr/lib/x86_64-linux-gnu/libpython3.10.so (found suitable version "3.10.12", minimum required is "3.5") 
[5.188s] -- Using PYTHON_EXECUTABLE: /usr/bin/python3
[5.188s] -- Using PYTHON_INCLUDE_DIRS: /usr/include/python3.10
[5.188s] -- Using PYTHON_LIBRARIES: /usr/lib/x86_64-linux-gnu/libpython3.10.so
[5.202s] -- Found PythonExtra: .so  
[5.294s] -- Found ament_cmake_flake8: 0.12.11 (/opt/ros/humble/share/ament_cmake_flake8/cmake)
[5.318s] -- Found ament_cmake_pep257: 0.12.11 (/opt/ros/humble/share/ament_cmake_pep257/cmake)
[5.333s] -- Configuring done
[5.398s] -- Generating done
[5.399s] -- Build files have been written to: /home/cstar/Documents/brs_ws/ros_ws/build/turtlebot3_msgs
[5.407s] Invoked command in '/home/cstar/Documents/brs_ws/ros_ws/build/turtlebot3_msgs' returned '0': CMAKE_PREFIX_PATH=/opt/ros/humble /usr/bin/cmake /home/cstar/Documents/brs_ws/ros_ws/src/turtlebot3_msgs -DCMAKE_INSTALL_PREFIX=/home/cstar/Documents/brs_ws/ros_ws/install/turtlebot3_msgs
[5.407s] Invoking command in '/home/cstar/Documents/brs_ws/ros_ws/build/turtlebot3_msgs': CMAKE_PREFIX_PATH=/opt/ros/humble /usr/bin/cmake --build /home/cstar/Documents/brs_ws/ros_ws/build/turtlebot3_msgs -- -j16 -l16
[5.433s] [  1%] [34m[1mGenerating C code for ROS interfaces[0m
[5.440s] [  2%] [34m[1mGenerating C++ code for ROS interfaces[0m
[5.447s] [  2%] Built target ament_cmake_python_copy_turtlebot3_msgs
[5.620s] running egg_info
[5.621s] creating turtlebot3_msgs.egg-info
[5.621s] writing turtlebot3_msgs.egg-info/PKG-INFO
[5.621s] writing dependency_links to turtlebot3_msgs.egg-info/dependency_links.txt
[5.622s] writing top-level names to turtlebot3_msgs.egg-info/top_level.txt
[5.622s] writing manifest file 'turtlebot3_msgs.egg-info/SOURCES.txt'
[5.625s] reading manifest file 'turtlebot3_msgs.egg-info/SOURCES.txt'
[5.626s] writing manifest file 'turtlebot3_msgs.egg-info/SOURCES.txt'
[5.652s] [  2%] Built target ament_cmake_python_build_turtlebot3_msgs_egg
[6.239s] [  2%] Built target turtlebot3_msgs__cpp
[6.239s] [  5%] [32mBuilding C object CMakeFiles/turtlebot3_msgs__rosidl_generator_c.dir/rosidl_generator_c/turtlebot3_msgs/msg/detail/sound__functions.c.o[0m
[6.239s] [  5%] [32mBuilding C object CMakeFiles/turtlebot3_msgs__rosidl_generator_c.dir/rosidl_generator_c/turtlebot3_msgs/msg/detail/sensor_state__functions.c.o[0m
[6.239s] [  7%] [32mBuilding C object CMakeFiles/turtlebot3_msgs__rosidl_generator_c.dir/rosidl_generator_c/turtlebot3_msgs/msg/detail/version_info__functions.c.o[0m
[6.239s] [  8%] [32mBuilding C object CMakeFiles/turtlebot3_msgs__rosidl_generator_c.dir/rosidl_generator_c/turtlebot3_msgs/srv/detail/sound__functions.c.o[0m
[6.240s] [  9%] [32mBuilding C object CMakeFiles/turtlebot3_msgs__rosidl_generator_c.dir/rosidl_generator_c/turtlebot3_msgs/action/detail/patrol__functions.c.o[0m
[6.240s] [ 11%] [32mBuilding C object CMakeFiles/turtlebot3_msgs__rosidl_generator_c.dir/rosidl_generator_c/turtlebot3_msgs/srv/detail/dqn__functions.c.o[0m
[6.247s] [ 15%] [34m[1mGenerating C++ type support for eProsima Fast-RTPS[0m
[6.247s] [ 15%] [34m[1mGenerating C++ introspection for ROS interfaces[0m
[6.247s] [ 15%] [34m[1mGenerating C++ type support dispatch for ROS interfaces[0m
[6.524s] [ 16%] [32m[1mLinking C shared library libturtlebot3_msgs__rosidl_generator_c.so[0m
[6.659s] [ 16%] Built target turtlebot3_msgs__rosidl_generator_c
[6.668s] [ 18%] [34m[1mGenerating C type support for eProsima Fast-RTPS[0m
[6.668s] [ 21%] [34m[1mGenerating C type support dispatch for ROS interfaces[0m
[6.668s] [ 21%] [34m[1mGenerating C introspection for ROS interfaces[0m
[6.721s] [ 25%] [32mBuilding CXX object CMakeFiles/turtlebot3_msgs__rosidl_typesupport_cpp.dir/rosidl_typesupport_cpp/turtlebot3_msgs/msg/sensor_state__type_support.cpp.o[0m
[6.721s] [ 25%] [32mBuilding CXX object CMakeFiles/turtlebot3_msgs__rosidl_typesupport_cpp.dir/rosidl_typesupport_cpp/turtlebot3_msgs/srv/dqn__type_support.cpp.o[0m
[6.721s] [ 25%] [32mBuilding CXX object CMakeFiles/turtlebot3_msgs__rosidl_typesupport_cpp.dir/rosidl_typesupport_cpp/turtlebot3_msgs/srv/sound__type_support.cpp.o[0m
[6.722s] [ 28%] [32mBuilding CXX object CMakeFiles/turtlebot3_msgs__rosidl_typesupport_cpp.dir/rosidl_typesupport_cpp/turtlebot3_msgs/msg/sound__type_support.cpp.o[0m
[6.722s] [ 28%] [32mBuilding CXX object CMakeFiles/turtlebot3_msgs__rosidl_typesupport_cpp.dir/rosidl_typesupport_cpp/turtlebot3_msgs/msg/version_info__type_support.cpp.o[0m
[6.722s] [ 29%] [32mBuilding CXX object CMakeFiles/turtlebot3_msgs__rosidl_typesupport_cpp.dir/rosidl_typesupport_cpp/turtlebot3_msgs/action/patrol__type_support.cpp.o[0m
[6.840s] [ 30%] [32mBuilding CXX object CMakeFiles/turtlebot3_msgs__rosidl_typesupport_introspection_cpp.dir/rosidl_typesupport_introspection_cpp/turtlebot3_msgs/msg/detail/sensor_state__type_support.cpp.o[0m
[6.840s] [ 32%] [32mBuilding CXX object CMakeFiles/turtlebot3_msgs__rosidl_typesupport_introspection_cpp.dir/rosidl_typesupport_introspection_cpp/turtlebot3_msgs/msg/detail/sound__type_support.cpp.o[0m
[6.854s] [ 33%] [32mBuilding CXX object CMakeFiles/turtlebot3_msgs__rosidl_typesupport_introspection_cpp.dir/rosidl_typesupport_introspection_cpp/turtlebot3_msgs/msg/detail/version_info__type_support.cpp.o[0m
[6.916s] [ 35%] [32mBuilding CXX object CMakeFiles/turtlebot3_msgs__rosidl_typesupport_introspection_cpp.dir/rosidl_typesupport_introspection_cpp/turtlebot3_msgs/srv/detail/sound__type_support.cpp.o[0m
[6.929s] [ 36%] [32mBuilding CXX object CMakeFiles/turtlebot3_msgs__rosidl_typesupport_introspection_cpp.dir/rosidl_typesupport_introspection_cpp/turtlebot3_msgs/srv/detail/dqn__type_support.cpp.o[0m
[6.955s] [ 38%] [32mBuilding CXX object CMakeFiles/turtlebot3_msgs__rosidl_typesupport_introspection_cpp.dir/rosidl_typesupport_introspection_cpp/turtlebot3_msgs/action/detail/patrol__type_support.cpp.o[0m
[7.185s] [ 39%] [32mBuilding CXX object CMakeFiles/turtlebot3_msgs__rosidl_typesupport_fastrtps_cpp.dir/rosidl_typesupport_fastrtps_cpp/turtlebot3_msgs/msg/detail/dds_fastrtps/sensor_state__type_support.cpp.o[0m
[7.210s] [ 40%] [32mBuilding CXX object CMakeFiles/turtlebot3_msgs__rosidl_typesupport_fastrtps_cpp.dir/rosidl_typesupport_fastrtps_cpp/turtlebot3_msgs/msg/detail/dds_fastrtps/sound__type_support.cpp.o[0m
[7.236s] [ 42%] [32mBuilding CXX object CMakeFiles/turtlebot3_msgs__rosidl_typesupport_fastrtps_cpp.dir/rosidl_typesupport_fastrtps_cpp/turtlebot3_msgs/msg/detail/dds_fastrtps/version_info__type_support.cpp.o[0m
[7.260s] [ 43%] [32mBuilding CXX object CMakeFiles/turtlebot3_msgs__rosidl_typesupport_fastrtps_cpp.dir/rosidl_typesupport_fastrtps_cpp/turtlebot3_msgs/srv/detail/dds_fastrtps/sound__type_support.cpp.o[0m
[7.320s] [ 45%] [32mBuilding CXX object CMakeFiles/turtlebot3_msgs__rosidl_typesupport_fastrtps_cpp.dir/rosidl_typesupport_fastrtps_cpp/turtlebot3_msgs/srv/detail/dds_fastrtps/dqn__type_support.cpp.o[0m
[7.332s] [ 46%] [32mBuilding CXX object CMakeFiles/turtlebot3_msgs__rosidl_typesupport_fastrtps_cpp.dir/rosidl_typesupport_fastrtps_cpp/turtlebot3_msgs/action/detail/dds_fastrtps/patrol__type_support.cpp.o[0m
[7.537s] [ 47%] [32m[1mLinking CXX shared library libturtlebot3_msgs__rosidl_typesupport_cpp.so[0m
[7.638s] [ 47%] Built target turtlebot3_msgs__rosidl_typesupport_cpp
[7.665s] [ 52%] [32mBuilding CXX object CMakeFiles/turtlebot3_msgs__rosidl_typesupport_c.dir/rosidl_typesupport_c/turtlebot3_msgs/msg/version_info__type_support.cpp.o[0m
[7.665s] [ 52%] [32mBuilding CXX object CMakeFiles/turtlebot3_msgs__rosidl_typesupport_c.dir/rosidl_typesupport_c/turtlebot3_msgs/msg/sensor_state__type_support.cpp.o[0m
[7.665s] [ 52%] [32mBuilding CXX object CMakeFiles/turtlebot3_msgs__rosidl_typesupport_c.dir/rosidl_typesupport_c/turtlebot3_msgs/msg/sound__type_support.cpp.o[0m
[7.668s] [ 53%] [32mBuilding CXX object CMakeFiles/turtlebot3_msgs__rosidl_typesupport_c.dir/rosidl_typesupport_c/turtlebot3_msgs/srv/dqn__type_support.cpp.o[0m
[7.677s] [ 54%] [32mBuilding CXX object CMakeFiles/turtlebot3_msgs__rosidl_typesupport_c.dir/rosidl_typesupport_c/turtlebot3_msgs/action/patrol__type_support.cpp.o[0m
[7.677s] [ 56%] [32mBuilding CXX object CMakeFiles/turtlebot3_msgs__rosidl_typesupport_c.dir/rosidl_typesupport_c/turtlebot3_msgs/srv/sound__type_support.cpp.o[0m
[7.723s] [ 57%] [32m[1mLinking CXX shared library libturtlebot3_msgs__rosidl_typesupport_introspection_cpp.so[0m
[7.745s] [ 59%] [32m[1mLinking CXX shared library libturtlebot3_msgs__rosidl_typesupport_c.so[0m
[7.767s] [ 60%] [32mBuilding CXX object CMakeFiles/turtlebot3_msgs__rosidl_typesupport_fastrtps_c.dir/rosidl_typesupport_fastrtps_c/turtlebot3_msgs/srv/detail/dqn__type_support_c.cpp.o[0m
[7.768s] [ 64%] [32mBuilding CXX object CMakeFiles/turtlebot3_msgs__rosidl_typesupport_fastrtps_c.dir/rosidl_typesupport_fastrtps_c/turtlebot3_msgs/msg/detail/sound__type_support_c.cpp.o[0m
[7.768s] [ 64%] [32mBuilding CXX object CMakeFiles/turtlebot3_msgs__rosidl_typesupport_fastrtps_c.dir/rosidl_typesupport_fastrtps_c/turtlebot3_msgs/msg/detail/version_info__type_support_c.cpp.o[0m
[7.768s] [ 66%] [32mBuilding CXX object CMakeFiles/turtlebot3_msgs__rosidl_typesupport_fastrtps_c.dir/rosidl_typesupport_fastrtps_c/turtlebot3_msgs/msg/detail/sensor_state__type_support_c.cpp.o[0m
[7.768s] [ 67%] [32mBuilding CXX object CMakeFiles/turtlebot3_msgs__rosidl_typesupport_fastrtps_c.dir/rosidl_typesupport_fastrtps_c/turtlebot3_msgs/action/detail/patrol__type_support_c.cpp.o[0m
[7.768s] [ 67%] [32mBuilding CXX object CMakeFiles/turtlebot3_msgs__rosidl_typesupport_fastrtps_c.dir/rosidl_typesupport_fastrtps_c/turtlebot3_msgs/srv/detail/sound__type_support_c.cpp.o[0m
[7.781s] [ 70%] [32mBuilding C object CMakeFiles/turtlebot3_msgs__rosidl_typesupport_introspection_c.dir/rosidl_typesupport_introspection_c/turtlebot3_msgs/msg/detail/sensor_state__type_support.c.o[0m
[7.782s] [ 70%] [32mBuilding C object CMakeFiles/turtlebot3_msgs__rosidl_typesupport_introspection_c.dir/rosidl_typesupport_introspection_c/turtlebot3_msgs/msg/detail/sound__type_support.c.o[0m
[7.787s] [ 71%] [32mBuilding C object CMakeFiles/turtlebot3_msgs__rosidl_typesupport_introspection_c.dir/rosidl_typesupport_introspection_c/turtlebot3_msgs/srv/detail/sound__type_support.c.o[0m
[7.795s] [ 73%] [32mBuilding C object CMakeFiles/turtlebot3_msgs__rosidl_typesupport_introspection_c.dir/rosidl_typesupport_introspection_c/turtlebot3_msgs/srv/detail/dqn__type_support.c.o[0m
[7.799s] [ 74%] [32mBuilding C object CMakeFiles/turtlebot3_msgs__rosidl_typesupport_introspection_c.dir/rosidl_typesupport_introspection_c/turtlebot3_msgs/msg/detail/version_info__type_support.c.o[0m
[7.820s] [ 76%] [32mBuilding C object CMakeFiles/turtlebot3_msgs__rosidl_typesupport_introspection_c.dir/rosidl_typesupport_introspection_c/turtlebot3_msgs/action/detail/patrol__type_support.c.o[0m
[7.859s] [ 76%] Built target turtlebot3_msgs__rosidl_typesupport_c
[7.877s] [ 77%] [32m[1mLinking C shared library libturtlebot3_msgs__rosidl_typesupport_introspection_c.so[0m
[7.902s] [ 77%] Built target turtlebot3_msgs__rosidl_typesupport_introspection_cpp
[7.941s] [ 77%] Built target turtlebot3_msgs__rosidl_typesupport_introspection_c
[7.946s] [ 78%] [32m[1mLinking CXX shared library libturtlebot3_msgs__rosidl_typesupport_fastrtps_cpp.so[0m
[8.053s] [ 78%] Built target turtlebot3_msgs__rosidl_typesupport_fastrtps_cpp
[8.098s] [ 80%] [32m[1mLinking CXX shared library libturtlebot3_msgs__rosidl_typesupport_fastrtps_c.so[0m
[8.155s] [ 80%] Built target turtlebot3_msgs__rosidl_typesupport_fastrtps_c
[8.168s] [ 80%] Built target turtlebot3_msgs
[8.205s] [ 81%] [34m[1mGenerating Python code for ROS interfaces[0m
[9.314s] [ 81%] Built target turtlebot3_msgs__py
[9.325s] [ 87%] [32mBuilding C object CMakeFiles/turtlebot3_msgs__rosidl_generator_py.dir/rosidl_generator_py/turtlebot3_msgs/srv/_dqn_s.c.o[0m
[9.326s] [ 87%] [32mBuilding C object CMakeFiles/turtlebot3_msgs__rosidl_generator_py.dir/rosidl_generator_py/turtlebot3_msgs/action/_patrol_s.c.o[0m
[9.326s] [ 87%] [32mBuilding C object CMakeFiles/turtlebot3_msgs__rosidl_generator_py.dir/rosidl_generator_py/turtlebot3_msgs/srv/_sound_s.c.o[0m
[9.326s] [ 90%] [32mBuilding C object CMakeFiles/turtlebot3_msgs__rosidl_generator_py.dir/rosidl_generator_py/turtlebot3_msgs/msg/_sound_s.c.o[0m
[9.326s] [ 90%] [32mBuilding C object CMakeFiles/turtlebot3_msgs__rosidl_generator_py.dir/rosidl_generator_py/turtlebot3_msgs/msg/_version_info_s.c.o[0m
[9.326s] [ 90%] [32mBuilding C object CMakeFiles/turtlebot3_msgs__rosidl_generator_py.dir/rosidl_generator_py/turtlebot3_msgs/msg/_sensor_state_s.c.o[0m
[9.438s] [ 91%] [32m[1mLinking C shared library rosidl_generator_py/turtlebot3_msgs/libturtlebot3_msgs__rosidl_generator_py.so[0m
[9.519s] [ 91%] Built target turtlebot3_msgs__rosidl_generator_py
[9.533s] [ 95%] [32mBuilding C object CMakeFiles/turtlebot3_msgs__rosidl_typesupport_fastrtps_c__pyext.dir/rosidl_generator_py/turtlebot3_msgs/_turtlebot3_msgs_s.ep.rosidl_typesupport_fastrtps_c.c.o[0m
[9.533s] [ 95%] [32mBuilding C object CMakeFiles/turtlebot3_msgs__rosidl_typesupport_introspection_c__pyext.dir/rosidl_generator_py/turtlebot3_msgs/_turtlebot3_msgs_s.ep.rosidl_typesupport_introspection_c.c.o[0m
[9.533s] [ 95%] [32mBuilding C object CMakeFiles/turtlebot3_msgs__rosidl_typesupport_c__pyext.dir/rosidl_generator_py/turtlebot3_msgs/_turtlebot3_msgs_s.ep.rosidl_typesupport_c.c.o[0m
[9.624s] [100%] [32m[1mLinking C shared library rosidl_generator_py/turtlebot3_msgs/turtlebot3_msgs_s__rosidl_typesupport_c.cpython-310-x86_64-linux-gnu.so[0m
[9.624s] [100%] [32m[1mLinking C shared library rosidl_generator_py/turtlebot3_msgs/turtlebot3_msgs_s__rosidl_typesupport_fastrtps_c.cpython-310-x86_64-linux-gnu.so[0m
[9.624s] [100%] [32m[1mLinking C shared library rosidl_generator_py/turtlebot3_msgs/turtlebot3_msgs_s__rosidl_typesupport_introspection_c.cpython-310-x86_64-linux-gnu.so[0m
[9.653s] [100%] Built target turtlebot3_msgs__rosidl_typesupport_fastrtps_c__pyext
[9.653s] [100%] Built target turtlebot3_msgs__rosidl_typesupport_introspection_c__pyext
[9.653s] [100%] Built target turtlebot3_msgs__rosidl_typesupport_c__pyext
[9.670s] Invoked command in '/home/cstar/Documents/brs_ws/ros_ws/build/turtlebot3_msgs' returned '0': CMAKE_PREFIX_PATH=/opt/ros/humble /usr/bin/cmake --build /home/cstar/Documents/brs_ws/ros_ws/build/turtlebot3_msgs -- -j16 -l16
[9.760s] Invoking command in '/home/cstar/Documents/brs_ws/ros_ws/build/turtlebot3_msgs': CMAKE_PREFIX_PATH=/opt/ros/humble /usr/bin/cmake --install /home/cstar/Documents/brs_ws/ros_ws/build/turtlebot3_msgs
[9.765s] -- Install configuration: ""
[9.765s] -- Installing: /home/cstar/Documents/brs_ws/ros_ws/install/turtlebot3_msgs/share/ament_index/resource_index/rosidl_interfaces/turtlebot3_msgs
[9.766s] -- Installing: /home/cstar/Documents/brs_ws/ros_ws/install/turtlebot3_msgs/include/turtlebot3_msgs/turtlebot3_msgs
[9.766s] -- Installing: /home/cstar/Documents/brs_ws/ros_ws/install/turtlebot3_msgs/include/turtlebot3_msgs/turtlebot3_msgs/action
[9.766s] -- Installing: /home/cstar/Documents/brs_ws/ros_ws/install/turtlebot3_msgs/include/turtlebot3_msgs/turtlebot3_msgs/action/patrol.h
[9.766s] -- Installing: /home/cstar/Documents/brs_ws/ros_ws/install/turtlebot3_msgs/include/turtlebot3_msgs/turtlebot3_msgs/action/detail
[9.766s] -- Installing: /home/cstar/Documents/brs_ws/ros_ws/install/turtlebot3_msgs/include/turtlebot3_msgs/turtlebot3_msgs/action/detail/patrol__struct.h
[9.766s] -- Installing: /home/cstar/Documents/brs_ws/ros_ws/install/turtlebot3_msgs/include/turtlebot3_msgs/turtlebot3_msgs/action/detail/patrol__functions.c
[9.766s] -- Installing: /home/cstar/Documents/brs_ws/ros_ws/install/turtlebot3_msgs/include/turtlebot3_msgs/turtlebot3_msgs/action/detail/patrol__functions.h
[9.766s] -- Installing: /home/cstar/Documents/brs_ws/ros_ws/install/turtlebot3_msgs/include/turtlebot3_msgs/turtlebot3_msgs/action/detail/patrol__type_support.h
[9.766s] -- Installing: /home/cstar/Documents/brs_ws/ros_ws/install/turtlebot3_msgs/include/turtlebot3_msgs/turtlebot3_msgs/srv
[9.766s] -- Installing: /home/cstar/Documents/brs_ws/ros_ws/install/turtlebot3_msgs/include/turtlebot3_msgs/turtlebot3_msgs/srv/dqn.h
[9.766s] -- Installing: /home/cstar/Documents/brs_ws/ros_ws/install/turtlebot3_msgs/include/turtlebot3_msgs/turtlebot3_msgs/srv/sound.h
[9.766s] -- Installing: /home/cstar/Documents/brs_ws/ros_ws/install/turtlebot3_msgs/include/turtlebot3_msgs/turtlebot3_msgs/srv/detail
[9.766s] -- Installing: /home/cstar/Documents/brs_ws/ros_ws/install/turtlebot3_msgs/include/turtlebot3_msgs/turtlebot3_msgs/srv/detail/sound__functions.h
[9.767s] -- Installing: /home/cstar/Documents/brs_ws/ros_ws/install/turtlebot3_msgs/include/turtlebot3_msgs/turtlebot3_msgs/srv/detail/sound__functions.c
[9.767s] -- Installing: /home/cstar/Documents/brs_ws/ros_ws/install/turtlebot3_msgs/include/turtlebot3_msgs/turtlebot3_msgs/srv/detail/sound__type_support.h
[9.767s] -- Installing: /home/cstar/Documents/brs_ws/ros_ws/install/turtlebot3_msgs/include/turtlebot3_msgs/turtlebot3_msgs/srv/detail/dqn__struct.h
[9.767s] -- Installing: /home/cstar/Documents/brs_ws/ros_ws/install/turtlebot3_msgs/include/turtlebot3_msgs/turtlebot3_msgs/srv/detail/sound__struct.h
[9.767s] -- Installing: /home/cstar/Documents/brs_ws/ros_ws/install/turtlebot3_msgs/include/turtlebot3_msgs/turtlebot3_msgs/srv/detail/dqn__type_support.h
[9.767s] -- Installing: /home/cstar/Documents/brs_ws/ros_ws/install/turtlebot3_msgs/include/turtlebot3_msgs/turtlebot3_msgs/srv/detail/dqn__functions.c
[9.767s] -- Installing: /home/cstar/Documents/brs_ws/ros_ws/install/turtlebot3_msgs/include/turtlebot3_msgs/turtlebot3_msgs/srv/detail/dqn__functions.h
[9.767s] -- Installing: /home/cstar/Documents/brs_ws/ros_ws/install/turtlebot3_msgs/include/turtlebot3_msgs/turtlebot3_msgs/msg
[9.767s] -- Installing: /home/cstar/Documents/brs_ws/ros_ws/install/turtlebot3_msgs/include/turtlebot3_msgs/turtlebot3_msgs/msg/sensor_state.h
[9.767s] -- Installing: /home/cstar/Documents/brs_ws/ros_ws/install/turtlebot3_msgs/include/turtlebot3_msgs/turtlebot3_msgs/msg/sound.h
[9.767s] -- Installing: /home/cstar/Documents/brs_ws/ros_ws/install/turtlebot3_msgs/include/turtlebot3_msgs/turtlebot3_msgs/msg/rosidl_generator_c__visibility_control.h
[9.767s] -- Installing: /home/cstar/Documents/brs_ws/ros_ws/install/turtlebot3_msgs/include/turtlebot3_msgs/turtlebot3_msgs/msg/version_info.h
[9.767s] -- Installing: /home/cstar/Documents/brs_ws/ros_ws/install/turtlebot3_msgs/include/turtlebot3_msgs/turtlebot3_msgs/msg/detail
[9.767s] -- Installing: /home/cstar/Documents/brs_ws/ros_ws/install/turtlebot3_msgs/include/turtlebot3_msgs/turtlebot3_msgs/msg/detail/sensor_state__type_support.h
[9.767s] -- Installing: /home/cstar/Documents/brs_ws/ros_ws/install/turtlebot3_msgs/include/turtlebot3_msgs/turtlebot3_msgs/msg/detail/sound__functions.h
[9.767s] -- Installing: /home/cstar/Documents/brs_ws/ros_ws/install/turtlebot3_msgs/include/turtlebot3_msgs/turtlebot3_msgs/msg/detail/sound__functions.c
[9.767s] -- Installing: /home/cstar/Documents/brs_ws/ros_ws/install/turtlebot3_msgs/include/turtlebot3_msgs/turtlebot3_msgs/msg/detail/sound__type_support.h
[9.768s] -- Installing: /home/cstar/Documents/brs_ws/ros_ws/install/turtlebot3_msgs/include/turtlebot3_msgs/turtlebot3_msgs/msg/detail/version_info__type_support.h
[9.768s] -- Installing: /home/cstar/Documents/brs_ws/ros_ws/install/turtlebot3_msgs/include/turtlebot3_msgs/turtlebot3_msgs/msg/detail/version_info__functions.c
[9.768s] -- Installing: /home/cstar/Documents/brs_ws/ros_ws/install/turtlebot3_msgs/include/turtlebot3_msgs/turtlebot3_msgs/msg/detail/version_info__struct.h
[9.768s] -- Installing: /home/cstar/Documents/brs_ws/ros_ws/install/turtlebot3_msgs/include/turtlebot3_msgs/turtlebot3_msgs/msg/detail/version_info__functions.h
[9.768s] -- Installing: /home/cstar/Documents/brs_ws/ros_ws/install/turtlebot3_msgs/include/turtlebot3_msgs/turtlebot3_msgs/msg/detail/sound__struct.h
[9.768s] -- Installing: /home/cstar/Documents/brs_ws/ros_ws/install/turtlebot3_msgs/include/turtlebot3_msgs/turtlebot3_msgs/msg/detail/sensor_state__functions.c
[9.768s] -- Installing: /home/cstar/Documents/brs_ws/ros_ws/install/turtlebot3_msgs/include/turtlebot3_msgs/turtlebot3_msgs/msg/detail/sensor_state__struct.h
[9.768s] -- Installing: /home/cstar/Documents/brs_ws/ros_ws/install/turtlebot3_msgs/include/turtlebot3_msgs/turtlebot3_msgs/msg/detail/sensor_state__functions.h
[9.768s] -- Installing: /home/cstar/Documents/brs_ws/ros_ws/install/turtlebot3_msgs/share/turtlebot3_msgs/environment/library_path.sh
[9.768s] -- Installing: /home/cstar/Documents/brs_ws/ros_ws/install/turtlebot3_msgs/share/turtlebot3_msgs/environment/library_path.dsv
[9.768s] -- Installing: /home/cstar/Documents/brs_ws/ros_ws/install/turtlebot3_msgs/lib/libturtlebot3_msgs__rosidl_generator_c.so
[9.768s] -- Set runtime path of "/home/cstar/Documents/brs_ws/ros_ws/install/turtlebot3_msgs/lib/libturtlebot3_msgs__rosidl_generator_c.so" to ""
[9.768s] -- Up-to-date: /home/cstar/Documents/brs_ws/ros_ws/install/turtlebot3_msgs/include/turtlebot3_msgs/turtlebot3_msgs
[9.769s] -- Up-to-date: /home/cstar/Documents/brs_ws/ros_ws/install/turtlebot3_msgs/include/turtlebot3_msgs/turtlebot3_msgs/action
[9.769s] -- Up-to-date: /home/cstar/Documents/brs_ws/ros_ws/install/turtlebot3_msgs/include/turtlebot3_msgs/turtlebot3_msgs/action/detail
[9.769s] -- Installing: /home/cstar/Documents/brs_ws/ros_ws/install/turtlebot3_msgs/include/turtlebot3_msgs/turtlebot3_msgs/action/detail/patrol__rosidl_typesupport_fastrtps_c.h
[9.769s] -- Up-to-date: /home/cstar/Documents/brs_ws/ros_ws/install/turtlebot3_msgs/include/turtlebot3_msgs/turtlebot3_msgs/srv
[9.769s] -- Up-to-date: /home/cstar/Documents/brs_ws/ros_ws/install/turtlebot3_msgs/include/turtlebot3_msgs/turtlebot3_msgs/srv/detail
[9.769s] -- Installing: /home/cstar/Documents/brs_ws/ros_ws/install/turtlebot3_msgs/include/turtlebot3_msgs/turtlebot3_msgs/srv/detail/sound__rosidl_typesupport_fastrtps_c.h
[9.769s] -- Installing: /home/cstar/Documents/brs_ws/ros_ws/install/turtlebot3_msgs/include/turtlebot3_msgs/turtlebot3_msgs/srv/detail/dqn__rosidl_typesupport_fastrtps_c.h
[9.769s] -- Up-to-date: /home/cstar/Documents/brs_ws/ros_ws/install/turtlebot3_msgs/include/turtlebot3_msgs/turtlebot3_msgs/msg
[9.769s] -- Installing: /home/cstar/Documents/brs_ws/ros_ws/install/turtlebot3_msgs/include/turtlebot3_msgs/turtlebot3_msgs/msg/rosidl_typesupport_fastrtps_c__visibility_control.h
[9.769s] -- Up-to-date: /home/cstar/Documents/brs_ws/ros_ws/install/turtlebot3_msgs/include/turtlebot3_msgs/turtlebot3_msgs/msg/detail
[9.769s] -- Installing: /home/cstar/Documents/brs_ws/ros_ws/install/turtlebot3_msgs/include/turtlebot3_msgs/turtlebot3_msgs/msg/detail/version_info__rosidl_typesupport_fastrtps_c.h
[9.769s] -- Installing: /home/cstar/Documents/brs_ws/ros_ws/install/turtlebot3_msgs/include/turtlebot3_msgs/turtlebot3_msgs/msg/detail/sound__rosidl_typesupport_fastrtps_c.h
[9.769s] -- Installing: /home/cstar/Documents/brs_ws/ros_ws/install/turtlebot3_msgs/include/turtlebot3_msgs/turtlebot3_msgs/msg/detail/sensor_state__rosidl_typesupport_fastrtps_c.h
[9.769s] -- Installing: /home/cstar/Documents/brs_ws/ros_ws/install/turtlebot3_msgs/lib/libturtlebot3_msgs__rosidl_typesupport_fastrtps_c.so
[9.769s] -- Set runtime path of "/home/cstar/Documents/brs_ws/ros_ws/install/turtlebot3_msgs/lib/libturtlebot3_msgs__rosidl_typesupport_fastrtps_c.so" to ""
[9.769s] -- Up-to-date: /home/cstar/Documents/brs_ws/ros_ws/install/turtlebot3_msgs/include/turtlebot3_msgs/turtlebot3_msgs
[9.769s] -- Up-to-date: /home/cstar/Documents/brs_ws/ros_ws/install/turtlebot3_msgs/include/turtlebot3_msgs/turtlebot3_msgs/action
[9.770s] -- Installing: /home/cstar/Documents/brs_ws/ros_ws/install/turtlebot3_msgs/include/turtlebot3_msgs/turtlebot3_msgs/action/patrol.hpp
[9.770s] -- Up-to-date: /home/cstar/Documents/brs_ws/ros_ws/install/turtlebot3_msgs/include/turtlebot3_msgs/turtlebot3_msgs/action/detail
[9.770s] -- Installing: /home/cstar/Documents/brs_ws/ros_ws/install/turtlebot3_msgs/include/turtlebot3_msgs/turtlebot3_msgs/action/detail/patrol__traits.hpp
[9.770s] -- Installing: /home/cstar/Documents/brs_ws/ros_ws/install/turtlebot3_msgs/include/turtlebot3_msgs/turtlebot3_msgs/action/detail/patrol__builder.hpp
[9.770s] -- Installing: /home/cstar/Documents/brs_ws/ros_ws/install/turtlebot3_msgs/include/turtlebot3_msgs/turtlebot3_msgs/action/detail/patrol__struct.hpp
[9.770s] -- Up-to-date: /home/cstar/Documents/brs_ws/ros_ws/install/turtlebot3_msgs/include/turtlebot3_msgs/turtlebot3_msgs/srv
[9.770s] -- Installing: /home/cstar/Documents/brs_ws/ros_ws/install/turtlebot3_msgs/include/turtlebot3_msgs/turtlebot3_msgs/srv/dqn.hpp
[9.770s] -- Installing: /home/cstar/Documents/brs_ws/ros_ws/install/turtlebot3_msgs/include/turtlebot3_msgs/turtlebot3_msgs/srv/sound.hpp
[9.770s] -- Up-to-date: /home/cstar/Documents/brs_ws/ros_ws/install/turtlebot3_msgs/include/turtlebot3_msgs/turtlebot3_msgs/srv/detail
[9.770s] -- Installing: /home/cstar/Documents/brs_ws/ros_ws/install/turtlebot3_msgs/include/turtlebot3_msgs/turtlebot3_msgs/srv/detail/dqn__struct.hpp
[9.770s] -- Installing: /home/cstar/Documents/brs_ws/ros_ws/install/turtlebot3_msgs/include/turtlebot3_msgs/turtlebot3_msgs/srv/detail/dqn__traits.hpp
[9.770s] -- Installing: /home/cstar/Documents/brs_ws/ros_ws/install/turtlebot3_msgs/include/turtlebot3_msgs/turtlebot3_msgs/srv/detail/sound__traits.hpp
[9.770s] -- Installing: /home/cstar/Documents/brs_ws/ros_ws/install/turtlebot3_msgs/include/turtlebot3_msgs/turtlebot3_msgs/srv/detail/dqn__builder.hpp
[9.770s] -- Installing: /home/cstar/Documents/brs_ws/ros_ws/install/turtlebot3_msgs/include/turtlebot3_msgs/turtlebot3_msgs/srv/detail/sound__builder.hpp
[9.770s] -- Installing: /home/cstar/Documents/brs_ws/ros_ws/install/turtlebot3_msgs/include/turtlebot3_msgs/turtlebot3_msgs/srv/detail/sound__struct.hpp
[9.770s] -- Up-to-date: /home/cstar/Documents/brs_ws/ros_ws/install/turtlebot3_msgs/include/turtlebot3_msgs/turtlebot3_msgs/msg
[9.770s] -- Installing: /home/cstar/Documents/brs_ws/ros_ws/install/turtlebot3_msgs/include/turtlebot3_msgs/turtlebot3_msgs/msg/sound.hpp
[9.770s] -- Installing: /home/cstar/Documents/brs_ws/ros_ws/install/turtlebot3_msgs/include/turtlebot3_msgs/turtlebot3_msgs/msg/sensor_state.hpp
[9.770s] -- Up-to-date: /home/cstar/Documents/brs_ws/ros_ws/install/turtlebot3_msgs/include/turtlebot3_msgs/turtlebot3_msgs/msg/detail
[9.770s] -- Installing: /home/cstar/Documents/brs_ws/ros_ws/install/turtlebot3_msgs/include/turtlebot3_msgs/turtlebot3_msgs/msg/detail/version_info__builder.hpp
[9.770s] -- Installing: /home/cstar/Documents/brs_ws/ros_ws/install/turtlebot3_msgs/include/turtlebot3_msgs/turtlebot3_msgs/msg/detail/sensor_state__struct.hpp
[9.770s] -- Installing: /home/cstar/Documents/brs_ws/ros_ws/install/turtlebot3_msgs/include/turtlebot3_msgs/turtlebot3_msgs/msg/detail/sound__traits.hpp
[9.771s] -- Installing: /home/cstar/Documents/brs_ws/ros_ws/install/turtlebot3_msgs/include/turtlebot3_msgs/turtlebot3_msgs/msg/detail/version_info__traits.hpp
[9.771s] -- Installing: /home/cstar/Documents/brs_ws/ros_ws/install/turtlebot3_msgs/include/turtlebot3_msgs/turtlebot3_msgs/msg/detail/sound__builder.hpp
[9.771s] -- Installing: /home/cstar/Documents/brs_ws/ros_ws/install/turtlebot3_msgs/include/turtlebot3_msgs/turtlebot3_msgs/msg/detail/sound__struct.hpp
[9.771s] -- Installing: /home/cstar/Documents/brs_ws/ros_ws/install/turtlebot3_msgs/include/turtlebot3_msgs/turtlebot3_msgs/msg/detail/sensor_state__builder.hpp
[9.771s] -- Installing: /home/cstar/Documents/brs_ws/ros_ws/install/turtlebot3_msgs/include/turtlebot3_msgs/turtlebot3_msgs/msg/detail/sensor_state__traits.hpp
[9.771s] -- Installing: /home/cstar/Documents/brs_ws/ros_ws/install/turtlebot3_msgs/include/turtlebot3_msgs/turtlebot3_msgs/msg/detail/version_info__struct.hpp
[9.771s] -- Installing: /home/cstar/Documents/brs_ws/ros_ws/install/turtlebot3_msgs/include/turtlebot3_msgs/turtlebot3_msgs/msg/version_info.hpp
[9.771s] -- Up-to-date: /home/cstar/Documents/brs_ws/ros_ws/install/turtlebot3_msgs/include/turtlebot3_msgs/turtlebot3_msgs
[9.771s] -- Up-to-date: /home/cstar/Documents/brs_ws/ros_ws/install/turtlebot3_msgs/include/turtlebot3_msgs/turtlebot3_msgs/action
[9.771s] -- Up-to-date: /home/cstar/Documents/brs_ws/ros_ws/install/turtlebot3_msgs/include/turtlebot3_msgs/turtlebot3_msgs/action/detail
[9.771s] -- Installing: /home/cstar/Documents/brs_ws/ros_ws/install/turtlebot3_msgs/include/turtlebot3_msgs/turtlebot3_msgs/action/detail/dds_fastrtps
[9.771s] -- Installing: /home/cstar/Documents/brs_ws/ros_ws/install/turtlebot3_msgs/include/turtlebot3_msgs/turtlebot3_msgs/action/detail/patrol__rosidl_typesupport_fastrtps_cpp.hpp
[9.771s] -- Up-to-date: /home/cstar/Documents/brs_ws/ros_ws/install/turtlebot3_msgs/include/turtlebot3_msgs/turtlebot3_msgs/srv
[9.771s] -- Up-to-date: /home/cstar/Documents/brs_ws/ros_ws/install/turtlebot3_msgs/include/turtlebot3_msgs/turtlebot3_msgs/srv/detail
[9.771s] -- Installing: /home/cstar/Documents/brs_ws/ros_ws/install/turtlebot3_msgs/include/turtlebot3_msgs/turtlebot3_msgs/srv/detail/sound__rosidl_typesupport_fastrtps_cpp.hpp
[9.771s] -- Installing: /home/cstar/Documents/brs_ws/ros_ws/install/turtlebot3_msgs/include/turtlebot3_msgs/turtlebot3_msgs/srv/detail/dds_fastrtps
[9.772s] -- Installing: /home/cstar/Documents/brs_ws/ros_ws/install/turtlebot3_msgs/include/turtlebot3_msgs/turtlebot3_msgs/srv/detail/dqn__rosidl_typesupport_fastrtps_cpp.hpp
[9.772s] -- Up-to-date: /home/cstar/Documents/brs_ws/ros_ws/install/turtlebot3_msgs/include/turtlebot3_msgs/turtlebot3_msgs/msg
[9.772s] -- Installing: /home/cstar/Documents/brs_ws/ros_ws/install/turtlebot3_msgs/include/turtlebot3_msgs/turtlebot3_msgs/msg/rosidl_typesupport_fastrtps_cpp__visibility_control.h
[9.772s] -- Up-to-date: /home/cstar/Documents/brs_ws/ros_ws/install/turtlebot3_msgs/include/turtlebot3_msgs/turtlebot3_msgs/msg/detail
[9.772s] -- Installing: /home/cstar/Documents/brs_ws/ros_ws/install/turtlebot3_msgs/include/turtlebot3_msgs/turtlebot3_msgs/msg/detail/sound__rosidl_typesupport_fastrtps_cpp.hpp
[9.772s] -- Installing: /home/cstar/Documents/brs_ws/ros_ws/install/turtlebot3_msgs/include/turtlebot3_msgs/turtlebot3_msgs/msg/detail/dds_fastrtps
[9.772s] -- Installing: /home/cstar/Documents/brs_ws/ros_ws/install/turtlebot3_msgs/include/turtlebot3_msgs/turtlebot3_msgs/msg/detail/sensor_state__rosidl_typesupport_fastrtps_cpp.hpp
[9.772s] -- Installing: /home/cstar/Documents/brs_ws/ros_ws/install/turtlebot3_msgs/include/turtlebot3_msgs/turtlebot3_msgs/msg/detail/version_info__rosidl_typesupport_fastrtps_cpp.hpp
[9.772s] -- Installing: /home/cstar/Documents/brs_ws/ros_ws/install/turtlebot3_msgs/lib/libturtlebot3_msgs__rosidl_typesupport_fastrtps_cpp.so
[9.772s] -- Set runtime path of "/home/cstar/Documents/brs_ws/ros_ws/install/turtlebot3_msgs/lib/libturtlebot3_msgs__rosidl_typesupport_fastrtps_cpp.so" to ""
[9.772s] -- Up-to-date: /home/cstar/Documents/brs_ws/ros_ws/install/turtlebot3_msgs/include/turtlebot3_msgs/turtlebot3_msgs
[9.772s] -- Up-to-date: /home/cstar/Documents/brs_ws/ros_ws/install/turtlebot3_msgs/include/turtlebot3_msgs/turtlebot3_msgs/action
[9.772s] -- Up-to-date: /home/cstar/Documents/brs_ws/ros_ws/install/turtlebot3_msgs/include/turtlebot3_msgs/turtlebot3_msgs/action/detail
[9.772s] -- Installing: /home/cstar/Documents/brs_ws/ros_ws/install/turtlebot3_msgs/include/turtlebot3_msgs/turtlebot3_msgs/action/detail/patrol__rosidl_typesupport_introspection_c.h
[9.772s] -- Installing: /home/cstar/Documents/brs_ws/ros_ws/install/turtlebot3_msgs/include/turtlebot3_msgs/turtlebot3_msgs/action/detail/patrol__type_support.c
[9.772s] -- Up-to-date: /home/cstar/Documents/brs_ws/ros_ws/install/turtlebot3_msgs/include/turtlebot3_msgs/turtlebot3_msgs/srv
[9.772s] -- Up-to-date: /home/cstar/Documents/brs_ws/ros_ws/install/turtlebot3_msgs/include/turtlebot3_msgs/turtlebot3_msgs/srv/detail
[9.772s] -- Installing: /home/cstar/Documents/brs_ws/ros_ws/install/turtlebot3_msgs/include/turtlebot3_msgs/turtlebot3_msgs/srv/detail/dqn__rosidl_typesupport_introspection_c.h
[9.772s] -- Installing: /home/cstar/Documents/brs_ws/ros_ws/install/turtlebot3_msgs/include/turtlebot3_msgs/turtlebot3_msgs/srv/detail/sound__rosidl_typesupport_introspection_c.h
[9.772s] -- Installing: /home/cstar/Documents/brs_ws/ros_ws/install/turtlebot3_msgs/include/turtlebot3_msgs/turtlebot3_msgs/srv/detail/sound__type_support.c
[9.772s] -- Installing: /home/cstar/Documents/brs_ws/ros_ws/install/turtlebot3_msgs/include/turtlebot3_msgs/turtlebot3_msgs/srv/detail/dqn__type_support.c
[9.773s] -- Up-to-date: /home/cstar/Documents/brs_ws/ros_ws/install/turtlebot3_msgs/include/turtlebot3_msgs/turtlebot3_msgs/msg
[9.773s] -- Installing: /home/cstar/Documents/brs_ws/ros_ws/install/turtlebot3_msgs/include/turtlebot3_msgs/turtlebot3_msgs/msg/rosidl_typesupport_introspection_c__visibility_control.h
[9.773s] -- Up-to-date: /home/cstar/Documents/brs_ws/ros_ws/install/turtlebot3_msgs/include/turtlebot3_msgs/turtlebot3_msgs/msg/detail
[9.773s] -- Installing: /home/cstar/Documents/brs_ws/ros_ws/install/turtlebot3_msgs/include/turtlebot3_msgs/turtlebot3_msgs/msg/detail/version_info__rosidl_typesupport_introspection_c.h
[9.773s] -- Installing: /home/cstar/Documents/brs_ws/ros_ws/install/turtlebot3_msgs/include/turtlebot3_msgs/turtlebot3_msgs/msg/detail/version_info__type_support.c
[9.773s] -- Installing: /home/cstar/Documents/brs_ws/ros_ws/install/turtlebot3_msgs/include/turtlebot3_msgs/turtlebot3_msgs/msg/detail/sensor_state__rosidl_typesupport_introspection_c.h
[9.773s] -- Installing: /home/cstar/Documents/brs_ws/ros_ws/install/turtlebot3_msgs/include/turtlebot3_msgs/turtlebot3_msgs/msg/detail/sound__rosidl_typesupport_introspection_c.h
[9.773s] -- Installing: /home/cstar/Documents/brs_ws/ros_ws/install/turtlebot3_msgs/include/turtlebot3_msgs/turtlebot3_msgs/msg/detail/sensor_state__type_support.c
[9.773s] -- Installing: /home/cstar/Documents/brs_ws/ros_ws/install/turtlebot3_msgs/include/turtlebot3_msgs/turtlebot3_msgs/msg/detail/sound__type_support.c
[9.773s] -- Installing: /home/cstar/Documents/brs_ws/ros_ws/install/turtlebot3_msgs/lib/libturtlebot3_msgs__rosidl_typesupport_introspection_c.so
[9.773s] -- Set runtime path of "/home/cstar/Documents/brs_ws/ros_ws/install/turtlebot3_msgs/lib/libturtlebot3_msgs__rosidl_typesupport_introspection_c.so" to ""
[9.773s] -- Installing: /home/cstar/Documents/brs_ws/ros_ws/install/turtlebot3_msgs/lib/libturtlebot3_msgs__rosidl_typesupport_c.so
[9.773s] -- Set runtime path of "/home/cstar/Documents/brs_ws/ros_ws/install/turtlebot3_msgs/lib/libturtlebot3_msgs__rosidl_typesupport_c.so" to ""
[9.773s] -- Up-to-date: /home/cstar/Documents/brs_ws/ros_ws/install/turtlebot3_msgs/include/turtlebot3_msgs/turtlebot3_msgs
[9.773s] -- Up-to-date: /home/cstar/Documents/brs_ws/ros_ws/install/turtlebot3_msgs/include/turtlebot3_msgs/turtlebot3_msgs/action
[9.773s] -- Up-to-date: /home/cstar/Documents/brs_ws/ros_ws/install/turtlebot3_msgs/include/turtlebot3_msgs/turtlebot3_msgs/action/detail
[9.773s] -- Installing: /home/cstar/Documents/brs_ws/ros_ws/install/turtlebot3_msgs/include/turtlebot3_msgs/turtlebot3_msgs/action/detail/patrol__type_support.cpp
[9.773s] -- Installing: /home/cstar/Documents/brs_ws/ros_ws/install/turtlebot3_msgs/include/turtlebot3_msgs/turtlebot3_msgs/action/detail/patrol__rosidl_typesupport_introspection_cpp.hpp
[9.774s] -- Up-to-date: /home/cstar/Documents/brs_ws/ros_ws/install/turtlebot3_msgs/include/turtlebot3_msgs/turtlebot3_msgs/srv
[9.774s] -- Up-to-date: /home/cstar/Documents/brs_ws/ros_ws/install/turtlebot3_msgs/include/turtlebot3_msgs/turtlebot3_msgs/srv/detail
[9.774s] -- Installing: /home/cstar/Documents/brs_ws/ros_ws/install/turtlebot3_msgs/include/turtlebot3_msgs/turtlebot3_msgs/srv/detail/dqn__type_support.cpp
[9.774s] -- Installing: /home/cstar/Documents/brs_ws/ros_ws/install/turtlebot3_msgs/include/turtlebot3_msgs/turtlebot3_msgs/srv/detail/sound__rosidl_typesupport_introspection_cpp.hpp
[9.774s] -- Installing: /home/cstar/Documents/brs_ws/ros_ws/install/turtlebot3_msgs/include/turtlebot3_msgs/turtlebot3_msgs/srv/detail/dqn__rosidl_typesupport_introspection_cpp.hpp
[9.774s] -- Installing: /home/cstar/Documents/brs_ws/ros_ws/install/turtlebot3_msgs/include/turtlebot3_msgs/turtlebot3_msgs/srv/detail/sound__type_support.cpp
[9.774s] -- Up-to-date: /home/cstar/Documents/brs_ws/ros_ws/install/turtlebot3_msgs/include/turtlebot3_msgs/turtlebot3_msgs/msg
[9.774s] -- Up-to-date: /home/cstar/Documents/brs_ws/ros_ws/install/turtlebot3_msgs/include/turtlebot3_msgs/turtlebot3_msgs/msg/detail
[9.774s] -- Installing: /home/cstar/Documents/brs_ws/ros_ws/install/turtlebot3_msgs/include/turtlebot3_msgs/turtlebot3_msgs/msg/detail/sound__rosidl_typesupport_introspection_cpp.hpp
[9.774s] -- Installing: /home/cstar/Documents/brs_ws/ros_ws/install/turtlebot3_msgs/include/turtlebot3_msgs/turtlebot3_msgs/msg/detail/version_info__rosidl_typesupport_introspection_cpp.hpp
[9.774s] -- Installing: /home/cstar/Documents/brs_ws/ros_ws/install/turtlebot3_msgs/include/turtlebot3_msgs/turtlebot3_msgs/msg/detail/sensor_state__type_support.cpp
[9.774s] -- Installing: /home/cstar/Documents/brs_ws/ros_ws/install/turtlebot3_msgs/include/turtlebot3_msgs/turtlebot3_msgs/msg/detail/sensor_state__rosidl_typesupport_introspection_cpp.hpp
[9.774s] -- Installing: /home/cstar/Documents/brs_ws/ros_ws/install/turtlebot3_msgs/include/turtlebot3_msgs/turtlebot3_msgs/msg/detail/version_info__type_support.cpp
[9.774s] -- Installing: /home/cstar/Documents/brs_ws/ros_ws/install/turtlebot3_msgs/include/turtlebot3_msgs/turtlebot3_msgs/msg/detail/sound__type_support.cpp
[9.774s] -- Installing: /home/cstar/Documents/brs_ws/ros_ws/install/turtlebot3_msgs/lib/libturtlebot3_msgs__rosidl_typesupport_introspection_cpp.so
[9.774s] -- Set runtime path of "/home/cstar/Documents/brs_ws/ros_ws/install/turtlebot3_msgs/lib/libturtlebot3_msgs__rosidl_typesupport_introspection_cpp.so" to ""
[9.774s] -- Installing: /home/cstar/Documents/brs_ws/ros_ws/install/turtlebot3_msgs/lib/libturtlebot3_msgs__rosidl_typesupport_cpp.so
[9.775s] -- Set runtime path of "/home/cstar/Documents/brs_ws/ros_ws/install/turtlebot3_msgs/lib/libturtlebot3_msgs__rosidl_typesupport_cpp.so" to ""
[9.775s] -- Installing: /home/cstar/Documents/brs_ws/ros_ws/install/turtlebot3_msgs/share/turtlebot3_msgs/environment/pythonpath.sh
[9.775s] -- Installing: /home/cstar/Documents/brs_ws/ros_ws/install/turtlebot3_msgs/share/turtlebot3_msgs/environment/pythonpath.dsv
[9.775s] -- Installing: /home/cstar/Documents/brs_ws/ros_ws/install/turtlebot3_msgs/local/lib/python3.10/dist-packages/turtlebot3_msgs-2.2.3-py3.10.egg-info
[9.775s] -- Installing: /home/cstar/Documents/brs_ws/ros_ws/install/turtlebot3_msgs/local/lib/python3.10/dist-packages/turtlebot3_msgs-2.2.3-py3.10.egg-info/dependency_links.txt
[9.775s] -- Installing: /home/cstar/Documents/brs_ws/ros_ws/install/turtlebot3_msgs/local/lib/python3.10/dist-packages/turtlebot3_msgs-2.2.3-py3.10.egg-info/PKG-INFO
[9.775s] -- Installing: /home/cstar/Documents/brs_ws/ros_ws/install/turtlebot3_msgs/local/lib/python3.10/dist-packages/turtlebot3_msgs-2.2.3-py3.10.egg-info/SOURCES.txt
[9.775s] -- Installing: /home/cstar/Documents/brs_ws/ros_ws/install/turtlebot3_msgs/local/lib/python3.10/dist-packages/turtlebot3_msgs-2.2.3-py3.10.egg-info/top_level.txt
[9.775s] -- Installing: /home/cstar/Documents/brs_ws/ros_ws/install/turtlebot3_msgs/local/lib/python3.10/dist-packages/turtlebot3_msgs
[9.775s] -- Installing: /home/cstar/Documents/brs_ws/ros_ws/install/turtlebot3_msgs/local/lib/python3.10/dist-packages/turtlebot3_msgs/_turtlebot3_msgs_s.ep.rosidl_typesupport_c.c
[9.775s] -- Installing: /home/cstar/Documents/brs_ws/ros_ws/install/turtlebot3_msgs/local/lib/python3.10/dist-packages/turtlebot3_msgs/action
[9.775s] -- Installing: /home/cstar/Documents/brs_ws/ros_ws/install/turtlebot3_msgs/local/lib/python3.10/dist-packages/turtlebot3_msgs/action/__init__.py
[9.775s] -- Installing: /home/cstar/Documents/brs_ws/ros_ws/install/turtlebot3_msgs/local/lib/python3.10/dist-packages/turtlebot3_msgs/action/_patrol.py
[9.776s] -- Installing: /home/cstar/Documents/brs_ws/ros_ws/install/turtlebot3_msgs/local/lib/python3.10/dist-packages/turtlebot3_msgs/action/_patrol_s.c
[9.776s] -- Installing: /home/cstar/Documents/brs_ws/ros_ws/install/turtlebot3_msgs/local/lib/python3.10/dist-packages/turtlebot3_msgs/libturtlebot3_msgs__rosidl_generator_py.so
[9.776s] -- Installing: /home/cstar/Documents/brs_ws/ros_ws/install/turtlebot3_msgs/local/lib/python3.10/dist-packages/turtlebot3_msgs/__init__.py
[9.776s] -- Installing: /home/cstar/Documents/brs_ws/ros_ws/install/turtlebot3_msgs/local/lib/python3.10/dist-packages/turtlebot3_msgs/srv
[9.776s] -- Installing: /home/cstar/Documents/brs_ws/ros_ws/install/turtlebot3_msgs/local/lib/python3.10/dist-packages/turtlebot3_msgs/srv/_dqn.py
[9.776s] -- Installing: /home/cstar/Documents/brs_ws/ros_ws/install/turtlebot3_msgs/local/lib/python3.10/dist-packages/turtlebot3_msgs/srv/__init__.py
[9.776s] -- Installing: /home/cstar/Documents/brs_ws/ros_ws/install/turtlebot3_msgs/local/lib/python3.10/dist-packages/turtlebot3_msgs/srv/_sound.py
[9.776s] -- Installing: /home/cstar/Documents/brs_ws/ros_ws/install/turtlebot3_msgs/local/lib/python3.10/dist-packages/turtlebot3_msgs/srv/_dqn_s.c
[9.776s] -- Installing: /home/cstar/Documents/brs_ws/ros_ws/install/turtlebot3_msgs/local/lib/python3.10/dist-packages/turtlebot3_msgs/srv/_sound_s.c
[9.776s] -- Installing: /home/cstar/Documents/brs_ws/ros_ws/install/turtlebot3_msgs/local/lib/python3.10/dist-packages/turtlebot3_msgs/_turtlebot3_msgs_s.ep.rosidl_typesupport_introspection_c.c
[9.776s] -- Installing: /home/cstar/Documents/brs_ws/ros_ws/install/turtlebot3_msgs/local/lib/python3.10/dist-packages/turtlebot3_msgs/msg
[9.776s] -- Installing: /home/cstar/Documents/brs_ws/ros_ws/install/turtlebot3_msgs/local/lib/python3.10/dist-packages/turtlebot3_msgs/msg/_sensor_state.py
[9.776s] -- Installing: /home/cstar/Documents/brs_ws/ros_ws/install/turtlebot3_msgs/local/lib/python3.10/dist-packages/turtlebot3_msgs/msg/__init__.py
[9.776s] -- Installing: /home/cstar/Documents/brs_ws/ros_ws/install/turtlebot3_msgs/local/lib/python3.10/dist-packages/turtlebot3_msgs/msg/_version_info_s.c
[9.777s] -- Installing: /home/cstar/Documents/brs_ws/ros_ws/install/turtlebot3_msgs/local/lib/python3.10/dist-packages/turtlebot3_msgs/msg/_sound.py
[9.777s] -- Installing: /home/cstar/Documents/brs_ws/ros_ws/install/turtlebot3_msgs/local/lib/python3.10/dist-packages/turtlebot3_msgs/msg/_sensor_state_s.c
[9.777s] -- Installing: /home/cstar/Documents/brs_ws/ros_ws/install/turtlebot3_msgs/local/lib/python3.10/dist-packages/turtlebot3_msgs/msg/_version_info.py
[9.777s] -- Installing: /home/cstar/Documents/brs_ws/ros_ws/install/turtlebot3_msgs/local/lib/python3.10/dist-packages/turtlebot3_msgs/msg/_sound_s.c
[9.777s] -- Installing: /home/cstar/Documents/brs_ws/ros_ws/install/turtlebot3_msgs/local/lib/python3.10/dist-packages/turtlebot3_msgs/turtlebot3_msgs_s__rosidl_typesupport_c.cpython-310-x86_64-linux-gnu.so
[9.777s] -- Installing: /home/cstar/Documents/brs_ws/ros_ws/install/turtlebot3_msgs/local/lib/python3.10/dist-packages/turtlebot3_msgs/_turtlebot3_msgs_s.ep.rosidl_typesupport_fastrtps_c.c
[9.777s] -- Installing: /home/cstar/Documents/brs_ws/ros_ws/install/turtlebot3_msgs/local/lib/python3.10/dist-packages/turtlebot3_msgs/turtlebot3_msgs_s__rosidl_typesupport_fastrtps_c.cpython-310-x86_64-linux-gnu.so
[9.777s] -- Installing: /home/cstar/Documents/brs_ws/ros_ws/install/turtlebot3_msgs/local/lib/python3.10/dist-packages/turtlebot3_msgs/turtlebot3_msgs_s__rosidl_typesupport_introspection_c.cpython-310-x86_64-linux-gnu.so
[9.806s] Listing '/home/cstar/Documents/brs_ws/ros_ws/install/turtlebot3_msgs/local/lib/python3.10/dist-packages/turtlebot3_msgs'...
[9.806s] Compiling '/home/cstar/Documents/brs_ws/ros_ws/install/turtlebot3_msgs/local/lib/python3.10/dist-packages/turtlebot3_msgs/__init__.py'...
[9.806s] Listing '/home/cstar/Documents/brs_ws/ros_ws/install/turtlebot3_msgs/local/lib/python3.10/dist-packages/turtlebot3_msgs/action'...
[9.806s] Compiling '/home/cstar/Documents/brs_ws/ros_ws/install/turtlebot3_msgs/local/lib/python3.10/dist-packages/turtlebot3_msgs/action/__init__.py'...
[9.806s] Compiling '/home/cstar/Documents/brs_ws/ros_ws/install/turtlebot3_msgs/local/lib/python3.10/dist-packages/turtlebot3_msgs/action/_patrol.py'...
[9.806s] Listing '/home/cstar/Documents/brs_ws/ros_ws/install/turtlebot3_msgs/local/lib/python3.10/dist-packages/turtlebot3_msgs/msg'...
[9.806s] Compiling '/home/cstar/Documents/brs_ws/ros_ws/install/turtlebot3_msgs/local/lib/python3.10/dist-packages/turtlebot3_msgs/msg/__init__.py'...
[9.806s] Compiling '/home/cstar/Documents/brs_ws/ros_ws/install/turtlebot3_msgs/local/lib/python3.10/dist-packages/turtlebot3_msgs/msg/_sensor_state.py'...
[9.806s] Compiling '/home/cstar/Documents/brs_ws/ros_ws/install/turtlebot3_msgs/local/lib/python3.10/dist-packages/turtlebot3_msgs/msg/_sound.py'...
[9.806s] Compiling '/home/cstar/Documents/brs_ws/ros_ws/install/turtlebot3_msgs/local/lib/python3.10/dist-packages/turtlebot3_msgs/msg/_version_info.py'...
[9.806s] Listing '/home/cstar/Documents/brs_ws/ros_ws/install/turtlebot3_msgs/local/lib/python3.10/dist-packages/turtlebot3_msgs/srv'...
[9.806s] Compiling '/home/cstar/Documents/brs_ws/ros_ws/install/turtlebot3_msgs/local/lib/python3.10/dist-packages/turtlebot3_msgs/srv/__init__.py'...
[9.806s] Compiling '/home/cstar/Documents/brs_ws/ros_ws/install/turtlebot3_msgs/local/lib/python3.10/dist-packages/turtlebot3_msgs/srv/_dqn.py'...
[9.806s] Compiling '/home/cstar/Documents/brs_ws/ros_ws/install/turtlebot3_msgs/local/lib/python3.10/dist-packages/turtlebot3_msgs/srv/_sound.py'...
[9.809s] -- Installing: /home/cstar/Documents/brs_ws/ros_ws/install/turtlebot3_msgs/local/lib/python3.10/dist-packages/turtlebot3_msgs/turtlebot3_msgs_s__rosidl_typesupport_fastrtps_c.cpython-310-x86_64-linux-gnu.so
[9.809s] -- Set runtime path of "/home/cstar/Documents/brs_ws/ros_ws/install/turtlebot3_msgs/local/lib/python3.10/dist-packages/turtlebot3_msgs/turtlebot3_msgs_s__rosidl_typesupport_fastrtps_c.cpython-310-x86_64-linux-gnu.so" to ""
[9.809s] -- Installing: /home/cstar/Documents/brs_ws/ros_ws/install/turtlebot3_msgs/local/lib/python3.10/dist-packages/turtlebot3_msgs/turtlebot3_msgs_s__rosidl_typesupport_introspection_c.cpython-310-x86_64-linux-gnu.so
[9.810s] -- Set runtime path of "/home/cstar/Documents/brs_ws/ros_ws/install/turtlebot3_msgs/local/lib/python3.10/dist-packages/turtlebot3_msgs/turtlebot3_msgs_s__rosidl_typesupport_introspection_c.cpython-310-x86_64-linux-gnu.so" to ""
[9.810s] -- Installing: /home/cstar/Documents/brs_ws/ros_ws/install/turtlebot3_msgs/local/lib/python3.10/dist-packages/turtlebot3_msgs/turtlebot3_msgs_s__rosidl_typesupport_c.cpython-310-x86_64-linux-gnu.so
[9.810s] -- Set runtime path of "/home/cstar/Documents/brs_ws/ros_ws/install/turtlebot3_msgs/local/lib/python3.10/dist-packages/turtlebot3_msgs/turtlebot3_msgs_s__rosidl_typesupport_c.cpython-310-x86_64-linux-gnu.so" to ""
[9.810s] -- Installing: /home/cstar/Documents/brs_ws/ros_ws/install/turtlebot3_msgs/lib/libturtlebot3_msgs__rosidl_generator_py.so
[9.810s] -- Set runtime path of "/home/cstar/Documents/brs_ws/ros_ws/install/turtlebot3_msgs/lib/libturtlebot3_msgs__rosidl_generator_py.so" to ""
[9.810s] -- Installing: /home/cstar/Documents/brs_ws/ros_ws/install/turtlebot3_msgs/share/turtlebot3_msgs/msg/SensorState.idl
[9.810s] -- Installing: /home/cstar/Documents/brs_ws/ros_ws/install/turtlebot3_msgs/share/turtlebot3_msgs/msg/Sound.idl
[9.810s] -- Installing: /home/cstar/Documents/brs_ws/ros_ws/install/turtlebot3_msgs/share/turtlebot3_msgs/msg/VersionInfo.idl
[9.810s] -- Installing: /home/cstar/Documents/brs_ws/ros_ws/install/turtlebot3_msgs/share/turtlebot3_msgs/srv/Sound.idl
[9.811s] -- Installing: /home/cstar/Documents/brs_ws/ros_ws/install/turtlebot3_msgs/share/turtlebot3_msgs/srv/Dqn.idl
[9.811s] -- Installing: /home/cstar/Documents/brs_ws/ros_ws/install/turtlebot3_msgs/share/turtlebot3_msgs/action/Patrol.idl
[9.811s] -- Installing: /home/cstar/Documents/brs_ws/ros_ws/install/turtlebot3_msgs/share/turtlebot3_msgs/msg/SensorState.msg
[9.811s] -- Installing: /home/cstar/Documents/brs_ws/ros_ws/install/turtlebot3_msgs/share/turtlebot3_msgs/msg/Sound.msg
[9.811s] -- Installing: /home/cstar/Documents/brs_ws/ros_ws/install/turtlebot3_msgs/share/turtlebot3_msgs/msg/VersionInfo.msg
[9.811s] -- Installing: /home/cstar/Documents/brs_ws/ros_ws/install/turtlebot3_msgs/share/turtlebot3_msgs/srv/Sound.srv
[9.811s] -- Installing: /home/cstar/Documents/brs_ws/ros_ws/install/turtlebot3_msgs/share/turtlebot3_msgs/srv/Sound_Request.msg
[9.811s] -- Installing: /home/cstar/Documents/brs_ws/ros_ws/install/turtlebot3_msgs/share/turtlebot3_msgs/srv/Sound_Response.msg
[9.811s] -- Installing: /home/cstar/Documents/brs_ws/ros_ws/install/turtlebot3_msgs/share/turtlebot3_msgs/srv/Dqn.srv
[9.811s] -- Installing: /home/cstar/Documents/brs_ws/ros_ws/install/turtlebot3_msgs/share/turtlebot3_msgs/srv/Dqn_Request.msg
[9.811s] -- Installing: /home/cstar/Documents/brs_ws/ros_ws/install/turtlebot3_msgs/share/turtlebot3_msgs/srv/Dqn_Response.msg
[9.812s] -- Installing: /home/cstar/Documents/brs_ws/ros_ws/install/turtlebot3_msgs/share/turtlebot3_msgs/action/Patrol.action
[9.812s] -- Installing: /home/cstar/Documents/brs_ws/ros_ws/install/turtlebot3_msgs/share/ament_index/resource_index/package_run_dependencies/turtlebot3_msgs
[9.812s] -- Installing: /home/cstar/Documents/brs_ws/ros_ws/install/turtlebot3_msgs/share/ament_index/resource_index/parent_prefix_path/turtlebot3_msgs
[9.812s] -- Installing: /home/cstar/Documents/brs_ws/ros_ws/install/turtlebot3_msgs/share/turtlebot3_msgs/environment/ament_prefix_path.sh
[9.812s] -- Installing: /home/cstar/Documents/brs_ws/ros_ws/install/turtlebot3_msgs/share/turtlebot3_msgs/environment/ament_prefix_path.dsv
[9.812s] -- Installing: /home/cstar/Documents/brs_ws/ros_ws/install/turtlebot3_msgs/share/turtlebot3_msgs/environment/path.sh
[9.812s] -- Installing: /home/cstar/Documents/brs_ws/ros_ws/install/turtlebot3_msgs/share/turtlebot3_msgs/environment/path.dsv
[9.812s] -- Installing: /home/cstar/Documents/brs_ws/ros_ws/install/turtlebot3_msgs/share/turtlebot3_msgs/local_setup.bash
[9.812s] -- Installing: /home/cstar/Documents/brs_ws/ros_ws/install/turtlebot3_msgs/share/turtlebot3_msgs/local_setup.sh
[9.812s] -- Installing: /home/cstar/Documents/brs_ws/ros_ws/install/turtlebot3_msgs/share/turtlebot3_msgs/local_setup.zsh
[9.812s] -- Installing: /home/cstar/Documents/brs_ws/ros_ws/install/turtlebot3_msgs/share/turtlebot3_msgs/local_setup.dsv
[9.813s] -- Installing: /home/cstar/Documents/brs_ws/ros_ws/install/turtlebot3_msgs/share/turtlebot3_msgs/package.dsv
[9.813s] -- Installing: /home/cstar/Documents/brs_ws/ros_ws/install/turtlebot3_msgs/share/ament_index/resource_index/packages/turtlebot3_msgs
[9.813s] -- Installing: /home/cstar/Documents/brs_ws/ros_ws/install/turtlebot3_msgs/share/turtlebot3_msgs/cmake/export_turtlebot3_msgs__rosidl_generator_cExport.cmake
[9.813s] -- Installing: /home/cstar/Documents/brs_ws/ros_ws/install/turtlebot3_msgs/share/turtlebot3_msgs/cmake/export_turtlebot3_msgs__rosidl_generator_cExport-noconfig.cmake
[9.813s] -- Installing: /home/cstar/Documents/brs_ws/ros_ws/install/turtlebot3_msgs/share/turtlebot3_msgs/cmake/export_turtlebot3_msgs__rosidl_typesupport_fastrtps_cExport.cmake
[9.813s] -- Installing: /home/cstar/Documents/brs_ws/ros_ws/install/turtlebot3_msgs/share/turtlebot3_msgs/cmake/export_turtlebot3_msgs__rosidl_typesupport_fastrtps_cExport-noconfig.cmake
[9.813s] -- Installing: /home/cstar/Documents/brs_ws/ros_ws/install/turtlebot3_msgs/share/turtlebot3_msgs/cmake/export_turtlebot3_msgs__rosidl_generator_cppExport.cmake
[9.813s] -- Installing: /home/cstar/Documents/brs_ws/ros_ws/install/turtlebot3_msgs/share/turtlebot3_msgs/cmake/export_turtlebot3_msgs__rosidl_typesupport_fastrtps_cppExport.cmake
[9.813s] -- Installing: /home/cstar/Documents/brs_ws/ros_ws/install/turtlebot3_msgs/share/turtlebot3_msgs/cmake/export_turtlebot3_msgs__rosidl_typesupport_fastrtps_cppExport-noconfig.cmake
[9.813s] -- Installing: /home/cstar/Documents/brs_ws/ros_ws/install/turtlebot3_msgs/share/turtlebot3_msgs/cmake/turtlebot3_msgs__rosidl_typesupport_introspection_cExport.cmake
[9.813s] -- Installing: /home/cstar/Documents/brs_ws/ros_ws/install/turtlebot3_msgs/share/turtlebot3_msgs/cmake/turtlebot3_msgs__rosidl_typesupport_introspection_cExport-noconfig.cmake
[9.813s] -- Installing: /home/cstar/Documents/brs_ws/ros_ws/install/turtlebot3_msgs/share/turtlebot3_msgs/cmake/turtlebot3_msgs__rosidl_typesupport_cExport.cmake
[9.814s] -- Installing: /home/cstar/Documents/brs_ws/ros_ws/install/turtlebot3_msgs/share/turtlebot3_msgs/cmake/turtlebot3_msgs__rosidl_typesupport_cExport-noconfig.cmake
[9.814s] -- Installing: /home/cstar/Documents/brs_ws/ros_ws/install/turtlebot3_msgs/share/turtlebot3_msgs/cmake/turtlebot3_msgs__rosidl_typesupport_introspection_cppExport.cmake
[9.814s] -- Installing: /home/cstar/Documents/brs_ws/ros_ws/install/turtlebot3_msgs/share/turtlebot3_msgs/cmake/turtlebot3_msgs__rosidl_typesupport_introspection_cppExport-noconfig.cmake
[9.814s] -- Installing: /home/cstar/Documents/brs_ws/ros_ws/install/turtlebot3_msgs/share/turtlebot3_msgs/cmake/turtlebot3_msgs__rosidl_typesupport_cppExport.cmake
[9.814s] -- Installing: /home/cstar/Documents/brs_ws/ros_ws/install/turtlebot3_msgs/share/turtlebot3_msgs/cmake/turtlebot3_msgs__rosidl_typesupport_cppExport-noconfig.cmake
[9.814s] -- Installing: /home/cstar/Documents/brs_ws/ros_ws/install/turtlebot3_msgs/share/turtlebot3_msgs/cmake/export_turtlebot3_msgs__rosidl_generator_pyExport.cmake
[9.814s] -- Installing: /home/cstar/Documents/brs_ws/ros_ws/install/turtlebot3_msgs/share/turtlebot3_msgs/cmake/export_turtlebot3_msgs__rosidl_generator_pyExport-noconfig.cmake
[9.814s] -- Installing: /home/cstar/Documents/brs_ws/ros_ws/install/turtlebot3_msgs/share/turtlebot3_msgs/cmake/rosidl_cmake-extras.cmake
[9.814s] -- Installing: /home/cstar/Documents/brs_ws/ros_ws/install/turtlebot3_msgs/share/turtlebot3_msgs/cmake/ament_cmake_export_dependencies-extras.cmake
[9.814s] -- Installing: /home/cstar/Documents/brs_ws/ros_ws/install/turtlebot3_msgs/share/turtlebot3_msgs/cmake/ament_cmake_export_include_directories-extras.cmake
[9.814s] -- Installing: /home/cstar/Documents/brs_ws/ros_ws/install/turtlebot3_msgs/share/turtlebot3_msgs/cmake/ament_cmake_export_libraries-extras.cmake
[9.814s] -- Installing: /home/cstar/Documents/brs_ws/ros_ws/install/turtlebot3_msgs/share/turtlebot3_msgs/cmake/ament_cmake_export_targets-extras.cmake
[9.815s] -- Installing: /home/cstar/Documents/brs_ws/ros_ws/install/turtlebot3_msgs/share/turtlebot3_msgs/cmake/rosidl_cmake_export_typesupport_targets-extras.cmake
[9.815s] -- Installing: /home/cstar/Documents/brs_ws/ros_ws/install/turtlebot3_msgs/share/turtlebot3_msgs/cmake/rosidl_cmake_export_typesupport_libraries-extras.cmake
[9.815s] -- Installing: /home/cstar/Documents/brs_ws/ros_ws/install/turtlebot3_msgs/share/turtlebot3_msgs/cmake/turtlebot3_msgsConfig.cmake
[9.815s] -- Installing: /home/cstar/Documents/brs_ws/ros_ws/install/turtlebot3_msgs/share/turtlebot3_msgs/cmake/turtlebot3_msgsConfig-version.cmake
[9.815s] -- Installing: /home/cstar/Documents/brs_ws/ros_ws/install/turtlebot3_msgs/share/turtlebot3_msgs/package.xml
[9.817s] Invoked command in '/home/cstar/Documents/brs_ws/ros_ws/build/turtlebot3_msgs' returned '0': CMAKE_PREFIX_PATH=/opt/ros/humble /usr/bin/cmake --install /home/cstar/Documents/brs_ws/ros_ws/build/turtlebot3_msgs
