[0.007s] Invoking command in '/home/cstar/Documents/brs_ws/ros_ws/build/dynamixel_sdk_examples': AMENT_PREFIX_PATH=/home/cstar/Documents/brs_ws/ros_ws/install/dynamixel_sdk_custom_interfaces:/home/cstar/Documents/brs_ws/ros_ws/install/dynamixel_sdk:${AMENT_PREFIX_PATH} CMAKE_PREFIX_PATH=/home/cstar/Documents/brs_ws/ros_ws/install/dynamixel_sdk_custom_interfaces:/home/cstar/Documents/brs_ws/ros_ws/install/dynamixel_sdk:/opt/ros/humble LD_LIBRARY_PATH=/home/cstar/Documents/brs_ws/ros_ws/install/dynamixel_sdk_custom_interfaces/lib:/home/cstar/Documents/brs_ws/ros_ws/install/dynamixel_sdk/lib:${LD_LIBRARY_PATH} PYTHONPATH=/home/cstar/Documents/brs_ws/ros_ws/install/dynamixel_sdk_custom_interfaces/local/lib/python3.10/dist-packages:${PYTHONPATH} /usr/bin/cmake /home/cstar/Documents/brs_ws/ros_ws/src/DynamixelSDK/dynamixel_sdk_examples -DCMAKE_INSTALL_PREFIX=/home/cstar/Documents/brs_ws/ros_ws/install/dynamixel_sdk_examples
[0.046s] -- The C compiler identification is GNU 11.4.0
[0.082s] -- The CXX compiler identification is GNU 11.4.0
[0.088s] -- Detecting C compiler ABI info
[0.131s] -- Detecting C compiler ABI info - done
[0.136s] -- Check for working C compiler: /usr/bin/cc - skipped
[0.136s] -- Detecting C compile features
[0.136s] -- Detecting C compile features - done
[0.138s] -- Detecting CXX compiler ABI info
[0.200s] -- Detecting CXX compiler ABI info - done
[0.204s] -- Check for working CXX compiler: /usr/bin/c++ - skipped
[0.205s] -- Detecting CXX compile features
[0.205s] -- Detecting CXX compile features - done
[0.206s] -- Found ament_cmake: 1.3.9 (/opt/ros/humble/share/ament_cmake/cmake)
[0.311s] -- Found Python3: /usr/bin/python3 (found version "3.10.12") found components: Interpreter 
[0.368s] -- Found dynamixel_sdk: 3.7.60 (/home/cstar/Documents/brs_ws/ros_ws/install/dynamixel_sdk/share/dynamixel_sdk/cmake)
[0.369s] -- Found dynamixel_sdk_custom_interfaces: 3.7.60 (/home/cstar/Documents/brs_ws/ros_ws/install/dynamixel_sdk_custom_interfaces/share/dynamixel_sdk_custom_interfaces/cmake)
[0.393s] -- Found rosidl_generator_c: 3.1.5 (/opt/ros/humble/share/rosidl_generator_c/cmake)
[0.396s] -- Found rosidl_adapter: 3.1.5 (/opt/ros/humble/share/rosidl_adapter/cmake)
[0.401s] -- Found rosidl_generator_cpp: 3.1.5 (/opt/ros/humble/share/rosidl_generator_cpp/cmake)
[0.410s] -- Using all available rosidl_typesupport_c: rosidl_typesupport_fastrtps_c;rosidl_typesupport_introspection_c
[0.422s] -- Using all available rosidl_typesupport_cpp: rosidl_typesupport_fastrtps_cpp;rosidl_typesupport_introspection_cpp
[0.459s] -- Found rclcpp: 16.0.9 (/opt/ros/humble/share/rclcpp/cmake)
[0.497s] -- Found rmw_implementation_cmake: 6.1.2 (/opt/ros/humble/share/rmw_implementation_cmake/cmake)
[0.499s] -- Found rmw_fastrtps_cpp: 6.2.6 (/opt/ros/humble/share/rmw_fastrtps_cpp/cmake)
[0.561s] -- Found OpenSSL: /usr/lib/x86_64-linux-gnu/libcrypto.so (found version "3.0.2")  
[0.580s] -- Found FastRTPS: /opt/ros/humble/include  
[0.615s] -- Using RMW implementation 'rmw_fastrtps_cpp' as default
[0.621s] -- Looking for pthread.h
[0.674s] -- Looking for pthread.h - found
[0.674s] -- Performing Test CMAKE_HAVE_LIBC_PTHREAD
[0.726s] -- Performing Test CMAKE_HAVE_LIBC_PTHREAD - Success
[0.727s] -- Found Threads: TRUE  
[0.893s] -- Found ament_lint_auto: 0.12.11 (/opt/ros/humble/share/ament_lint_auto/cmake)
[1.101s] -- Added test 'copyright' to check source files copyright and LICENSE
[1.124s] -- Added test 'cppcheck' to perform static code analysis on C / C++ code
[1.124s] -- Configured cppcheck include dirs: /home/cstar/Documents/brs_ws/ros_ws/src/DynamixelSDK/dynamixel_sdk_examples/include
[1.124s] -- Configured cppcheck exclude dirs and/or files: 
[1.150s] -- Added test 'cpplint' to check C / C++ code against the Google style
[1.150s] -- Configured cpplint exclude dirs and/or files: 
[1.165s] -- Added test 'lint_cmake' to check CMake code style
[1.178s] -- Added test 'uncrustify' to check C / C++ code style
[1.178s] -- Configured uncrustify additional arguments: 
[1.179s] -- Added test 'xmllint' to check XML markup files
[1.179s] -- Configuring done
[1.185s] -- Generating done
[1.186s] -- Build files have been written to: /home/cstar/Documents/brs_ws/ros_ws/build/dynamixel_sdk_examples
[1.192s] Invoked command in '/home/cstar/Documents/brs_ws/ros_ws/build/dynamixel_sdk_examples' returned '0': AMENT_PREFIX_PATH=/home/cstar/Documents/brs_ws/ros_ws/install/dynamixel_sdk_custom_interfaces:/home/cstar/Documents/brs_ws/ros_ws/install/dynamixel_sdk:${AMENT_PREFIX_PATH} CMAKE_PREFIX_PATH=/home/cstar/Documents/brs_ws/ros_ws/install/dynamixel_sdk_custom_interfaces:/home/cstar/Documents/brs_ws/ros_ws/install/dynamixel_sdk:/opt/ros/humble LD_LIBRARY_PATH=/home/cstar/Documents/brs_ws/ros_ws/install/dynamixel_sdk_custom_interfaces/lib:/home/cstar/Documents/brs_ws/ros_ws/install/dynamixel_sdk/lib:${LD_LIBRARY_PATH} PYTHONPATH=/home/cstar/Documents/brs_ws/ros_ws/install/dynamixel_sdk_custom_interfaces/local/lib/python3.10/dist-packages:${PYTHONPATH} /usr/bin/cmake /home/cstar/Documents/brs_ws/ros_ws/src/DynamixelSDK/dynamixel_sdk_examples -DCMAKE_INSTALL_PREFIX=/home/cstar/Documents/brs_ws/ros_ws/install/dynamixel_sdk_examples
[1.193s] Invoking command in '/home/cstar/Documents/brs_ws/ros_ws/build/dynamixel_sdk_examples': AMENT_PREFIX_PATH=/home/cstar/Documents/brs_ws/ros_ws/install/dynamixel_sdk_custom_interfaces:/home/cstar/Documents/brs_ws/ros_ws/install/dynamixel_sdk:${AMENT_PREFIX_PATH} CMAKE_PREFIX_PATH=/home/cstar/Documents/brs_ws/ros_ws/install/dynamixel_sdk_custom_interfaces:/home/cstar/Documents/brs_ws/ros_ws/install/dynamixel_sdk:/opt/ros/humble LD_LIBRARY_PATH=/home/cstar/Documents/brs_ws/ros_ws/install/dynamixel_sdk_custom_interfaces/lib:/home/cstar/Documents/brs_ws/ros_ws/install/dynamixel_sdk/lib:${LD_LIBRARY_PATH} PYTHONPATH=/home/cstar/Documents/brs_ws/ros_ws/install/dynamixel_sdk_custom_interfaces/local/lib/python3.10/dist-packages:${PYTHONPATH} /usr/bin/cmake --build /home/cstar/Documents/brs_ws/ros_ws/build/dynamixel_sdk_examples -- -j16 -l16
[1.228s] [ 50%] [32mBuilding CXX object CMakeFiles/read_write_node.dir/src/read_write_node.cpp.o[0m
[11.115s] [100%] [32m[1mLinking CXX executable read_write_node[0m
[13.093s] [100%] Built target read_write_node
[13.169s] Invoked command in '/home/cstar/Documents/brs_ws/ros_ws/build/dynamixel_sdk_examples' returned '0': AMENT_PREFIX_PATH=/home/cstar/Documents/brs_ws/ros_ws/install/dynamixel_sdk_custom_interfaces:/home/cstar/Documents/brs_ws/ros_ws/install/dynamixel_sdk:${AMENT_PREFIX_PATH} CMAKE_PREFIX_PATH=/home/cstar/Documents/brs_ws/ros_ws/install/dynamixel_sdk_custom_interfaces:/home/cstar/Documents/brs_ws/ros_ws/install/dynamixel_sdk:/opt/ros/humble LD_LIBRARY_PATH=/home/cstar/Documents/brs_ws/ros_ws/install/dynamixel_sdk_custom_interfaces/lib:/home/cstar/Documents/brs_ws/ros_ws/install/dynamixel_sdk/lib:${LD_LIBRARY_PATH} PYTHONPATH=/home/cstar/Documents/brs_ws/ros_ws/install/dynamixel_sdk_custom_interfaces/local/lib/python3.10/dist-packages:${PYTHONPATH} /usr/bin/cmake --build /home/cstar/Documents/brs_ws/ros_ws/build/dynamixel_sdk_examples -- -j16 -l16
[13.244s] Invoking command in '/home/cstar/Documents/brs_ws/ros_ws/build/dynamixel_sdk_examples': AMENT_PREFIX_PATH=/home/cstar/Documents/brs_ws/ros_ws/install/dynamixel_sdk_custom_interfaces:/home/cstar/Documents/brs_ws/ros_ws/install/dynamixel_sdk:${AMENT_PREFIX_PATH} CMAKE_PREFIX_PATH=/home/cstar/Documents/brs_ws/ros_ws/install/dynamixel_sdk_custom_interfaces:/home/cstar/Documents/brs_ws/ros_ws/install/dynamixel_sdk:/opt/ros/humble LD_LIBRARY_PATH=/home/cstar/Documents/brs_ws/ros_ws/install/dynamixel_sdk_custom_interfaces/lib:/home/cstar/Documents/brs_ws/ros_ws/install/dynamixel_sdk/lib:${LD_LIBRARY_PATH} PYTHONPATH=/home/cstar/Documents/brs_ws/ros_ws/install/dynamixel_sdk_custom_interfaces/local/lib/python3.10/dist-packages:${PYTHONPATH} /usr/bin/cmake --install /home/cstar/Documents/brs_ws/ros_ws/build/dynamixel_sdk_examples
[13.265s] -- Install configuration: ""
[13.265s] -- Installing: /home/cstar/Documents/brs_ws/ros_ws/install/dynamixel_sdk_examples/lib/dynamixel_sdk_examples/read_write_node
[13.277s] -- Set runtime path of "/home/cstar/Documents/brs_ws/ros_ws/install/dynamixel_sdk_examples/lib/dynamixel_sdk_examples/read_write_node" to ""
[13.277s] -- Installing: /home/cstar/Documents/brs_ws/ros_ws/install/dynamixel_sdk_examples/share/ament_index/resource_index/package_run_dependencies/dynamixel_sdk_examples
[13.277s] -- Installing: /home/cstar/Documents/brs_ws/ros_ws/install/dynamixel_sdk_examples/share/ament_index/resource_index/parent_prefix_path/dynamixel_sdk_examples
[13.278s] -- Installing: /home/cstar/Documents/brs_ws/ros_ws/install/dynamixel_sdk_examples/share/dynamixel_sdk_examples/environment/ament_prefix_path.sh
[13.278s] -- Installing: /home/cstar/Documents/brs_ws/ros_ws/install/dynamixel_sdk_examples/share/dynamixel_sdk_examples/environment/ament_prefix_path.dsv
[13.279s] -- Installing: /home/cstar/Documents/brs_ws/ros_ws/install/dynamixel_sdk_examples/share/dynamixel_sdk_examples/environment/path.sh
[13.279s] -- Installing: /home/cstar/Documents/brs_ws/ros_ws/install/dynamixel_sdk_examples/share/dynamixel_sdk_examples/environment/path.dsv
[13.279s] -- Installing: /home/cstar/Documents/brs_ws/ros_ws/install/dynamixel_sdk_examples/share/dynamixel_sdk_examples/local_setup.bash
[13.280s] -- Installing: /home/cstar/Documents/brs_ws/ros_ws/install/dynamixel_sdk_examples/share/dynamixel_sdk_examples/local_setup.sh
[13.280s] -- Installing: /home/cstar/Documents/brs_ws/ros_ws/install/dynamixel_sdk_examples/share/dynamixel_sdk_examples/local_setup.zsh
[13.281s] -- Installing: /home/cstar/Documents/brs_ws/ros_ws/install/dynamixel_sdk_examples/share/dynamixel_sdk_examples/local_setup.dsv
[13.281s] -- Installing: /home/cstar/Documents/brs_ws/ros_ws/install/dynamixel_sdk_examples/share/dynamixel_sdk_examples/package.dsv
[13.282s] -- Installing: /home/cstar/Documents/brs_ws/ros_ws/install/dynamixel_sdk_examples/share/ament_index/resource_index/packages/dynamixel_sdk_examples
[13.283s] -- Installing: /home/cstar/Documents/brs_ws/ros_ws/install/dynamixel_sdk_examples/share/dynamixel_sdk_examples/cmake/dynamixel_sdk_examplesConfig.cmake
[13.283s] -- Installing: /home/cstar/Documents/brs_ws/ros_ws/install/dynamixel_sdk_examples/share/dynamixel_sdk_examples/cmake/dynamixel_sdk_examplesConfig-version.cmake
[13.283s] -- Installing: /home/cstar/Documents/brs_ws/ros_ws/install/dynamixel_sdk_examples/share/dynamixel_sdk_examples/package.xml
[13.290s] Invoked command in '/home/cstar/Documents/brs_ws/ros_ws/build/dynamixel_sdk_examples' returned '0': AMENT_PREFIX_PATH=/home/cstar/Documents/brs_ws/ros_ws/install/dynamixel_sdk_custom_interfaces:/home/cstar/Documents/brs_ws/ros_ws/install/dynamixel_sdk:${AMENT_PREFIX_PATH} CMAKE_PREFIX_PATH=/home/cstar/Documents/brs_ws/ros_ws/install/dynamixel_sdk_custom_interfaces:/home/cstar/Documents/brs_ws/ros_ws/install/dynamixel_sdk:/opt/ros/humble LD_LIBRARY_PATH=/home/cstar/Documents/brs_ws/ros_ws/install/dynamixel_sdk_custom_interfaces/lib:/home/cstar/Documents/brs_ws/ros_ws/install/dynamixel_sdk/lib:${LD_LIBRARY_PATH} PYTHONPATH=/home/cstar/Documents/brs_ws/ros_ws/install/dynamixel_sdk_custom_interfaces/local/lib/python3.10/dist-packages:${PYTHONPATH} /usr/bin/cmake --install /home/cstar/Documents/brs_ws/ros_ws/build/dynamixel_sdk_examples
