[0.047s] Invoking command in '/home/cstar/Documents/brs_ws/ros_ws/build/dynamixel_sdk': CMAKE_PREFIX_PATH=${CMAKE_PREFIX_PATH}:/home/cstar/Documents/brs_ws/ros_ws/install/turtlebot3_teleop:/home/cstar/Documents/brs_ws/ros_ws/install/turtlebot3_example:/opt/ros/humble /usr/bin/cmake --build /home/cstar/Documents/brs_ws/ros_ws/build/dynamixel_sdk -- -j16 -l16
[0.445s] [35m[1mConsolidate compiler generated dependencies of target dynamixel_sdk[0m
[0.470s] [100%] Built target dynamixel_sdk
[0.477s] Invoked command in '/home/cstar/Documents/brs_ws/ros_ws/build/dynamixel_sdk' returned '0': CMAKE_PREFIX_PATH=${CMAKE_PREFIX_PATH}:/home/cstar/Documents/brs_ws/ros_ws/install/turtlebot3_teleop:/home/cstar/Documents/brs_ws/ros_ws/install/turtlebot3_example:/opt/ros/humble /usr/bin/cmake --build /home/cstar/Documents/brs_ws/ros_ws/build/dynamixel_sdk -- -j16 -l16
[0.897s] Invoking command in '/home/cstar/Documents/brs_ws/ros_ws/build/dynamixel_sdk': CMAKE_PREFIX_PATH=${CMAKE_PREFIX_PATH}:/home/cstar/Documents/brs_ws/ros_ws/install/turtlebot3_teleop:/home/cstar/Documents/brs_ws/ros_ws/install/turtlebot3_example:/opt/ros/humble /usr/bin/cmake --install /home/cstar/Documents/brs_ws/ros_ws/build/dynamixel_sdk
[0.913s] -- Install configuration: ""
[0.913s] -- Up-to-date: /home/cstar/Documents/brs_ws/ros_ws/install/dynamixel_sdk/include/
[0.913s] -- Up-to-date: /home/cstar/Documents/brs_ws/ros_ws/install/dynamixel_sdk/include//dynamixel_sdk
[0.913s] -- Up-to-date: /home/cstar/Documents/brs_ws/ros_ws/install/dynamixel_sdk/include//dynamixel_sdk/port_handler_linux.h
[0.913s] -- Up-to-date: /home/cstar/Documents/brs_ws/ros_ws/install/dynamixel_sdk/include//dynamixel_sdk/port_handler_arduino.h
[0.913s] -- Up-to-date: /home/cstar/Documents/brs_ws/ros_ws/install/dynamixel_sdk/include//dynamixel_sdk/port_handler_mac.h
[0.913s] -- Up-to-date: /home/cstar/Documents/brs_ws/ros_ws/install/dynamixel_sdk/include//dynamixel_sdk/group_sync_write.h
[0.913s] -- Up-to-date: /home/cstar/Documents/brs_ws/ros_ws/install/dynamixel_sdk/include//dynamixel_sdk/packet_handler.h
[0.914s] -- Up-to-date: /home/cstar/Documents/brs_ws/ros_ws/install/dynamixel_sdk/include//dynamixel_sdk/port_handler_windows.h
[0.914s] -- Up-to-date: /home/cstar/Documents/brs_ws/ros_ws/install/dynamixel_sdk/include//dynamixel_sdk/dynamixel_sdk.h
[0.914s] -- Up-to-date: /home/cstar/Documents/brs_ws/ros_ws/install/dynamixel_sdk/include//dynamixel_sdk/group_bulk_write.h
[0.914s] -- Up-to-date: /home/cstar/Documents/brs_ws/ros_ws/install/dynamixel_sdk/include//dynamixel_sdk/port_handler.h
[0.914s] -- Up-to-date: /home/cstar/Documents/brs_ws/ros_ws/install/dynamixel_sdk/include//dynamixel_sdk/protocol1_packet_handler.h
[0.914s] -- Up-to-date: /home/cstar/Documents/brs_ws/ros_ws/install/dynamixel_sdk/include//dynamixel_sdk/group_bulk_read.h
[0.914s] -- Up-to-date: /home/cstar/Documents/brs_ws/ros_ws/install/dynamixel_sdk/include//dynamixel_sdk/group_sync_read.h
[0.914s] -- Up-to-date: /home/cstar/Documents/brs_ws/ros_ws/install/dynamixel_sdk/include//dynamixel_sdk/protocol2_packet_handler.h
[0.928s] -- Up-to-date: /home/cstar/Documents/brs_ws/ros_ws/install/dynamixel_sdk/lib/libdynamixel_sdk.so
[0.928s] -- Up-to-date: /home/cstar/Documents/brs_ws/ros_ws/install/dynamixel_sdk/share/dynamixel_sdk/environment/library_path.sh
[0.928s] -- Up-to-date: /home/cstar/Documents/brs_ws/ros_ws/install/dynamixel_sdk/share/dynamixel_sdk/environment/library_path.dsv
[0.928s] -- Up-to-date: /home/cstar/Documents/brs_ws/ros_ws/install/dynamixel_sdk/share/ament_index/resource_index/package_run_dependencies/dynamixel_sdk
[0.928s] -- Up-to-date: /home/cstar/Documents/brs_ws/ros_ws/install/dynamixel_sdk/share/ament_index/resource_index/parent_prefix_path/dynamixel_sdk
[0.928s] -- Up-to-date: /home/cstar/Documents/brs_ws/ros_ws/install/dynamixel_sdk/share/dynamixel_sdk/environment/ament_prefix_path.sh
[0.928s] -- Up-to-date: /home/cstar/Documents/brs_ws/ros_ws/install/dynamixel_sdk/share/dynamixel_sdk/environment/ament_prefix_path.dsv
[0.928s] -- Up-to-date: /home/cstar/Documents/brs_ws/ros_ws/install/dynamixel_sdk/share/dynamixel_sdk/environment/path.sh
[0.928s] -- Up-to-date: /home/cstar/Documents/brs_ws/ros_ws/install/dynamixel_sdk/share/dynamixel_sdk/environment/path.dsv
[0.928s] -- Up-to-date: /home/cstar/Documents/brs_ws/ros_ws/install/dynamixel_sdk/share/dynamixel_sdk/local_setup.bash
[0.928s] -- Up-to-date: /home/cstar/Documents/brs_ws/ros_ws/install/dynamixel_sdk/share/dynamixel_sdk/local_setup.sh
[0.928s] -- Up-to-date: /home/cstar/Documents/brs_ws/ros_ws/install/dynamixel_sdk/share/dynamixel_sdk/local_setup.zsh
[0.928s] -- Up-to-date: /home/cstar/Documents/brs_ws/ros_ws/install/dynamixel_sdk/share/dynamixel_sdk/local_setup.dsv
[0.928s] -- Installing: /home/cstar/Documents/brs_ws/ros_ws/install/dynamixel_sdk/share/dynamixel_sdk/package.dsv
[0.928s] -- Up-to-date: /home/cstar/Documents/brs_ws/ros_ws/install/dynamixel_sdk/share/ament_index/resource_index/packages/dynamixel_sdk
[0.929s] -- Up-to-date: /home/cstar/Documents/brs_ws/ros_ws/install/dynamixel_sdk/share/dynamixel_sdk/cmake/ament_cmake_export_include_directories-extras.cmake
[0.929s] -- Up-to-date: /home/cstar/Documents/brs_ws/ros_ws/install/dynamixel_sdk/share/dynamixel_sdk/cmake/ament_cmake_export_libraries-extras.cmake
[0.929s] -- Up-to-date: /home/cstar/Documents/brs_ws/ros_ws/install/dynamixel_sdk/share/dynamixel_sdk/cmake/dynamixel_sdkConfig.cmake
[0.929s] -- Up-to-date: /home/cstar/Documents/brs_ws/ros_ws/install/dynamixel_sdk/share/dynamixel_sdk/cmake/dynamixel_sdkConfig-version.cmake
[0.929s] -- Up-to-date: /home/cstar/Documents/brs_ws/ros_ws/install/dynamixel_sdk/share/dynamixel_sdk/package.xml
[0.939s] Invoked command in '/home/cstar/Documents/brs_ws/ros_ws/build/dynamixel_sdk' returned '0': CMAKE_PREFIX_PATH=${CMAKE_PREFIX_PATH}:/home/cstar/Documents/brs_ws/ros_ws/install/turtlebot3_teleop:/home/cstar/Documents/brs_ws/ros_ws/install/turtlebot3_example:/opt/ros/humble /usr/bin/cmake --install /home/cstar/Documents/brs_ws/ros_ws/build/dynamixel_sdk
