[0.031s] Invoking command in '/home/cstar/Documents/brs_ws/ros_ws/build/turtlebot3_navigation2': CMAKE_PREFIX_PATH=/opt/ros/humble /usr/bin/cmake /home/cstar/Documents/brs_ws/ros_ws/src/turtlebot3/turtlebot3_navigation2 -DCMAKE_INSTALL_PREFIX=/home/cstar/Documents/brs_ws/ros_ws/install/turtlebot3_navigation2
[0.641s] -- The C compiler identification is GNU 11.4.0
[1.121s] -- The CXX compiler identification is GNU 11.4.0
[1.195s] -- Detecting C compiler ABI info
[1.318s] -- Detecting C compiler ABI info - done
[1.323s] -- Check for working C compiler: /usr/bin/cc - skipped
[1.324s] -- Detecting C compile features
[1.350s] -- Detecting C compile features - done
[1.353s] -- Detecting CXX compiler ABI info
[1.478s] -- Detecting CXX compiler ABI info - done
[1.484s] -- Check for working CXX compiler: /usr/bin/c++ - skipped
[1.484s] -- Detecting CXX compile features
[1.485s] -- Detecting CXX compile features - done
[1.659s] -- Found ament_cmake: 1.3.9 (/opt/ros/humble/share/ament_cmake/cmake)
[1.854s] -- Found Python3: /usr/bin/python3 (found version "3.10.12") found components: Interpreter 
[2.462s] -- Configuring done
[2.464s] -- Generating done
[2.464s] -- Build files have been written to: /home/cstar/Documents/brs_ws/ros_ws/build/turtlebot3_navigation2
[2.469s] Invoked command in '/home/cstar/Documents/brs_ws/ros_ws/build/turtlebot3_navigation2' returned '0': CMAKE_PREFIX_PATH=/opt/ros/humble /usr/bin/cmake /home/cstar/Documents/brs_ws/ros_ws/src/turtlebot3/turtlebot3_navigation2 -DCMAKE_INSTALL_PREFIX=/home/cstar/Documents/brs_ws/ros_ws/install/turtlebot3_navigation2
[2.470s] Invoking command in '/home/cstar/Documents/brs_ws/ros_ws/build/turtlebot3_navigation2': CMAKE_PREFIX_PATH=/opt/ros/humble /usr/bin/cmake --build /home/cstar/Documents/brs_ws/ros_ws/build/turtlebot3_navigation2 -- -j16 -l16
[2.494s] Invoked command in '/home/cstar/Documents/brs_ws/ros_ws/build/turtlebot3_navigation2' returned '0': CMAKE_PREFIX_PATH=/opt/ros/humble /usr/bin/cmake --build /home/cstar/Documents/brs_ws/ros_ws/build/turtlebot3_navigation2 -- -j16 -l16
[2.514s] Invoking command in '/home/cstar/Documents/brs_ws/ros_ws/build/turtlebot3_navigation2': CMAKE_PREFIX_PATH=/opt/ros/humble /usr/bin/cmake --install /home/cstar/Documents/brs_ws/ros_ws/build/turtlebot3_navigation2
[2.518s] -- Install configuration: ""
[2.518s] -- Installing: /home/cstar/Documents/brs_ws/ros_ws/install/turtlebot3_navigation2/share/turtlebot3_navigation2/launch
[2.518s] -- Installing: /home/cstar/Documents/brs_ws/ros_ws/install/turtlebot3_navigation2/share/turtlebot3_navigation2/launch/navigation2.launch.py
[2.518s] -- Installing: /home/cstar/Documents/brs_ws/ros_ws/install/turtlebot3_navigation2/share/turtlebot3_navigation2/map
[2.518s] -- Installing: /home/cstar/Documents/brs_ws/ros_ws/install/turtlebot3_navigation2/share/turtlebot3_navigation2/map/map.pgm
[2.518s] -- Installing: /home/cstar/Documents/brs_ws/ros_ws/install/turtlebot3_navigation2/share/turtlebot3_navigation2/map/map.yaml
[2.528s] -- Installing: /home/cstar/Documents/brs_ws/ros_ws/install/turtlebot3_navigation2/share/turtlebot3_navigation2/param
[2.528s] -- Installing: /home/cstar/Documents/brs_ws/ros_ws/install/turtlebot3_navigation2/share/turtlebot3_navigation2/param/burger.yaml
[2.528s] -- Installing: /home/cstar/Documents/brs_ws/ros_ws/install/turtlebot3_navigation2/share/turtlebot3_navigation2/param/waffle_pi.yaml
[2.528s] -- Installing: /home/cstar/Documents/brs_ws/ros_ws/install/turtlebot3_navigation2/share/turtlebot3_navigation2/param/waffle.yaml
[2.529s] -- Installing: /home/cstar/Documents/brs_ws/ros_ws/install/turtlebot3_navigation2/share/turtlebot3_navigation2/rviz
[2.529s] -- Installing: /home/cstar/Documents/brs_ws/ros_ws/install/turtlebot3_navigation2/share/turtlebot3_navigation2/rviz/tb3_navigation2.rviz
[2.529s] -- Installing: /home/cstar/Documents/brs_ws/ros_ws/install/turtlebot3_navigation2/share/ament_index/resource_index/package_run_dependencies/turtlebot3_navigation2
[2.529s] -- Installing: /home/cstar/Documents/brs_ws/ros_ws/install/turtlebot3_navigation2/share/ament_index/resource_index/parent_prefix_path/turtlebot3_navigation2
[2.529s] -- Installing: /home/cstar/Documents/brs_ws/ros_ws/install/turtlebot3_navigation2/share/turtlebot3_navigation2/environment/ament_prefix_path.sh
[2.530s] -- Installing: /home/cstar/Documents/brs_ws/ros_ws/install/turtlebot3_navigation2/share/turtlebot3_navigation2/environment/ament_prefix_path.dsv
[2.531s] -- Installing: /home/cstar/Documents/brs_ws/ros_ws/install/turtlebot3_navigation2/share/turtlebot3_navigation2/environment/path.sh
[2.531s] -- Installing: /home/cstar/Documents/brs_ws/ros_ws/install/turtlebot3_navigation2/share/turtlebot3_navigation2/environment/path.dsv
[2.531s] -- Installing: /home/cstar/Documents/brs_ws/ros_ws/install/turtlebot3_navigation2/share/turtlebot3_navigation2/local_setup.bash
[2.531s] -- Installing: /home/cstar/Documents/brs_ws/ros_ws/install/turtlebot3_navigation2/share/turtlebot3_navigation2/local_setup.sh
[2.531s] -- Installing: /home/cstar/Documents/brs_ws/ros_ws/install/turtlebot3_navigation2/share/turtlebot3_navigation2/local_setup.zsh
[2.532s] -- Installing: /home/cstar/Documents/brs_ws/ros_ws/install/turtlebot3_navigation2/share/turtlebot3_navigation2/local_setup.dsv
[2.532s] -- Installing: /home/cstar/Documents/brs_ws/ros_ws/install/turtlebot3_navigation2/share/turtlebot3_navigation2/package.dsv
[2.532s] -- Installing: /home/cstar/Documents/brs_ws/ros_ws/install/turtlebot3_navigation2/share/ament_index/resource_index/packages/turtlebot3_navigation2
[2.532s] -- Installing: /home/cstar/Documents/brs_ws/ros_ws/install/turtlebot3_navigation2/share/turtlebot3_navigation2/cmake/turtlebot3_navigation2Config.cmake
[2.532s] -- Installing: /home/cstar/Documents/brs_ws/ros_ws/install/turtlebot3_navigation2/share/turtlebot3_navigation2/cmake/turtlebot3_navigation2Config-version.cmake
[2.533s] -- Installing: /home/cstar/Documents/brs_ws/ros_ws/install/turtlebot3_navigation2/share/turtlebot3_navigation2/package.xml
[2.538s] Invoked command in '/home/cstar/Documents/brs_ws/ros_ws/build/turtlebot3_navigation2' returned '0': CMAKE_PREFIX_PATH=/opt/ros/humble /usr/bin/cmake --install /home/cstar/Documents/brs_ws/ros_ws/build/turtlebot3_navigation2
