[0.030s] Invoking command in '/home/cstar/Documents/brs_ws/ros_ws/build/turtlebot3_description': CMAKE_PREFIX_PATH=/opt/ros/humble /usr/bin/cmake /home/cstar/Documents/brs_ws/ros_ws/src/turtlebot3/turtlebot3_description -DCMAKE_INSTALL_PREFIX=/home/cstar/Documents/brs_ws/ros_ws/install/turtlebot3_description
[0.648s] -- The C compiler identification is GNU 11.4.0
[1.128s] -- The CXX compiler identification is GNU 11.4.0
[1.203s] -- Detecting C compiler ABI info
[1.325s] -- Detecting C compiler ABI info - done
[1.330s] -- Check for working C compiler: /usr/bin/cc - skipped
[1.331s] -- Detecting C compile features
[1.357s] -- Detecting C compile features - done
[1.359s] -- Detecting CXX compiler ABI info
[1.485s] -- Detecting CXX compiler ABI info - done
[1.491s] -- Check for working CXX compiler: /usr/bin/c++ - skipped
[1.492s] -- Detecting CXX compile features
[1.492s] -- Detecting CXX compile features - done
[1.667s] -- Found ament_cmake: 1.3.9 (/opt/ros/humble/share/ament_cmake/cmake)
[1.861s] -- Found Python3: /usr/bin/python3 (found version "3.10.12") found components: Interpreter 
[2.430s] -- Found urdf: 2.6.0 (/opt/ros/humble/share/urdf/cmake)
[3.257s] -- Configuring done
[3.258s] -- Generating done
[3.259s] -- Build files have been written to: /home/cstar/Documents/brs_ws/ros_ws/build/turtlebot3_description
[3.262s] Invoked command in '/home/cstar/Documents/brs_ws/ros_ws/build/turtlebot3_description' returned '0': CMAKE_PREFIX_PATH=/opt/ros/humble /usr/bin/cmake /home/cstar/Documents/brs_ws/ros_ws/src/turtlebot3/turtlebot3_description -DCMAKE_INSTALL_PREFIX=/home/cstar/Documents/brs_ws/ros_ws/install/turtlebot3_description
[3.263s] Invoking command in '/home/cstar/Documents/brs_ws/ros_ws/build/turtlebot3_description': CMAKE_PREFIX_PATH=/opt/ros/humble /usr/bin/cmake --build /home/cstar/Documents/brs_ws/ros_ws/build/turtlebot3_description -- -j16 -l16
[3.285s] Invoked command in '/home/cstar/Documents/brs_ws/ros_ws/build/turtlebot3_description' returned '0': CMAKE_PREFIX_PATH=/opt/ros/humble /usr/bin/cmake --build /home/cstar/Documents/brs_ws/ros_ws/build/turtlebot3_description -- -j16 -l16
[3.303s] Invoking command in '/home/cstar/Documents/brs_ws/ros_ws/build/turtlebot3_description': CMAKE_PREFIX_PATH=/opt/ros/humble /usr/bin/cmake --install /home/cstar/Documents/brs_ws/ros_ws/build/turtlebot3_description
[3.311s] -- Install configuration: ""
[3.311s] -- Installing: /home/cstar/Documents/brs_ws/ros_ws/install/turtlebot3_description/share/turtlebot3_description/meshes
[3.311s] -- Installing: /home/cstar/Documents/brs_ws/ros_ws/install/turtlebot3_description/share/turtlebot3_description/meshes/sensors
[3.311s] -- Installing: /home/cstar/Documents/brs_ws/ros_ws/install/turtlebot3_description/share/turtlebot3_description/meshes/sensors/r200.dae
[3.312s] -- Installing: /home/cstar/Documents/brs_ws/ros_ws/install/turtlebot3_description/share/turtlebot3_description/meshes/sensors/astra.dae
[3.318s] -- Installing: /home/cstar/Documents/brs_ws/ros_ws/install/turtlebot3_description/share/turtlebot3_description/meshes/sensors/lds.stl
[3.318s] -- Installing: /home/cstar/Documents/brs_ws/ros_ws/install/turtlebot3_description/share/turtlebot3_description/meshes/sensors/r200.jpg
[3.318s] -- Installing: /home/cstar/Documents/brs_ws/ros_ws/install/turtlebot3_description/share/turtlebot3_description/meshes/sensors/astra.jpg
[3.318s] -- Installing: /home/cstar/Documents/brs_ws/ros_ws/install/turtlebot3_description/share/turtlebot3_description/meshes/wheels
[3.318s] -- Installing: /home/cstar/Documents/brs_ws/ros_ws/install/turtlebot3_description/share/turtlebot3_description/meshes/wheels/left_tire.stl
[3.319s] -- Installing: /home/cstar/Documents/brs_ws/ros_ws/install/turtlebot3_description/share/turtlebot3_description/meshes/wheels/right_tire.stl
[3.320s] -- Installing: /home/cstar/Documents/brs_ws/ros_ws/install/turtlebot3_description/share/turtlebot3_description/meshes/bases
[3.320s] -- Installing: /home/cstar/Documents/brs_ws/ros_ws/install/turtlebot3_description/share/turtlebot3_description/meshes/bases/waffle_base.stl
[3.328s] -- Installing: /home/cstar/Documents/brs_ws/ros_ws/install/turtlebot3_description/share/turtlebot3_description/meshes/bases/burger_base.stl
[3.331s] -- Installing: /home/cstar/Documents/brs_ws/ros_ws/install/turtlebot3_description/share/turtlebot3_description/meshes/bases/waffle_pi_base.stl
[3.336s] -- Installing: /home/cstar/Documents/brs_ws/ros_ws/install/turtlebot3_description/share/turtlebot3_description/rviz
[3.336s] -- Installing: /home/cstar/Documents/brs_ws/ros_ws/install/turtlebot3_description/share/turtlebot3_description/rviz/model.rviz
[3.336s] -- Installing: /home/cstar/Documents/brs_ws/ros_ws/install/turtlebot3_description/share/turtlebot3_description/urdf
[3.336s] -- Installing: /home/cstar/Documents/brs_ws/ros_ws/install/turtlebot3_description/share/turtlebot3_description/urdf/turtlebot3_waffle_pi.urdf
[3.336s] -- Installing: /home/cstar/Documents/brs_ws/ros_ws/install/turtlebot3_description/share/turtlebot3_description/urdf/turtlebot3_waffle.urdf
[3.336s] -- Installing: /home/cstar/Documents/brs_ws/ros_ws/install/turtlebot3_description/share/turtlebot3_description/urdf/turtlebot3_burger.urdf
[3.336s] -- Installing: /home/cstar/Documents/brs_ws/ros_ws/install/turtlebot3_description/share/turtlebot3_description/urdf/common_properties.urdf
[3.336s] -- Installing: /home/cstar/Documents/brs_ws/ros_ws/install/turtlebot3_description/share/ament_index/resource_index/package_run_dependencies/turtlebot3_description
[3.336s] -- Installing: /home/cstar/Documents/brs_ws/ros_ws/install/turtlebot3_description/share/ament_index/resource_index/parent_prefix_path/turtlebot3_description
[3.336s] -- Installing: /home/cstar/Documents/brs_ws/ros_ws/install/turtlebot3_description/share/turtlebot3_description/environment/ament_prefix_path.sh
[3.336s] -- Installing: /home/cstar/Documents/brs_ws/ros_ws/install/turtlebot3_description/share/turtlebot3_description/environment/ament_prefix_path.dsv
[3.336s] -- Installing: /home/cstar/Documents/brs_ws/ros_ws/install/turtlebot3_description/share/turtlebot3_description/environment/path.sh
[3.336s] -- Installing: /home/cstar/Documents/brs_ws/ros_ws/install/turtlebot3_description/share/turtlebot3_description/environment/path.dsv
[3.336s] -- Installing: /home/cstar/Documents/brs_ws/ros_ws/install/turtlebot3_description/share/turtlebot3_description/local_setup.bash
[3.336s] -- Installing: /home/cstar/Documents/brs_ws/ros_ws/install/turtlebot3_description/share/turtlebot3_description/local_setup.sh
[3.337s] -- Installing: /home/cstar/Documents/brs_ws/ros_ws/install/turtlebot3_description/share/turtlebot3_description/local_setup.zsh
[3.337s] -- Installing: /home/cstar/Documents/brs_ws/ros_ws/install/turtlebot3_description/share/turtlebot3_description/local_setup.dsv
[3.337s] -- Installing: /home/cstar/Documents/brs_ws/ros_ws/install/turtlebot3_description/share/turtlebot3_description/package.dsv
[3.337s] -- Installing: /home/cstar/Documents/brs_ws/ros_ws/install/turtlebot3_description/share/ament_index/resource_index/packages/turtlebot3_description
[3.337s] -- Installing: /home/cstar/Documents/brs_ws/ros_ws/install/turtlebot3_description/share/turtlebot3_description/cmake/turtlebot3_descriptionConfig.cmake
[3.337s] -- Installing: /home/cstar/Documents/brs_ws/ros_ws/install/turtlebot3_description/share/turtlebot3_description/cmake/turtlebot3_descriptionConfig-version.cmake
[3.337s] -- Installing: /home/cstar/Documents/brs_ws/ros_ws/install/turtlebot3_description/share/turtlebot3_description/package.xml
[3.339s] Invoked command in '/home/cstar/Documents/brs_ws/ros_ws/build/turtlebot3_description' returned '0': CMAKE_PREFIX_PATH=/opt/ros/humble /usr/bin/cmake --install /home/cstar/Documents/brs_ws/ros_ws/build/turtlebot3_description
