[0.093s] Invoking command in '/home/cstar/Documents/brs_ws/ros_ws/build/turtlebot3_msgs': CMAKE_PREFIX_PATH=${CMAKE_PREFIX_PATH}:/home/cstar/Documents/brs_ws/ros_ws/install/turtlebot3_teleop:/home/cstar/Documents/brs_ws/ros_ws/install/turtlebot3_example:/opt/ros/humble /usr/bin/cmake --build /home/cstar/Documents/brs_ws/ros_ws/build/turtlebot3_msgs -- -j16 -l16
[0.902s] [35m[1mConsolidate compiler generated dependencies of target turtlebot3_msgs__rosidl_generator_c[0m
[0.931s] [ 11%] Built target turtlebot3_msgs__rosidl_generator_c
[0.970s] [ 12%] Built target turtlebot3_msgs__cpp
[0.974s] [35m[1mConsolidate compiler generated dependencies of target turtlebot3_msgs__rosidl_typesupport_fastrtps_c[0m
[1.047s] [35m[1mConsolidate compiler generated dependencies of target turtlebot3_msgs__rosidl_typesupport_c[0m
[1.053s] [35m[1mConsolidate compiler generated dependencies of target turtlebot3_msgs__rosidl_typesupport_introspection_cpp[0m
[1.053s] [35m[1mConsolidate compiler generated dependencies of target turtlebot3_msgs__rosidl_typesupport_introspection_c[0m
[1.060s] [35m[1mConsolidate compiler generated dependencies of target turtlebot3_msgs__rosidl_typesupport_fastrtps_cpp[0m
[1.112s] [ 29%] Built target turtlebot3_msgs__rosidl_typesupport_introspection_c
[1.112s] [ 46%] Built target turtlebot3_msgs__rosidl_typesupport_c
[1.112s] [ 46%] Built target turtlebot3_msgs__rosidl_typesupport_introspection_cpp
[1.150s] [ 69%] Built target turtlebot3_msgs__rosidl_typesupport_fastrtps_cpp
[1.151s] [ 69%] Built target turtlebot3_msgs__rosidl_typesupport_fastrtps_c
[1.318s] [35m[1mConsolidate compiler generated dependencies of target turtlebot3_msgs__rosidl_typesupport_cpp[0m
[1.330s] [ 80%] Built target turtlebot3_msgs__rosidl_typesupport_cpp
[1.350s] [ 80%] Built target turtlebot3_msgs
[1.432s] [ 81%] Built target turtlebot3_msgs__py
[1.556s] [35m[1mConsolidate compiler generated dependencies of target turtlebot3_msgs__rosidl_generator_py[0m
[1.571s] [ 91%] Built target turtlebot3_msgs__rosidl_generator_py
[1.600s] [ 91%] Built target ament_cmake_python_copy_turtlebot3_msgs
[1.612s] [35m[1mConsolidate compiler generated dependencies of target turtlebot3_msgs__rosidl_typesupport_c__pyext[0m
[1.612s] [35m[1mConsolidate compiler generated dependencies of target turtlebot3_msgs__rosidl_typesupport_fastrtps_c__pyext[0m
[1.613s] [35m[1mConsolidate compiler generated dependencies of target turtlebot3_msgs__rosidl_typesupport_introspection_c__pyext[0m
[1.622s] [ 98%] Built target turtlebot3_msgs__rosidl_typesupport_c__pyext
[1.622s] [ 98%] Built target turtlebot3_msgs__rosidl_typesupport_introspection_c__pyext
[1.622s] [100%] Built target turtlebot3_msgs__rosidl_typesupport_fastrtps_c__pyext
[1.761s] running egg_info
[1.762s] writing turtlebot3_msgs.egg-info/PKG-INFO
[1.762s] writing dependency_links to turtlebot3_msgs.egg-info/dependency_links.txt
[1.762s] writing top-level names to turtlebot3_msgs.egg-info/top_level.txt
[1.764s] reading manifest file 'turtlebot3_msgs.egg-info/SOURCES.txt'
[1.874s] writing manifest file 'turtlebot3_msgs.egg-info/SOURCES.txt'
[1.891s] [100%] Built target ament_cmake_python_build_turtlebot3_msgs_egg
[1.907s] Invoked command in '/home/cstar/Documents/brs_ws/ros_ws/build/turtlebot3_msgs' returned '0': CMAKE_PREFIX_PATH=${CMAKE_PREFIX_PATH}:/home/cstar/Documents/brs_ws/ros_ws/install/turtlebot3_teleop:/home/cstar/Documents/brs_ws/ros_ws/install/turtlebot3_example:/opt/ros/humble /usr/bin/cmake --build /home/cstar/Documents/brs_ws/ros_ws/build/turtlebot3_msgs -- -j16 -l16
[2.008s] Invoking command in '/home/cstar/Documents/brs_ws/ros_ws/build/turtlebot3_msgs': CMAKE_PREFIX_PATH=${CMAKE_PREFIX_PATH}:/home/cstar/Documents/brs_ws/ros_ws/install/turtlebot3_teleop:/home/cstar/Documents/brs_ws/ros_ws/install/turtlebot3_example:/opt/ros/humble /usr/bin/cmake --install /home/cstar/Documents/brs_ws/ros_ws/build/turtlebot3_msgs
[2.034s] -- Install configuration: ""
[2.034s] -- Up-to-date: /home/cstar/Documents/brs_ws/ros_ws/install/turtlebot3_msgs/share/ament_index/resource_index/rosidl_interfaces/turtlebot3_msgs
[2.034s] -- Up-to-date: /home/cstar/Documents/brs_ws/ros_ws/install/turtlebot3_msgs/include/turtlebot3_msgs/turtlebot3_msgs
[2.034s] -- Up-to-date: /home/cstar/Documents/brs_ws/ros_ws/install/turtlebot3_msgs/include/turtlebot3_msgs/turtlebot3_msgs/action
[2.034s] -- Up-to-date: /home/cstar/Documents/brs_ws/ros_ws/install/turtlebot3_msgs/include/turtlebot3_msgs/turtlebot3_msgs/action/patrol.h
[2.034s] -- Up-to-date: /home/cstar/Documents/brs_ws/ros_ws/install/turtlebot3_msgs/include/turtlebot3_msgs/turtlebot3_msgs/action/detail
[2.034s] -- Up-to-date: /home/cstar/Documents/brs_ws/ros_ws/install/turtlebot3_msgs/include/turtlebot3_msgs/turtlebot3_msgs/action/detail/patrol__struct.h
[2.034s] -- Up-to-date: /home/cstar/Documents/brs_ws/ros_ws/install/turtlebot3_msgs/include/turtlebot3_msgs/turtlebot3_msgs/action/detail/patrol__functions.c
[2.034s] -- Up-to-date: /home/cstar/Documents/brs_ws/ros_ws/install/turtlebot3_msgs/include/turtlebot3_msgs/turtlebot3_msgs/action/detail/patrol__functions.h
[2.034s] -- Up-to-date: /home/cstar/Documents/brs_ws/ros_ws/install/turtlebot3_msgs/include/turtlebot3_msgs/turtlebot3_msgs/action/detail/patrol__type_support.h
[2.034s] -- Up-to-date: /home/cstar/Documents/brs_ws/ros_ws/install/turtlebot3_msgs/include/turtlebot3_msgs/turtlebot3_msgs/srv
[2.034s] -- Up-to-date: /home/cstar/Documents/brs_ws/ros_ws/install/turtlebot3_msgs/include/turtlebot3_msgs/turtlebot3_msgs/srv/dqn.h
[2.034s] -- Up-to-date: /home/cstar/Documents/brs_ws/ros_ws/install/turtlebot3_msgs/include/turtlebot3_msgs/turtlebot3_msgs/srv/sound.h
[2.034s] -- Up-to-date: /home/cstar/Documents/brs_ws/ros_ws/install/turtlebot3_msgs/include/turtlebot3_msgs/turtlebot3_msgs/srv/detail
[2.034s] -- Up-to-date: /home/cstar/Documents/brs_ws/ros_ws/install/turtlebot3_msgs/include/turtlebot3_msgs/turtlebot3_msgs/srv/detail/sound__functions.h
[2.034s] -- Up-to-date: /home/cstar/Documents/brs_ws/ros_ws/install/turtlebot3_msgs/include/turtlebot3_msgs/turtlebot3_msgs/srv/detail/sound__functions.c
[2.035s] -- Up-to-date: /home/cstar/Documents/brs_ws/ros_ws/install/turtlebot3_msgs/include/turtlebot3_msgs/turtlebot3_msgs/srv/detail/sound__type_support.h
[2.035s] -- Up-to-date: /home/cstar/Documents/brs_ws/ros_ws/install/turtlebot3_msgs/include/turtlebot3_msgs/turtlebot3_msgs/srv/detail/dqn__struct.h
[2.035s] -- Up-to-date: /home/cstar/Documents/brs_ws/ros_ws/install/turtlebot3_msgs/include/turtlebot3_msgs/turtlebot3_msgs/srv/detail/sound__struct.h
[2.035s] -- Up-to-date: /home/cstar/Documents/brs_ws/ros_ws/install/turtlebot3_msgs/include/turtlebot3_msgs/turtlebot3_msgs/srv/detail/dqn__type_support.h
[2.035s] -- Up-to-date: /home/cstar/Documents/brs_ws/ros_ws/install/turtlebot3_msgs/include/turtlebot3_msgs/turtlebot3_msgs/srv/detail/dqn__functions.c
[2.035s] -- Up-to-date: /home/cstar/Documents/brs_ws/ros_ws/install/turtlebot3_msgs/include/turtlebot3_msgs/turtlebot3_msgs/srv/detail/dqn__functions.h
[2.035s] -- Up-to-date: /home/cstar/Documents/brs_ws/ros_ws/install/turtlebot3_msgs/include/turtlebot3_msgs/turtlebot3_msgs/msg
[2.035s] -- Up-to-date: /home/cstar/Documents/brs_ws/ros_ws/install/turtlebot3_msgs/include/turtlebot3_msgs/turtlebot3_msgs/msg/sensor_state.h
[2.035s] -- Up-to-date: /home/cstar/Documents/brs_ws/ros_ws/install/turtlebot3_msgs/include/turtlebot3_msgs/turtlebot3_msgs/msg/sound.h
[2.035s] -- Up-to-date: /home/cstar/Documents/brs_ws/ros_ws/install/turtlebot3_msgs/include/turtlebot3_msgs/turtlebot3_msgs/msg/rosidl_generator_c__visibility_control.h
[2.035s] -- Up-to-date: /home/cstar/Documents/brs_ws/ros_ws/install/turtlebot3_msgs/include/turtlebot3_msgs/turtlebot3_msgs/msg/version_info.h
[2.035s] -- Up-to-date: /home/cstar/Documents/brs_ws/ros_ws/install/turtlebot3_msgs/include/turtlebot3_msgs/turtlebot3_msgs/msg/detail
[2.035s] -- Up-to-date: /home/cstar/Documents/brs_ws/ros_ws/install/turtlebot3_msgs/include/turtlebot3_msgs/turtlebot3_msgs/msg/detail/sensor_state__type_support.h
[2.035s] -- Up-to-date: /home/cstar/Documents/brs_ws/ros_ws/install/turtlebot3_msgs/include/turtlebot3_msgs/turtlebot3_msgs/msg/detail/sound__functions.h
[2.035s] -- Up-to-date: /home/cstar/Documents/brs_ws/ros_ws/install/turtlebot3_msgs/include/turtlebot3_msgs/turtlebot3_msgs/msg/detail/sound__functions.c
[2.035s] -- Up-to-date: /home/cstar/Documents/brs_ws/ros_ws/install/turtlebot3_msgs/include/turtlebot3_msgs/turtlebot3_msgs/msg/detail/sound__type_support.h
[2.035s] -- Up-to-date: /home/cstar/Documents/brs_ws/ros_ws/install/turtlebot3_msgs/include/turtlebot3_msgs/turtlebot3_msgs/msg/detail/version_info__type_support.h
[2.035s] -- Up-to-date: /home/cstar/Documents/brs_ws/ros_ws/install/turtlebot3_msgs/include/turtlebot3_msgs/turtlebot3_msgs/msg/detail/version_info__functions.c
[2.035s] -- Up-to-date: /home/cstar/Documents/brs_ws/ros_ws/install/turtlebot3_msgs/include/turtlebot3_msgs/turtlebot3_msgs/msg/detail/version_info__struct.h
[2.035s] -- Up-to-date: /home/cstar/Documents/brs_ws/ros_ws/install/turtlebot3_msgs/include/turtlebot3_msgs/turtlebot3_msgs/msg/detail/version_info__functions.h
[2.035s] -- Up-to-date: /home/cstar/Documents/brs_ws/ros_ws/install/turtlebot3_msgs/include/turtlebot3_msgs/turtlebot3_msgs/msg/detail/sound__struct.h
[2.035s] -- Up-to-date: /home/cstar/Documents/brs_ws/ros_ws/install/turtlebot3_msgs/include/turtlebot3_msgs/turtlebot3_msgs/msg/detail/sensor_state__functions.c
[2.035s] -- Up-to-date: /home/cstar/Documents/brs_ws/ros_ws/install/turtlebot3_msgs/include/turtlebot3_msgs/turtlebot3_msgs/msg/detail/sensor_state__struct.h
[2.035s] -- Up-to-date: /home/cstar/Documents/brs_ws/ros_ws/install/turtlebot3_msgs/include/turtlebot3_msgs/turtlebot3_msgs/msg/detail/sensor_state__functions.h
[2.036s] -- Up-to-date: /home/cstar/Documents/brs_ws/ros_ws/install/turtlebot3_msgs/share/turtlebot3_msgs/environment/library_path.sh
[2.036s] -- Up-to-date: /home/cstar/Documents/brs_ws/ros_ws/install/turtlebot3_msgs/share/turtlebot3_msgs/environment/library_path.dsv
[2.332s] -- Up-to-date: /home/cstar/Documents/brs_ws/ros_ws/install/turtlebot3_msgs/lib/libturtlebot3_msgs__rosidl_generator_c.so
[2.333s] -- Up-to-date: /home/cstar/Documents/brs_ws/ros_ws/install/turtlebot3_msgs/include/turtlebot3_msgs/turtlebot3_msgs
[2.333s] -- Up-to-date: /home/cstar/Documents/brs_ws/ros_ws/install/turtlebot3_msgs/include/turtlebot3_msgs/turtlebot3_msgs/action
[2.333s] -- Up-to-date: /home/cstar/Documents/brs_ws/ros_ws/install/turtlebot3_msgs/include/turtlebot3_msgs/turtlebot3_msgs/action/detail
[2.334s] -- Up-to-date: /home/cstar/Documents/brs_ws/ros_ws/install/turtlebot3_msgs/include/turtlebot3_msgs/turtlebot3_msgs/action/detail/patrol__rosidl_typesupport_fastrtps_c.h
[2.334s] -- Up-to-date: /home/cstar/Documents/brs_ws/ros_ws/install/turtlebot3_msgs/include/turtlebot3_msgs/turtlebot3_msgs/srv
[2.334s] -- Up-to-date: /home/cstar/Documents/brs_ws/ros_ws/install/turtlebot3_msgs/include/turtlebot3_msgs/turtlebot3_msgs/srv/detail
[2.334s] -- Up-to-date: /home/cstar/Documents/brs_ws/ros_ws/install/turtlebot3_msgs/include/turtlebot3_msgs/turtlebot3_msgs/srv/detail/sound__rosidl_typesupport_fastrtps_c.h
[2.334s] -- Up-to-date: /home/cstar/Documents/brs_ws/ros_ws/install/turtlebot3_msgs/include/turtlebot3_msgs/turtlebot3_msgs/srv/detail/dqn__rosidl_typesupport_fastrtps_c.h
[2.334s] -- Up-to-date: /home/cstar/Documents/brs_ws/ros_ws/install/turtlebot3_msgs/include/turtlebot3_msgs/turtlebot3_msgs/msg
[2.335s] -- Up-to-date: /home/cstar/Documents/brs_ws/ros_ws/install/turtlebot3_msgs/include/turtlebot3_msgs/turtlebot3_msgs/msg/rosidl_typesupport_fastrtps_c__visibility_control.h
[2.335s] -- Up-to-date: /home/cstar/Documents/brs_ws/ros_ws/install/turtlebot3_msgs/include/turtlebot3_msgs/turtlebot3_msgs/msg/detail
[2.335s] -- Up-to-date: /home/cstar/Documents/brs_ws/ros_ws/install/turtlebot3_msgs/include/turtlebot3_msgs/turtlebot3_msgs/msg/detail/version_info__rosidl_typesupport_fastrtps_c.h
[2.336s] -- Up-to-date: /home/cstar/Documents/brs_ws/ros_ws/install/turtlebot3_msgs/include/turtlebot3_msgs/turtlebot3_msgs/msg/detail/sound__rosidl_typesupport_fastrtps_c.h
[2.336s] -- Up-to-date: /home/cstar/Documents/brs_ws/ros_ws/install/turtlebot3_msgs/include/turtlebot3_msgs/turtlebot3_msgs/msg/detail/sensor_state__rosidl_typesupport_fastrtps_c.h
[2.345s] -- Up-to-date: /home/cstar/Documents/brs_ws/ros_ws/install/turtlebot3_msgs/lib/libturtlebot3_msgs__rosidl_typesupport_fastrtps_c.so
[2.345s] -- Up-to-date: /home/cstar/Documents/brs_ws/ros_ws/install/turtlebot3_msgs/include/turtlebot3_msgs/turtlebot3_msgs
[2.345s] -- Up-to-date: /home/cstar/Documents/brs_ws/ros_ws/install/turtlebot3_msgs/include/turtlebot3_msgs/turtlebot3_msgs/action
[2.345s] -- Up-to-date: /home/cstar/Documents/brs_ws/ros_ws/install/turtlebot3_msgs/include/turtlebot3_msgs/turtlebot3_msgs/action/patrol.hpp
[2.345s] -- Up-to-date: /home/cstar/Documents/brs_ws/ros_ws/install/turtlebot3_msgs/include/turtlebot3_msgs/turtlebot3_msgs/action/detail
[2.345s] -- Up-to-date: /home/cstar/Documents/brs_ws/ros_ws/install/turtlebot3_msgs/include/turtlebot3_msgs/turtlebot3_msgs/action/detail/patrol__traits.hpp
[2.346s] -- Up-to-date: /home/cstar/Documents/brs_ws/ros_ws/install/turtlebot3_msgs/include/turtlebot3_msgs/turtlebot3_msgs/action/detail/patrol__builder.hpp
[2.346s] -- Up-to-date: /home/cstar/Documents/brs_ws/ros_ws/install/turtlebot3_msgs/include/turtlebot3_msgs/turtlebot3_msgs/action/detail/patrol__struct.hpp
[2.346s] -- Up-to-date: /home/cstar/Documents/brs_ws/ros_ws/install/turtlebot3_msgs/include/turtlebot3_msgs/turtlebot3_msgs/srv
[2.346s] -- Up-to-date: /home/cstar/Documents/brs_ws/ros_ws/install/turtlebot3_msgs/include/turtlebot3_msgs/turtlebot3_msgs/srv/dqn.hpp
[2.346s] -- Up-to-date: /home/cstar/Documents/brs_ws/ros_ws/install/turtlebot3_msgs/include/turtlebot3_msgs/turtlebot3_msgs/srv/sound.hpp
[2.346s] -- Up-to-date: /home/cstar/Documents/brs_ws/ros_ws/install/turtlebot3_msgs/include/turtlebot3_msgs/turtlebot3_msgs/srv/detail
[2.346s] -- Up-to-date: /home/cstar/Documents/brs_ws/ros_ws/install/turtlebot3_msgs/include/turtlebot3_msgs/turtlebot3_msgs/srv/detail/dqn__struct.hpp
[2.346s] -- Up-to-date: /home/cstar/Documents/brs_ws/ros_ws/install/turtlebot3_msgs/include/turtlebot3_msgs/turtlebot3_msgs/srv/detail/dqn__traits.hpp
[2.346s] -- Up-to-date: /home/cstar/Documents/brs_ws/ros_ws/install/turtlebot3_msgs/include/turtlebot3_msgs/turtlebot3_msgs/srv/detail/sound__traits.hpp
[2.346s] -- Up-to-date: /home/cstar/Documents/brs_ws/ros_ws/install/turtlebot3_msgs/include/turtlebot3_msgs/turtlebot3_msgs/srv/detail/dqn__builder.hpp
[2.346s] -- Up-to-date: /home/cstar/Documents/brs_ws/ros_ws/install/turtlebot3_msgs/include/turtlebot3_msgs/turtlebot3_msgs/srv/detail/sound__builder.hpp
[2.346s] -- Up-to-date: /home/cstar/Documents/brs_ws/ros_ws/install/turtlebot3_msgs/include/turtlebot3_msgs/turtlebot3_msgs/srv/detail/sound__struct.hpp
[2.346s] -- Up-to-date: /home/cstar/Documents/brs_ws/ros_ws/install/turtlebot3_msgs/include/turtlebot3_msgs/turtlebot3_msgs/msg
[2.346s] -- Up-to-date: /home/cstar/Documents/brs_ws/ros_ws/install/turtlebot3_msgs/include/turtlebot3_msgs/turtlebot3_msgs/msg/sound.hpp
[2.346s] -- Up-to-date: /home/cstar/Documents/brs_ws/ros_ws/install/turtlebot3_msgs/include/turtlebot3_msgs/turtlebot3_msgs/msg/sensor_state.hpp
[2.346s] -- Up-to-date: /home/cstar/Documents/brs_ws/ros_ws/install/turtlebot3_msgs/include/turtlebot3_msgs/turtlebot3_msgs/msg/detail
[2.346s] -- Up-to-date: /home/cstar/Documents/brs_ws/ros_ws/install/turtlebot3_msgs/include/turtlebot3_msgs/turtlebot3_msgs/msg/detail/version_info__builder.hpp
[2.346s] -- Up-to-date: /home/cstar/Documents/brs_ws/ros_ws/install/turtlebot3_msgs/include/turtlebot3_msgs/turtlebot3_msgs/msg/detail/sensor_state__struct.hpp
[2.346s] -- Up-to-date: /home/cstar/Documents/brs_ws/ros_ws/install/turtlebot3_msgs/include/turtlebot3_msgs/turtlebot3_msgs/msg/detail/sound__traits.hpp
[2.346s] -- Up-to-date: /home/cstar/Documents/brs_ws/ros_ws/install/turtlebot3_msgs/include/turtlebot3_msgs/turtlebot3_msgs/msg/detail/version_info__traits.hpp
[2.346s] -- Up-to-date: /home/cstar/Documents/brs_ws/ros_ws/install/turtlebot3_msgs/include/turtlebot3_msgs/turtlebot3_msgs/msg/detail/sound__builder.hpp
[2.346s] -- Up-to-date: /home/cstar/Documents/brs_ws/ros_ws/install/turtlebot3_msgs/include/turtlebot3_msgs/turtlebot3_msgs/msg/detail/sound__struct.hpp
[2.346s] -- Up-to-date: /home/cstar/Documents/brs_ws/ros_ws/install/turtlebot3_msgs/include/turtlebot3_msgs/turtlebot3_msgs/msg/detail/sensor_state__builder.hpp
[2.346s] -- Up-to-date: /home/cstar/Documents/brs_ws/ros_ws/install/turtlebot3_msgs/include/turtlebot3_msgs/turtlebot3_msgs/msg/detail/sensor_state__traits.hpp
[2.346s] -- Up-to-date: /home/cstar/Documents/brs_ws/ros_ws/install/turtlebot3_msgs/include/turtlebot3_msgs/turtlebot3_msgs/msg/detail/version_info__struct.hpp
[2.347s] -- Up-to-date: /home/cstar/Documents/brs_ws/ros_ws/install/turtlebot3_msgs/include/turtlebot3_msgs/turtlebot3_msgs/msg/version_info.hpp
[2.347s] -- Up-to-date: /home/cstar/Documents/brs_ws/ros_ws/install/turtlebot3_msgs/include/turtlebot3_msgs/turtlebot3_msgs
[2.347s] -- Up-to-date: /home/cstar/Documents/brs_ws/ros_ws/install/turtlebot3_msgs/include/turtlebot3_msgs/turtlebot3_msgs/action
[2.347s] -- Up-to-date: /home/cstar/Documents/brs_ws/ros_ws/install/turtlebot3_msgs/include/turtlebot3_msgs/turtlebot3_msgs/action/detail
[2.347s] -- Up-to-date: /home/cstar/Documents/brs_ws/ros_ws/install/turtlebot3_msgs/include/turtlebot3_msgs/turtlebot3_msgs/action/detail/dds_fastrtps
[2.347s] -- Up-to-date: /home/cstar/Documents/brs_ws/ros_ws/install/turtlebot3_msgs/include/turtlebot3_msgs/turtlebot3_msgs/action/detail/patrol__rosidl_typesupport_fastrtps_cpp.hpp
[2.347s] -- Up-to-date: /home/cstar/Documents/brs_ws/ros_ws/install/turtlebot3_msgs/include/turtlebot3_msgs/turtlebot3_msgs/srv
[2.347s] -- Up-to-date: /home/cstar/Documents/brs_ws/ros_ws/install/turtlebot3_msgs/include/turtlebot3_msgs/turtlebot3_msgs/srv/detail
[2.347s] -- Up-to-date: /home/cstar/Documents/brs_ws/ros_ws/install/turtlebot3_msgs/include/turtlebot3_msgs/turtlebot3_msgs/srv/detail/sound__rosidl_typesupport_fastrtps_cpp.hpp
[2.347s] -- Up-to-date: /home/cstar/Documents/brs_ws/ros_ws/install/turtlebot3_msgs/include/turtlebot3_msgs/turtlebot3_msgs/srv/detail/dds_fastrtps
[2.347s] -- Up-to-date: /home/cstar/Documents/brs_ws/ros_ws/install/turtlebot3_msgs/include/turtlebot3_msgs/turtlebot3_msgs/srv/detail/dqn__rosidl_typesupport_fastrtps_cpp.hpp
[2.347s] -- Up-to-date: /home/cstar/Documents/brs_ws/ros_ws/install/turtlebot3_msgs/include/turtlebot3_msgs/turtlebot3_msgs/msg
[2.347s] -- Up-to-date: /home/cstar/Documents/brs_ws/ros_ws/install/turtlebot3_msgs/include/turtlebot3_msgs/turtlebot3_msgs/msg/rosidl_typesupport_fastrtps_cpp__visibility_control.h
[2.347s] -- Up-to-date: /home/cstar/Documents/brs_ws/ros_ws/install/turtlebot3_msgs/include/turtlebot3_msgs/turtlebot3_msgs/msg/detail
[2.347s] -- Up-to-date: /home/cstar/Documents/brs_ws/ros_ws/install/turtlebot3_msgs/include/turtlebot3_msgs/turtlebot3_msgs/msg/detail/sound__rosidl_typesupport_fastrtps_cpp.hpp
[2.348s] -- Up-to-date: /home/cstar/Documents/brs_ws/ros_ws/install/turtlebot3_msgs/include/turtlebot3_msgs/turtlebot3_msgs/msg/detail/dds_fastrtps
[2.348s] -- Up-to-date: /home/cstar/Documents/brs_ws/ros_ws/install/turtlebot3_msgs/include/turtlebot3_msgs/turtlebot3_msgs/msg/detail/sensor_state__rosidl_typesupport_fastrtps_cpp.hpp
[2.348s] -- Up-to-date: /home/cstar/Documents/brs_ws/ros_ws/install/turtlebot3_msgs/include/turtlebot3_msgs/turtlebot3_msgs/msg/detail/version_info__rosidl_typesupport_fastrtps_cpp.hpp
[2.348s] -- Up-to-date: /home/cstar/Documents/brs_ws/ros_ws/install/turtlebot3_msgs/lib/libturtlebot3_msgs__rosidl_typesupport_fastrtps_cpp.so
[2.348s] -- Up-to-date: /home/cstar/Documents/brs_ws/ros_ws/install/turtlebot3_msgs/include/turtlebot3_msgs/turtlebot3_msgs
[2.348s] -- Up-to-date: /home/cstar/Documents/brs_ws/ros_ws/install/turtlebot3_msgs/include/turtlebot3_msgs/turtlebot3_msgs/action
[2.348s] -- Up-to-date: /home/cstar/Documents/brs_ws/ros_ws/install/turtlebot3_msgs/include/turtlebot3_msgs/turtlebot3_msgs/action/detail
[2.349s] -- Up-to-date: /home/cstar/Documents/brs_ws/ros_ws/install/turtlebot3_msgs/include/turtlebot3_msgs/turtlebot3_msgs/action/detail/patrol__rosidl_typesupport_introspection_c.h
[2.349s] -- Up-to-date: /home/cstar/Documents/brs_ws/ros_ws/install/turtlebot3_msgs/include/turtlebot3_msgs/turtlebot3_msgs/action/detail/patrol__type_support.c
[2.349s] -- Up-to-date: /home/cstar/Documents/brs_ws/ros_ws/install/turtlebot3_msgs/include/turtlebot3_msgs/turtlebot3_msgs/srv
[2.349s] -- Up-to-date: /home/cstar/Documents/brs_ws/ros_ws/install/turtlebot3_msgs/include/turtlebot3_msgs/turtlebot3_msgs/srv/detail
[2.349s] -- Up-to-date: /home/cstar/Documents/brs_ws/ros_ws/install/turtlebot3_msgs/include/turtlebot3_msgs/turtlebot3_msgs/srv/detail/dqn__rosidl_typesupport_introspection_c.h
[2.349s] -- Up-to-date: /home/cstar/Documents/brs_ws/ros_ws/install/turtlebot3_msgs/include/turtlebot3_msgs/turtlebot3_msgs/srv/detail/sound__rosidl_typesupport_introspection_c.h
[2.349s] -- Up-to-date: /home/cstar/Documents/brs_ws/ros_ws/install/turtlebot3_msgs/include/turtlebot3_msgs/turtlebot3_msgs/srv/detail/sound__type_support.c
[2.349s] -- Up-to-date: /home/cstar/Documents/brs_ws/ros_ws/install/turtlebot3_msgs/include/turtlebot3_msgs/turtlebot3_msgs/srv/detail/dqn__type_support.c
[2.349s] -- Up-to-date: /home/cstar/Documents/brs_ws/ros_ws/install/turtlebot3_msgs/include/turtlebot3_msgs/turtlebot3_msgs/msg
[2.349s] -- Up-to-date: /home/cstar/Documents/brs_ws/ros_ws/install/turtlebot3_msgs/include/turtlebot3_msgs/turtlebot3_msgs/msg/rosidl_typesupport_introspection_c__visibility_control.h
[2.349s] -- Up-to-date: /home/cstar/Documents/brs_ws/ros_ws/install/turtlebot3_msgs/include/turtlebot3_msgs/turtlebot3_msgs/msg/detail
[2.349s] -- Up-to-date: /home/cstar/Documents/brs_ws/ros_ws/install/turtlebot3_msgs/include/turtlebot3_msgs/turtlebot3_msgs/msg/detail/version_info__rosidl_typesupport_introspection_c.h
[2.349s] -- Up-to-date: /home/cstar/Documents/brs_ws/ros_ws/install/turtlebot3_msgs/include/turtlebot3_msgs/turtlebot3_msgs/msg/detail/version_info__type_support.c
[2.349s] -- Up-to-date: /home/cstar/Documents/brs_ws/ros_ws/install/turtlebot3_msgs/include/turtlebot3_msgs/turtlebot3_msgs/msg/detail/sensor_state__rosidl_typesupport_introspection_c.h
[2.349s] -- Up-to-date: /home/cstar/Documents/brs_ws/ros_ws/install/turtlebot3_msgs/include/turtlebot3_msgs/turtlebot3_msgs/msg/detail/sound__rosidl_typesupport_introspection_c.h
[2.349s] -- Up-to-date: /home/cstar/Documents/brs_ws/ros_ws/install/turtlebot3_msgs/include/turtlebot3_msgs/turtlebot3_msgs/msg/detail/sensor_state__type_support.c
[2.349s] -- Up-to-date: /home/cstar/Documents/brs_ws/ros_ws/install/turtlebot3_msgs/include/turtlebot3_msgs/turtlebot3_msgs/msg/detail/sound__type_support.c
[2.373s] -- Up-to-date: /home/cstar/Documents/brs_ws/ros_ws/install/turtlebot3_msgs/lib/libturtlebot3_msgs__rosidl_typesupport_introspection_c.so
[2.374s] -- Up-to-date: /home/cstar/Documents/brs_ws/ros_ws/install/turtlebot3_msgs/lib/libturtlebot3_msgs__rosidl_typesupport_c.so
[2.374s] -- Up-to-date: /home/cstar/Documents/brs_ws/ros_ws/install/turtlebot3_msgs/include/turtlebot3_msgs/turtlebot3_msgs
[2.374s] -- Up-to-date: /home/cstar/Documents/brs_ws/ros_ws/install/turtlebot3_msgs/include/turtlebot3_msgs/turtlebot3_msgs/action
[2.374s] -- Up-to-date: /home/cstar/Documents/brs_ws/ros_ws/install/turtlebot3_msgs/include/turtlebot3_msgs/turtlebot3_msgs/action/detail
[2.374s] -- Up-to-date: /home/cstar/Documents/brs_ws/ros_ws/install/turtlebot3_msgs/include/turtlebot3_msgs/turtlebot3_msgs/action/detail/patrol__type_support.cpp
[2.374s] -- Up-to-date: /home/cstar/Documents/brs_ws/ros_ws/install/turtlebot3_msgs/include/turtlebot3_msgs/turtlebot3_msgs/action/detail/patrol__rosidl_typesupport_introspection_cpp.hpp
[2.374s] -- Up-to-date: /home/cstar/Documents/brs_ws/ros_ws/install/turtlebot3_msgs/include/turtlebot3_msgs/turtlebot3_msgs/srv
[2.374s] -- Up-to-date: /home/cstar/Documents/brs_ws/ros_ws/install/turtlebot3_msgs/include/turtlebot3_msgs/turtlebot3_msgs/srv/detail
[2.374s] -- Up-to-date: /home/cstar/Documents/brs_ws/ros_ws/install/turtlebot3_msgs/include/turtlebot3_msgs/turtlebot3_msgs/srv/detail/dqn__type_support.cpp
[2.374s] -- Up-to-date: /home/cstar/Documents/brs_ws/ros_ws/install/turtlebot3_msgs/include/turtlebot3_msgs/turtlebot3_msgs/srv/detail/sound__rosidl_typesupport_introspection_cpp.hpp
[2.374s] -- Up-to-date: /home/cstar/Documents/brs_ws/ros_ws/install/turtlebot3_msgs/include/turtlebot3_msgs/turtlebot3_msgs/srv/detail/dqn__rosidl_typesupport_introspection_cpp.hpp
[2.374s] -- Up-to-date: /home/cstar/Documents/brs_ws/ros_ws/install/turtlebot3_msgs/include/turtlebot3_msgs/turtlebot3_msgs/srv/detail/sound__type_support.cpp
[2.374s] -- Up-to-date: /home/cstar/Documents/brs_ws/ros_ws/install/turtlebot3_msgs/include/turtlebot3_msgs/turtlebot3_msgs/msg
[2.374s] -- Up-to-date: /home/cstar/Documents/brs_ws/ros_ws/install/turtlebot3_msgs/include/turtlebot3_msgs/turtlebot3_msgs/msg/detail
[2.374s] -- Up-to-date: /home/cstar/Documents/brs_ws/ros_ws/install/turtlebot3_msgs/include/turtlebot3_msgs/turtlebot3_msgs/msg/detail/sound__rosidl_typesupport_introspection_cpp.hpp
[2.374s] -- Up-to-date: /home/cstar/Documents/brs_ws/ros_ws/install/turtlebot3_msgs/include/turtlebot3_msgs/turtlebot3_msgs/msg/detail/version_info__rosidl_typesupport_introspection_cpp.hpp
[2.374s] -- Up-to-date: /home/cstar/Documents/brs_ws/ros_ws/install/turtlebot3_msgs/include/turtlebot3_msgs/turtlebot3_msgs/msg/detail/sensor_state__type_support.cpp
[2.374s] -- Up-to-date: /home/cstar/Documents/brs_ws/ros_ws/install/turtlebot3_msgs/include/turtlebot3_msgs/turtlebot3_msgs/msg/detail/sensor_state__rosidl_typesupport_introspection_cpp.hpp
[2.374s] -- Up-to-date: /home/cstar/Documents/brs_ws/ros_ws/install/turtlebot3_msgs/include/turtlebot3_msgs/turtlebot3_msgs/msg/detail/version_info__type_support.cpp
[2.374s] -- Up-to-date: /home/cstar/Documents/brs_ws/ros_ws/install/turtlebot3_msgs/include/turtlebot3_msgs/turtlebot3_msgs/msg/detail/sound__type_support.cpp
[2.442s] -- Up-to-date: /home/cstar/Documents/brs_ws/ros_ws/install/turtlebot3_msgs/lib/libturtlebot3_msgs__rosidl_typesupport_introspection_cpp.so
[2.443s] -- Up-to-date: /home/cstar/Documents/brs_ws/ros_ws/install/turtlebot3_msgs/lib/libturtlebot3_msgs__rosidl_typesupport_cpp.so
[2.443s] -- Up-to-date: /home/cstar/Documents/brs_ws/ros_ws/install/turtlebot3_msgs/share/turtlebot3_msgs/environment/pythonpath.sh
[2.444s] -- Up-to-date: /home/cstar/Documents/brs_ws/ros_ws/install/turtlebot3_msgs/share/turtlebot3_msgs/environment/pythonpath.dsv
[2.444s] -- Up-to-date: /home/cstar/Documents/brs_ws/ros_ws/install/turtlebot3_msgs/local/lib/python3.10/dist-packages/turtlebot3_msgs-2.2.3-py3.10.egg-info
[2.444s] -- Installing: /home/cstar/Documents/brs_ws/ros_ws/install/turtlebot3_msgs/local/lib/python3.10/dist-packages/turtlebot3_msgs-2.2.3-py3.10.egg-info/dependency_links.txt
[2.445s] -- Installing: /home/cstar/Documents/brs_ws/ros_ws/install/turtlebot3_msgs/local/lib/python3.10/dist-packages/turtlebot3_msgs-2.2.3-py3.10.egg-info/PKG-INFO
[2.445s] -- Installing: /home/cstar/Documents/brs_ws/ros_ws/install/turtlebot3_msgs/local/lib/python3.10/dist-packages/turtlebot3_msgs-2.2.3-py3.10.egg-info/SOURCES.txt
[2.445s] -- Installing: /home/cstar/Documents/brs_ws/ros_ws/install/turtlebot3_msgs/local/lib/python3.10/dist-packages/turtlebot3_msgs-2.2.3-py3.10.egg-info/top_level.txt
[2.446s] -- Up-to-date: /home/cstar/Documents/brs_ws/ros_ws/install/turtlebot3_msgs/local/lib/python3.10/dist-packages/turtlebot3_msgs
[2.446s] -- Up-to-date: /home/cstar/Documents/brs_ws/ros_ws/install/turtlebot3_msgs/local/lib/python3.10/dist-packages/turtlebot3_msgs/_turtlebot3_msgs_s.ep.rosidl_typesupport_c.c
[2.446s] -- Up-to-date: /home/cstar/Documents/brs_ws/ros_ws/install/turtlebot3_msgs/local/lib/python3.10/dist-packages/turtlebot3_msgs/action
[2.446s] -- Up-to-date: /home/cstar/Documents/brs_ws/ros_ws/install/turtlebot3_msgs/local/lib/python3.10/dist-packages/turtlebot3_msgs/action/__init__.py
[2.446s] -- Up-to-date: /home/cstar/Documents/brs_ws/ros_ws/install/turtlebot3_msgs/local/lib/python3.10/dist-packages/turtlebot3_msgs/action/_patrol.py
[2.447s] -- Up-to-date: /home/cstar/Documents/brs_ws/ros_ws/install/turtlebot3_msgs/local/lib/python3.10/dist-packages/turtlebot3_msgs/action/_patrol_s.c
[2.447s] -- Up-to-date: /home/cstar/Documents/brs_ws/ros_ws/install/turtlebot3_msgs/local/lib/python3.10/dist-packages/turtlebot3_msgs/libturtlebot3_msgs__rosidl_generator_py.so
[2.447s] -- Up-to-date: /home/cstar/Documents/brs_ws/ros_ws/install/turtlebot3_msgs/local/lib/python3.10/dist-packages/turtlebot3_msgs/__init__.py
[2.447s] -- Up-to-date: /home/cstar/Documents/brs_ws/ros_ws/install/turtlebot3_msgs/local/lib/python3.10/dist-packages/turtlebot3_msgs/srv
[2.447s] -- Up-to-date: /home/cstar/Documents/brs_ws/ros_ws/install/turtlebot3_msgs/local/lib/python3.10/dist-packages/turtlebot3_msgs/srv/_dqn.py
[2.447s] -- Up-to-date: /home/cstar/Documents/brs_ws/ros_ws/install/turtlebot3_msgs/local/lib/python3.10/dist-packages/turtlebot3_msgs/srv/__init__.py
[2.447s] -- Up-to-date: /home/cstar/Documents/brs_ws/ros_ws/install/turtlebot3_msgs/local/lib/python3.10/dist-packages/turtlebot3_msgs/srv/_sound.py
[2.447s] -- Up-to-date: /home/cstar/Documents/brs_ws/ros_ws/install/turtlebot3_msgs/local/lib/python3.10/dist-packages/turtlebot3_msgs/srv/_dqn_s.c
[2.448s] -- Up-to-date: /home/cstar/Documents/brs_ws/ros_ws/install/turtlebot3_msgs/local/lib/python3.10/dist-packages/turtlebot3_msgs/srv/_sound_s.c
[2.448s] -- Up-to-date: /home/cstar/Documents/brs_ws/ros_ws/install/turtlebot3_msgs/local/lib/python3.10/dist-packages/turtlebot3_msgs/_turtlebot3_msgs_s.ep.rosidl_typesupport_introspection_c.c
[2.448s] -- Up-to-date: /home/cstar/Documents/brs_ws/ros_ws/install/turtlebot3_msgs/local/lib/python3.10/dist-packages/turtlebot3_msgs/msg
[2.448s] -- Up-to-date: /home/cstar/Documents/brs_ws/ros_ws/install/turtlebot3_msgs/local/lib/python3.10/dist-packages/turtlebot3_msgs/msg/_sensor_state.py
[2.448s] -- Up-to-date: /home/cstar/Documents/brs_ws/ros_ws/install/turtlebot3_msgs/local/lib/python3.10/dist-packages/turtlebot3_msgs/msg/__init__.py
[2.448s] -- Up-to-date: /home/cstar/Documents/brs_ws/ros_ws/install/turtlebot3_msgs/local/lib/python3.10/dist-packages/turtlebot3_msgs/msg/_version_info_s.c
[2.448s] -- Up-to-date: /home/cstar/Documents/brs_ws/ros_ws/install/turtlebot3_msgs/local/lib/python3.10/dist-packages/turtlebot3_msgs/msg/_sound.py
[2.448s] -- Up-to-date: /home/cstar/Documents/brs_ws/ros_ws/install/turtlebot3_msgs/local/lib/python3.10/dist-packages/turtlebot3_msgs/msg/_sensor_state_s.c
[2.448s] -- Up-to-date: /home/cstar/Documents/brs_ws/ros_ws/install/turtlebot3_msgs/local/lib/python3.10/dist-packages/turtlebot3_msgs/msg/_version_info.py
[2.448s] -- Up-to-date: /home/cstar/Documents/brs_ws/ros_ws/install/turtlebot3_msgs/local/lib/python3.10/dist-packages/turtlebot3_msgs/msg/_sound_s.c
[2.448s] -- Up-to-date: /home/cstar/Documents/brs_ws/ros_ws/install/turtlebot3_msgs/local/lib/python3.10/dist-packages/turtlebot3_msgs/turtlebot3_msgs_s__rosidl_typesupport_c.cpython-310-x86_64-linux-gnu.so
[2.448s] -- Up-to-date: /home/cstar/Documents/brs_ws/ros_ws/install/turtlebot3_msgs/local/lib/python3.10/dist-packages/turtlebot3_msgs/_turtlebot3_msgs_s.ep.rosidl_typesupport_fastrtps_c.c
[2.448s] -- Up-to-date: /home/cstar/Documents/brs_ws/ros_ws/install/turtlebot3_msgs/local/lib/python3.10/dist-packages/turtlebot3_msgs/turtlebot3_msgs_s__rosidl_typesupport_fastrtps_c.cpython-310-x86_64-linux-gnu.so
[2.448s] -- Up-to-date: /home/cstar/Documents/brs_ws/ros_ws/install/turtlebot3_msgs/local/lib/python3.10/dist-packages/turtlebot3_msgs/turtlebot3_msgs_s__rosidl_typesupport_introspection_c.cpython-310-x86_64-linux-gnu.so
[2.571s] Listing '/home/cstar/Documents/brs_ws/ros_ws/install/turtlebot3_msgs/local/lib/python3.10/dist-packages/turtlebot3_msgs'...
[2.572s] Listing '/home/cstar/Documents/brs_ws/ros_ws/install/turtlebot3_msgs/local/lib/python3.10/dist-packages/turtlebot3_msgs/action'...
[2.572s] Listing '/home/cstar/Documents/brs_ws/ros_ws/install/turtlebot3_msgs/local/lib/python3.10/dist-packages/turtlebot3_msgs/msg'...
[2.572s] Listing '/home/cstar/Documents/brs_ws/ros_ws/install/turtlebot3_msgs/local/lib/python3.10/dist-packages/turtlebot3_msgs/srv'...
[2.576s] -- Up-to-date: /home/cstar/Documents/brs_ws/ros_ws/install/turtlebot3_msgs/local/lib/python3.10/dist-packages/turtlebot3_msgs/turtlebot3_msgs_s__rosidl_typesupport_fastrtps_c.cpython-310-x86_64-linux-gnu.so
[2.587s] -- Up-to-date: /home/cstar/Documents/brs_ws/ros_ws/install/turtlebot3_msgs/local/lib/python3.10/dist-packages/turtlebot3_msgs/turtlebot3_msgs_s__rosidl_typesupport_introspection_c.cpython-310-x86_64-linux-gnu.so
[2.613s] -- Up-to-date: /home/cstar/Documents/brs_ws/ros_ws/install/turtlebot3_msgs/local/lib/python3.10/dist-packages/turtlebot3_msgs/turtlebot3_msgs_s__rosidl_typesupport_c.cpython-310-x86_64-linux-gnu.so
[2.646s] -- Up-to-date: /home/cstar/Documents/brs_ws/ros_ws/install/turtlebot3_msgs/lib/libturtlebot3_msgs__rosidl_generator_py.so
[2.646s] -- Up-to-date: /home/cstar/Documents/brs_ws/ros_ws/install/turtlebot3_msgs/share/turtlebot3_msgs/msg/SensorState.idl
[2.646s] -- Up-to-date: /home/cstar/Documents/brs_ws/ros_ws/install/turtlebot3_msgs/share/turtlebot3_msgs/msg/Sound.idl
[2.647s] -- Up-to-date: /home/cstar/Documents/brs_ws/ros_ws/install/turtlebot3_msgs/share/turtlebot3_msgs/msg/VersionInfo.idl
[2.647s] -- Up-to-date: /home/cstar/Documents/brs_ws/ros_ws/install/turtlebot3_msgs/share/turtlebot3_msgs/srv/Sound.idl
[2.647s] -- Up-to-date: /home/cstar/Documents/brs_ws/ros_ws/install/turtlebot3_msgs/share/turtlebot3_msgs/srv/Dqn.idl
[2.647s] -- Up-to-date: /home/cstar/Documents/brs_ws/ros_ws/install/turtlebot3_msgs/share/turtlebot3_msgs/action/Patrol.idl
[2.647s] -- Up-to-date: /home/cstar/Documents/brs_ws/ros_ws/install/turtlebot3_msgs/share/turtlebot3_msgs/msg/SensorState.msg
[2.647s] -- Up-to-date: /home/cstar/Documents/brs_ws/ros_ws/install/turtlebot3_msgs/share/turtlebot3_msgs/msg/Sound.msg
[2.647s] -- Up-to-date: /home/cstar/Documents/brs_ws/ros_ws/install/turtlebot3_msgs/share/turtlebot3_msgs/msg/VersionInfo.msg
[2.647s] -- Up-to-date: /home/cstar/Documents/brs_ws/ros_ws/install/turtlebot3_msgs/share/turtlebot3_msgs/srv/Sound.srv
[2.647s] -- Up-to-date: /home/cstar/Documents/brs_ws/ros_ws/install/turtlebot3_msgs/share/turtlebot3_msgs/srv/Sound_Request.msg
[2.647s] -- Up-to-date: /home/cstar/Documents/brs_ws/ros_ws/install/turtlebot3_msgs/share/turtlebot3_msgs/srv/Sound_Response.msg
[2.647s] -- Up-to-date: /home/cstar/Documents/brs_ws/ros_ws/install/turtlebot3_msgs/share/turtlebot3_msgs/srv/Dqn.srv
[2.647s] -- Up-to-date: /home/cstar/Documents/brs_ws/ros_ws/install/turtlebot3_msgs/share/turtlebot3_msgs/srv/Dqn_Request.msg
[2.647s] -- Up-to-date: /home/cstar/Documents/brs_ws/ros_ws/install/turtlebot3_msgs/share/turtlebot3_msgs/srv/Dqn_Response.msg
[2.647s] -- Up-to-date: /home/cstar/Documents/brs_ws/ros_ws/install/turtlebot3_msgs/share/turtlebot3_msgs/action/Patrol.action
[2.647s] -- Up-to-date: /home/cstar/Documents/brs_ws/ros_ws/install/turtlebot3_msgs/share/ament_index/resource_index/package_run_dependencies/turtlebot3_msgs
[2.647s] -- Up-to-date: /home/cstar/Documents/brs_ws/ros_ws/install/turtlebot3_msgs/share/ament_index/resource_index/parent_prefix_path/turtlebot3_msgs
[2.647s] -- Up-to-date: /home/cstar/Documents/brs_ws/ros_ws/install/turtlebot3_msgs/share/turtlebot3_msgs/environment/ament_prefix_path.sh
[2.647s] -- Up-to-date: /home/cstar/Documents/brs_ws/ros_ws/install/turtlebot3_msgs/share/turtlebot3_msgs/environment/ament_prefix_path.dsv
[2.647s] -- Up-to-date: /home/cstar/Documents/brs_ws/ros_ws/install/turtlebot3_msgs/share/turtlebot3_msgs/environment/path.sh
[2.647s] -- Up-to-date: /home/cstar/Documents/brs_ws/ros_ws/install/turtlebot3_msgs/share/turtlebot3_msgs/environment/path.dsv
[2.647s] -- Up-to-date: /home/cstar/Documents/brs_ws/ros_ws/install/turtlebot3_msgs/share/turtlebot3_msgs/local_setup.bash
[2.647s] -- Up-to-date: /home/cstar/Documents/brs_ws/ros_ws/install/turtlebot3_msgs/share/turtlebot3_msgs/local_setup.sh
[2.647s] -- Up-to-date: /home/cstar/Documents/brs_ws/ros_ws/install/turtlebot3_msgs/share/turtlebot3_msgs/local_setup.zsh
[2.648s] -- Up-to-date: /home/cstar/Documents/brs_ws/ros_ws/install/turtlebot3_msgs/share/turtlebot3_msgs/local_setup.dsv
[2.648s] -- Installing: /home/cstar/Documents/brs_ws/ros_ws/install/turtlebot3_msgs/share/turtlebot3_msgs/package.dsv
[2.648s] -- Up-to-date: /home/cstar/Documents/brs_ws/ros_ws/install/turtlebot3_msgs/share/ament_index/resource_index/packages/turtlebot3_msgs
[2.682s] -- Up-to-date: /home/cstar/Documents/brs_ws/ros_ws/install/turtlebot3_msgs/share/turtlebot3_msgs/cmake/export_turtlebot3_msgs__rosidl_generator_cExport.cmake
[2.682s] -- Up-to-date: /home/cstar/Documents/brs_ws/ros_ws/install/turtlebot3_msgs/share/turtlebot3_msgs/cmake/export_turtlebot3_msgs__rosidl_generator_cExport-noconfig.cmake
[2.682s] -- Up-to-date: /home/cstar/Documents/brs_ws/ros_ws/install/turtlebot3_msgs/share/turtlebot3_msgs/cmake/export_turtlebot3_msgs__rosidl_typesupport_fastrtps_cExport.cmake
[2.682s] -- Up-to-date: /home/cstar/Documents/brs_ws/ros_ws/install/turtlebot3_msgs/share/turtlebot3_msgs/cmake/export_turtlebot3_msgs__rosidl_typesupport_fastrtps_cExport-noconfig.cmake
[2.694s] -- Up-to-date: /home/cstar/Documents/brs_ws/ros_ws/install/turtlebot3_msgs/share/turtlebot3_msgs/cmake/export_turtlebot3_msgs__rosidl_generator_cppExport.cmake
[2.695s] -- Up-to-date: /home/cstar/Documents/brs_ws/ros_ws/install/turtlebot3_msgs/share/turtlebot3_msgs/cmake/export_turtlebot3_msgs__rosidl_typesupport_fastrtps_cppExport.cmake
[2.695s] -- Up-to-date: /home/cstar/Documents/brs_ws/ros_ws/install/turtlebot3_msgs/share/turtlebot3_msgs/cmake/export_turtlebot3_msgs__rosidl_typesupport_fastrtps_cppExport-noconfig.cmake
[2.695s] -- Up-to-date: /home/cstar/Documents/brs_ws/ros_ws/install/turtlebot3_msgs/share/turtlebot3_msgs/cmake/turtlebot3_msgs__rosidl_typesupport_introspection_cExport.cmake
[2.695s] -- Up-to-date: /home/cstar/Documents/brs_ws/ros_ws/install/turtlebot3_msgs/share/turtlebot3_msgs/cmake/turtlebot3_msgs__rosidl_typesupport_introspection_cExport-noconfig.cmake
[2.698s] -- Up-to-date: /home/cstar/Documents/brs_ws/ros_ws/install/turtlebot3_msgs/share/turtlebot3_msgs/cmake/turtlebot3_msgs__rosidl_typesupport_cExport.cmake
[2.698s] -- Up-to-date: /home/cstar/Documents/brs_ws/ros_ws/install/turtlebot3_msgs/share/turtlebot3_msgs/cmake/turtlebot3_msgs__rosidl_typesupport_cExport-noconfig.cmake
[2.699s] -- Up-to-date: /home/cstar/Documents/brs_ws/ros_ws/install/turtlebot3_msgs/share/turtlebot3_msgs/cmake/turtlebot3_msgs__rosidl_typesupport_introspection_cppExport.cmake
[2.699s] -- Up-to-date: /home/cstar/Documents/brs_ws/ros_ws/install/turtlebot3_msgs/share/turtlebot3_msgs/cmake/turtlebot3_msgs__rosidl_typesupport_introspection_cppExport-noconfig.cmake
[2.699s] -- Up-to-date: /home/cstar/Documents/brs_ws/ros_ws/install/turtlebot3_msgs/share/turtlebot3_msgs/cmake/turtlebot3_msgs__rosidl_typesupport_cppExport.cmake
[2.699s] -- Up-to-date: /home/cstar/Documents/brs_ws/ros_ws/install/turtlebot3_msgs/share/turtlebot3_msgs/cmake/turtlebot3_msgs__rosidl_typesupport_cppExport-noconfig.cmake
[2.703s] -- Up-to-date: /home/cstar/Documents/brs_ws/ros_ws/install/turtlebot3_msgs/share/turtlebot3_msgs/cmake/export_turtlebot3_msgs__rosidl_generator_pyExport.cmake
[2.703s] -- Up-to-date: /home/cstar/Documents/brs_ws/ros_ws/install/turtlebot3_msgs/share/turtlebot3_msgs/cmake/export_turtlebot3_msgs__rosidl_generator_pyExport-noconfig.cmake
[2.703s] -- Up-to-date: /home/cstar/Documents/brs_ws/ros_ws/install/turtlebot3_msgs/share/turtlebot3_msgs/cmake/rosidl_cmake-extras.cmake
[2.703s] -- Up-to-date: /home/cstar/Documents/brs_ws/ros_ws/install/turtlebot3_msgs/share/turtlebot3_msgs/cmake/ament_cmake_export_dependencies-extras.cmake
[2.703s] -- Up-to-date: /home/cstar/Documents/brs_ws/ros_ws/install/turtlebot3_msgs/share/turtlebot3_msgs/cmake/ament_cmake_export_include_directories-extras.cmake
[2.703s] -- Up-to-date: /home/cstar/Documents/brs_ws/ros_ws/install/turtlebot3_msgs/share/turtlebot3_msgs/cmake/ament_cmake_export_libraries-extras.cmake
[2.703s] -- Up-to-date: /home/cstar/Documents/brs_ws/ros_ws/install/turtlebot3_msgs/share/turtlebot3_msgs/cmake/ament_cmake_export_targets-extras.cmake
[2.703s] -- Up-to-date: /home/cstar/Documents/brs_ws/ros_ws/install/turtlebot3_msgs/share/turtlebot3_msgs/cmake/rosidl_cmake_export_typesupport_targets-extras.cmake
[2.703s] -- Up-to-date: /home/cstar/Documents/brs_ws/ros_ws/install/turtlebot3_msgs/share/turtlebot3_msgs/cmake/rosidl_cmake_export_typesupport_libraries-extras.cmake
[2.703s] -- Up-to-date: /home/cstar/Documents/brs_ws/ros_ws/install/turtlebot3_msgs/share/turtlebot3_msgs/cmake/turtlebot3_msgsConfig.cmake
[2.703s] -- Up-to-date: /home/cstar/Documents/brs_ws/ros_ws/install/turtlebot3_msgs/share/turtlebot3_msgs/cmake/turtlebot3_msgsConfig-version.cmake
[2.703s] -- Up-to-date: /home/cstar/Documents/brs_ws/ros_ws/install/turtlebot3_msgs/share/turtlebot3_msgs/package.xml
[2.719s] Invoked command in '/home/cstar/Documents/brs_ws/ros_ws/build/turtlebot3_msgs' returned '0': CMAKE_PREFIX_PATH=${CMAKE_PREFIX_PATH}:/home/cstar/Documents/brs_ws/ros_ws/install/turtlebot3_teleop:/home/cstar/Documents/brs_ws/ros_ws/install/turtlebot3_example:/opt/ros/humble /usr/bin/cmake --install /home/cstar/Documents/brs_ws/ros_ws/build/turtlebot3_msgs
