[0.031s] Invoking command in '/home/cstar/Documents/brs_ws/ros_ws/build/turtlebot3_cartographer': CMAKE_PREFIX_PATH=/opt/ros/humble /usr/bin/cmake /home/cstar/Documents/brs_ws/ros_ws/src/turtlebot3/turtlebot3_cartographer -DCMAKE_INSTALL_PREFIX=/home/cstar/Documents/brs_ws/ros_ws/install/turtlebot3_cartographer
[0.644s] -- The C compiler identification is GNU 11.4.0
[1.125s] -- The CXX compiler identification is GNU 11.4.0
[1.199s] -- Detecting C compiler ABI info
[1.322s] -- Detecting C compiler ABI info - done
[1.327s] -- Check for working C compiler: /usr/bin/cc - skipped
[1.327s] -- Detecting C compile features
[1.353s] -- Detecting C compile features - done
[1.356s] -- Detecting CXX compiler ABI info
[1.495s] -- Detecting CXX compiler ABI info - done
[1.500s] -- Check for working CXX compiler: /usr/bin/c++ - skipped
[1.500s] -- Detecting CXX compile features
[1.501s] -- Detecting CXX compile features - done
[1.662s] -- Found ament_cmake: 1.3.9 (/opt/ros/humble/share/ament_cmake/cmake)
[1.857s] -- Found Python3: /usr/bin/python3 (found version "3.10.12") found components: Interpreter 
[2.466s] -- Configuring done
[2.467s] -- Generating done
[2.468s] -- Build files have been written to: /home/cstar/Documents/brs_ws/ros_ws/build/turtlebot3_cartographer
[2.471s] Invoked command in '/home/cstar/Documents/brs_ws/ros_ws/build/turtlebot3_cartographer' returned '0': CMAKE_PREFIX_PATH=/opt/ros/humble /usr/bin/cmake /home/cstar/Documents/brs_ws/ros_ws/src/turtlebot3/turtlebot3_cartographer -DCMAKE_INSTALL_PREFIX=/home/cstar/Documents/brs_ws/ros_ws/install/turtlebot3_cartographer
[2.472s] Invoking command in '/home/cstar/Documents/brs_ws/ros_ws/build/turtlebot3_cartographer': CMAKE_PREFIX_PATH=/opt/ros/humble /usr/bin/cmake --build /home/cstar/Documents/brs_ws/ros_ws/build/turtlebot3_cartographer -- -j16 -l16
[2.497s] Invoked command in '/home/cstar/Documents/brs_ws/ros_ws/build/turtlebot3_cartographer' returned '0': CMAKE_PREFIX_PATH=/opt/ros/humble /usr/bin/cmake --build /home/cstar/Documents/brs_ws/ros_ws/build/turtlebot3_cartographer -- -j16 -l16
[2.516s] Invoking command in '/home/cstar/Documents/brs_ws/ros_ws/build/turtlebot3_cartographer': CMAKE_PREFIX_PATH=/opt/ros/humble /usr/bin/cmake --install /home/cstar/Documents/brs_ws/ros_ws/build/turtlebot3_cartographer
[2.520s] -- Install configuration: ""
[2.520s] -- Installing: /home/cstar/Documents/brs_ws/ros_ws/install/turtlebot3_cartographer/share/turtlebot3_cartographer/config
[2.520s] -- Installing: /home/cstar/Documents/brs_ws/ros_ws/install/turtlebot3_cartographer/share/turtlebot3_cartographer/config/turtlebot3_lds_2d.lua
[2.520s] -- Installing: /home/cstar/Documents/brs_ws/ros_ws/install/turtlebot3_cartographer/share/turtlebot3_cartographer/launch
[2.521s] -- Installing: /home/cstar/Documents/brs_ws/ros_ws/install/turtlebot3_cartographer/share/turtlebot3_cartographer/launch/cartographer.launch.py
[2.521s] -- Installing: /home/cstar/Documents/brs_ws/ros_ws/install/turtlebot3_cartographer/share/turtlebot3_cartographer/launch/occupancy_grid.launch.py
[2.521s] -- Installing: /home/cstar/Documents/brs_ws/ros_ws/install/turtlebot3_cartographer/share/turtlebot3_cartographer/rviz
[2.521s] -- Installing: /home/cstar/Documents/brs_ws/ros_ws/install/turtlebot3_cartographer/share/turtlebot3_cartographer/rviz/tb3_cartographer.rviz
[2.521s] -- Installing: /home/cstar/Documents/brs_ws/ros_ws/install/turtlebot3_cartographer/share/ament_index/resource_index/package_run_dependencies/turtlebot3_cartographer
[2.521s] -- Installing: /home/cstar/Documents/brs_ws/ros_ws/install/turtlebot3_cartographer/share/ament_index/resource_index/parent_prefix_path/turtlebot3_cartographer
[2.521s] -- Installing: /home/cstar/Documents/brs_ws/ros_ws/install/turtlebot3_cartographer/share/turtlebot3_cartographer/environment/ament_prefix_path.sh
[2.521s] -- Installing: /home/cstar/Documents/brs_ws/ros_ws/install/turtlebot3_cartographer/share/turtlebot3_cartographer/environment/ament_prefix_path.dsv
[2.521s] -- Installing: /home/cstar/Documents/brs_ws/ros_ws/install/turtlebot3_cartographer/share/turtlebot3_cartographer/environment/path.sh
[2.521s] -- Installing: /home/cstar/Documents/brs_ws/ros_ws/install/turtlebot3_cartographer/share/turtlebot3_cartographer/environment/path.dsv
[2.521s] -- Installing: /home/cstar/Documents/brs_ws/ros_ws/install/turtlebot3_cartographer/share/turtlebot3_cartographer/local_setup.bash
[2.521s] -- Installing: /home/cstar/Documents/brs_ws/ros_ws/install/turtlebot3_cartographer/share/turtlebot3_cartographer/local_setup.sh
[2.521s] -- Installing: /home/cstar/Documents/brs_ws/ros_ws/install/turtlebot3_cartographer/share/turtlebot3_cartographer/local_setup.zsh
[2.521s] -- Installing: /home/cstar/Documents/brs_ws/ros_ws/install/turtlebot3_cartographer/share/turtlebot3_cartographer/local_setup.dsv
[2.521s] -- Installing: /home/cstar/Documents/brs_ws/ros_ws/install/turtlebot3_cartographer/share/turtlebot3_cartographer/package.dsv
[2.522s] -- Installing: /home/cstar/Documents/brs_ws/ros_ws/install/turtlebot3_cartographer/share/ament_index/resource_index/packages/turtlebot3_cartographer
[2.522s] -- Installing: /home/cstar/Documents/brs_ws/ros_ws/install/turtlebot3_cartographer/share/turtlebot3_cartographer/cmake/turtlebot3_cartographerConfig.cmake
[2.522s] -- Installing: /home/cstar/Documents/brs_ws/ros_ws/install/turtlebot3_cartographer/share/turtlebot3_cartographer/cmake/turtlebot3_cartographerConfig-version.cmake
[2.522s] -- Installing: /home/cstar/Documents/brs_ws/ros_ws/install/turtlebot3_cartographer/share/turtlebot3_cartographer/package.xml
[2.535s] Invoked command in '/home/cstar/Documents/brs_ws/ros_ws/build/turtlebot3_cartographer' returned '0': CMAKE_PREFIX_PATH=/opt/ros/humble /usr/bin/cmake --install /home/cstar/Documents/brs_ws/ros_ws/build/turtlebot3_cartographer
